Testsuite: com.topcoder.umltool.deploy.AllTests
Tests run: 259, Failures: 233, Errors: 26, Time elapsed: 3.219 sec
------------- Standard Error -----------------
java.io.FileNotFoundException: \Users\nanda\Documents\TopCoder\workspace-tcuml\UMLToolFrontend\test_files\SwingUnitScript\GenerateCode.xml (系统找不到指定的路径。)
	at java.io.FileInputStream.open(Native Method)
	at java.io.FileInputStream.<init>(FileInputStream.java:120)
	at java.io.FileInputStream.<init>(FileInputStream.java:79)
	at sun.net.www.protocol.file.FileURLConnection.connect(FileURLConnection.java:70)
	at sun.net.www.protocol.file.FileURLConnection.getInputStream(FileURLConnection.java:161)
	at com.sun.org.apache.xerces.internal.impl.XMLEntityManager.setupCurrentEntity(XMLEntityManager.java:652)
	at com.sun.org.apache.xerces.internal.impl.XMLVersionDetector.determineDocVersion(XMLVersionDetector.java:186)
	at com.sun.org.apache.xerces.internal.parsers.XML11Configuration.parse(XML11Configuration.java:772)
	at com.sun.org.apache.xerces.internal.parsers.XML11Configuration.parse(XML11Configuration.java:737)
	at com.sun.org.apache.xerces.internal.parsers.XMLParser.parse(XMLParser.java:119)
	at com.sun.org.apache.xerces.internal.parsers.AbstractSAXParser.parse(AbstractSAXParser.java:1205)
	at com.sun.org.apache.xerces.internal.jaxp.SAXParserImpl$JAXPSAXParser.parse(SAXParserImpl.java:522)
	at javax.xml.parsers.SAXParser.parse(SAXParser.java:395)
	at swingunit.framework.Scenario.read(Scenario.java:352)
	at swingunit.framework.Scenario.read(Scenario.java:310)
	at com.topcoder.umltool.deploy.codegen.test.FunctionalTests$1.setUp(FunctionalTests.java:42)
	at junit.extensions.TestSetup$1.protect(TestSetup.java:20)
	at junit.framework.TestResult.runProtected(TestResult.java:124)
	at junit.extensions.TestSetup.run(TestSetup.java:25)
	at junit.framework.TestSuite.runTest(TestSuite.java:230)
	at junit.framework.TestSuite.run(TestSuite.java:225)
	at junit.extensions.TestDecorator.basicRun(TestDecorator.java:24)
	at junit.extensions.TestSetup$1.protect(TestSetup.java:21)
	at junit.framework.TestResult.runProtected(TestResult.java:124)
	at junit.extensions.TestSetup.run(TestSetup.java:25)
	at junit.framework.TestSuite.runTest(TestSuite.java:230)
	at junit.framework.TestSuite.run(TestSuite.java:225)
	at org.apache.tools.ant.taskdefs.optional.junit.JUnitTestRunner.run(JUnitTestRunner.java:420)
	at org.apache.tools.ant.taskdefs.optional.junit.JUnitTestRunner.launch(JUnitTestRunner.java:911)
	at org.apache.tools.ant.taskdefs.optional.junit.JUnitTestRunner.main(JUnitTestRunner.java:768)
------------- ---------------- ---------------

Testcase: test1 took 0.001 sec
	FAILED
Test 1 failed.In class:TopCoder.WPF.KeyProviderImpl.Class_1
junit.framework.AssertionFailedError: Test 1 failed.In class:TopCoder.WPF.KeyProviderImpl.Class_1
	at com.topcoder.umltool.deploy.codegen.test.CTests.test1(CTests.java:98)
	at junit.extensions.TestDecorator.basicRun(TestDecorator.java:24)
	at junit.extensions.TestSetup$1.protect(TestSetup.java:21)
	at junit.extensions.TestSetup.run(TestSetup.java:25)
	at junit.extensions.TestDecorator.basicRun(TestDecorator.java:24)
	at junit.extensions.TestSetup$1.protect(TestSetup.java:21)
	at junit.extensions.TestSetup.run(TestSetup.java:25)

Testcase: test2 took 0 sec
	FAILED
Test 2 failed.With conext:/// <p>
/// WindowSizeManager documentation
/// </p>
junit.framework.AssertionFailedError: Test 2 failed.With conext:/// <p>
/// WindowSizeManager documentation
/// </p>
	at com.topcoder.umltool.deploy.codegen.test.CTests.test2(CTests.java:112)
	at junit.extensions.TestDecorator.basicRun(TestDecorator.java:24)
	at junit.extensions.TestSetup$1.protect(TestSetup.java:21)
	at junit.extensions.TestSetup.run(TestSetup.java:25)
	at junit.extensions.TestDecorator.basicRun(TestDecorator.java:24)
	at junit.extensions.TestSetup$1.protect(TestSetup.java:21)
	at junit.extensions.TestSetup.run(TestSetup.java:25)

Testcase: test3 took 0 sec
	FAILED
Test 3 failed.With context:public class Class_3{
junit.framework.AssertionFailedError: Test 3 failed.With context:public class Class_3{
	at com.topcoder.umltool.deploy.codegen.test.CTests.test3(CTests.java:125)
	at junit.extensions.TestDecorator.basicRun(TestDecorator.java:24)
	at junit.extensions.TestSetup$1.protect(TestSetup.java:21)
	at junit.extensions.TestSetup.run(TestSetup.java:25)
	at junit.extensions.TestDecorator.basicRun(TestDecorator.java:24)
	at junit.extensions.TestSetup$1.protect(TestSetup.java:21)
	at junit.extensions.TestSetup.run(TestSetup.java:25)

Testcase: test4 took 0.001 sec
	FAILED
Test 4 failed. with signature:public abstract class WindowSizeManager{
junit.framework.AssertionFailedError: Test 4 failed. with signature:public abstract class WindowSizeManager{
	at com.topcoder.umltool.deploy.codegen.test.CTests.checkSignatureWithBraces(CTests.java:67)
	at com.topcoder.umltool.deploy.codegen.test.CTests.test4(CTests.java:153)
	at junit.extensions.TestDecorator.basicRun(TestDecorator.java:24)
	at junit.extensions.TestSetup$1.protect(TestSetup.java:21)
	at junit.extensions.TestSetup.run(TestSetup.java:25)
	at junit.extensions.TestDecorator.basicRun(TestDecorator.java:24)
	at junit.extensions.TestSetup$1.protect(TestSetup.java:21)
	at junit.extensions.TestSetup.run(TestSetup.java:25)

Testcase: test5 took 0 sec
	FAILED
Test 5 failed. with signature:class WindowSizeManager{
junit.framework.AssertionFailedError: Test 5 failed. with signature:class WindowSizeManager{
	at com.topcoder.umltool.deploy.codegen.test.CTests.checkSignatureWithBraces(CTests.java:67)
	at com.topcoder.umltool.deploy.codegen.test.CTests.test5(CTests.java:166)
	at junit.extensions.TestDecorator.basicRun(TestDecorator.java:24)
	at junit.extensions.TestSetup$1.protect(TestSetup.java:21)
	at junit.extensions.TestSetup.run(TestSetup.java:25)
	at junit.extensions.TestDecorator.basicRun(TestDecorator.java:24)
	at junit.extensions.TestSetup$1.protect(TestSetup.java:21)
	at junit.extensions.TestSetup.run(TestSetup.java:25)

Testcase: test6 took 0 sec
	FAILED
Test 5 failed. with signature:public interface EntityChangeListener{
junit.framework.AssertionFailedError: Test 5 failed. with signature:public interface EntityChangeListener{
	at com.topcoder.umltool.deploy.codegen.test.CTests.checkSignatureWithBraces(CTests.java:67)
	at com.topcoder.umltool.deploy.codegen.test.CTests.test6(CTests.java:178)
	at junit.extensions.TestDecorator.basicRun(TestDecorator.java:24)
	at junit.extensions.TestSetup$1.protect(TestSetup.java:21)
	at junit.extensions.TestSetup.run(TestSetup.java:25)
	at junit.extensions.TestDecorator.basicRun(TestDecorator.java:24)
	at junit.extensions.TestSetup$1.protect(TestSetup.java:21)
	at junit.extensions.TestSetup.run(TestSetup.java:25)

Testcase: test7 took 0.001 sec
	FAILED
Test 7 failed. with signature:enum EntityChangeListener{
junit.framework.AssertionFailedError: Test 7 failed. with signature:enum EntityChangeListener{
	at com.topcoder.umltool.deploy.codegen.test.CTests.checkSignatureWithBraces(CTests.java:67)
	at com.topcoder.umltool.deploy.codegen.test.CTests.test7(CTests.java:190)
	at junit.extensions.TestDecorator.basicRun(TestDecorator.java:24)
	at junit.extensions.TestSetup$1.protect(TestSetup.java:21)
	at junit.extensions.TestSetup.run(TestSetup.java:25)
	at junit.extensions.TestDecorator.basicRun(TestDecorator.java:24)
	at junit.extensions.TestSetup$1.protect(TestSetup.java:21)
	at junit.extensions.TestSetup.run(TestSetup.java:25)

Testcase: test8 took 0 sec
	FAILED
Test 8 failed. with signature:public class ChildClass : BaseClass{
junit.framework.AssertionFailedError: Test 8 failed. with signature:public class ChildClass : BaseClass{
	at com.topcoder.umltool.deploy.codegen.test.CTests.checkSignatureWithBraces(CTests.java:67)
	at com.topcoder.umltool.deploy.codegen.test.CTests.test8(CTests.java:203)
	at junit.extensions.TestDecorator.basicRun(TestDecorator.java:24)
	at junit.extensions.TestSetup$1.protect(TestSetup.java:21)
	at junit.extensions.TestSetup.run(TestSetup.java:25)
	at junit.extensions.TestDecorator.basicRun(TestDecorator.java:24)
	at junit.extensions.TestSetup$1.protect(TestSetup.java:21)
	at junit.extensions.TestSetup.run(TestSetup.java:25)

Testcase: test9 took 0 sec
	FAILED
Test 9 failed. with signature:public class ChildClass : baseInterface{
junit.framework.AssertionFailedError: Test 9 failed. with signature:public class ChildClass : baseInterface{
	at com.topcoder.umltool.deploy.codegen.test.CTests.checkSignatureWithBraces(CTests.java:67)
	at com.topcoder.umltool.deploy.codegen.test.CTests.test9(CTests.java:216)
	at junit.extensions.TestDecorator.basicRun(TestDecorator.java:24)
	at junit.extensions.TestSetup$1.protect(TestSetup.java:21)
	at junit.extensions.TestSetup.run(TestSetup.java:25)
	at junit.extensions.TestDecorator.basicRun(TestDecorator.java:24)
	at junit.extensions.TestSetup$1.protect(TestSetup.java:21)
	at junit.extensions.TestSetup.run(TestSetup.java:25)

Testcase: test10 took 0 sec
	FAILED
Test 10 failed. with signature:public struct Class_10{
junit.framework.AssertionFailedError: Test 10 failed. with signature:public struct Class_10{
	at com.topcoder.umltool.deploy.codegen.test.CTests.checkSignatureWithBraces(CTests.java:67)
	at com.topcoder.umltool.deploy.codegen.test.CTests.test10(CTests.java:228)
	at junit.extensions.TestDecorator.basicRun(TestDecorator.java:24)
	at junit.extensions.TestSetup$1.protect(TestSetup.java:21)
	at junit.extensions.TestSetup.run(TestSetup.java:25)
	at junit.extensions.TestDecorator.basicRun(TestDecorator.java:24)
	at junit.extensions.TestSetup$1.protect(TestSetup.java:21)
	at junit.extensions.TestSetup.run(TestSetup.java:25)

Testcase: test11 took 0 sec
	FAILED
Test 11 failed: attribute not found 
junit.framework.AssertionFailedError: Test 11 failed: attribute not found 
	at com.topcoder.umltool.deploy.codegen.test.CTests.test11(CTests.java:241)
	at junit.extensions.TestDecorator.basicRun(TestDecorator.java:24)
	at junit.extensions.TestSetup$1.protect(TestSetup.java:21)
	at junit.extensions.TestSetup.run(TestSetup.java:25)
	at junit.extensions.TestDecorator.basicRun(TestDecorator.java:24)
	at junit.extensions.TestSetup$1.protect(TestSetup.java:21)
	at junit.extensions.TestSetup.run(TestSetup.java:25)

Testcase: test12 took 0 sec
	FAILED
Test 11 failed. with signature:private string demoAttribute;
junit.framework.AssertionFailedError: Test 11 failed. with signature:private string demoAttribute;
	at com.topcoder.umltool.deploy.codegen.test.CTests.checkSignature(CTests.java:86)
	at com.topcoder.umltool.deploy.codegen.test.CTests.test12(CTests.java:257)
	at junit.extensions.TestDecorator.basicRun(TestDecorator.java:24)
	at junit.extensions.TestSetup$1.protect(TestSetup.java:21)
	at junit.extensions.TestSetup.run(TestSetup.java:25)
	at junit.extensions.TestDecorator.basicRun(TestDecorator.java:24)
	at junit.extensions.TestSetup$1.protect(TestSetup.java:21)
	at junit.extensions.TestSetup.run(TestSetup.java:25)

Testcase: test13 took 0.001 sec
	FAILED
Test 13 failed. with signature:private const int demoAttribute;
junit.framework.AssertionFailedError: Test 13 failed. with signature:private const int demoAttribute;
	at com.topcoder.umltool.deploy.codegen.test.CTests.checkSignature(CTests.java:86)
	at com.topcoder.umltool.deploy.codegen.test.CTests.test13(CTests.java:269)
	at junit.extensions.TestDecorator.basicRun(TestDecorator.java:24)
	at junit.extensions.TestSetup$1.protect(TestSetup.java:21)
	at junit.extensions.TestSetup.run(TestSetup.java:25)
	at junit.extensions.TestDecorator.basicRun(TestDecorator.java:24)
	at junit.extensions.TestSetup$1.protect(TestSetup.java:21)
	at junit.extensions.TestSetup.run(TestSetup.java:25)

Testcase: test14 took 0.001 sec
	FAILED
Test 14 failed. with signature:private static const int demoAttribute;
junit.framework.AssertionFailedError: Test 14 failed. with signature:private static const int demoAttribute;
	at com.topcoder.umltool.deploy.codegen.test.CTests.checkSignature(CTests.java:86)
	at com.topcoder.umltool.deploy.codegen.test.CTests.test14(CTests.java:282)
	at junit.extensions.TestDecorator.basicRun(TestDecorator.java:24)
	at junit.extensions.TestSetup$1.protect(TestSetup.java:21)
	at junit.extensions.TestSetup.run(TestSetup.java:25)
	at junit.extensions.TestDecorator.basicRun(TestDecorator.java:24)
	at junit.extensions.TestSetup$1.protect(TestSetup.java:21)
	at junit.extensions.TestSetup.run(TestSetup.java:25)

Testcase: test15 took 0 sec
	FAILED
Test 15 failed. with signature:private int sample = 1000;
junit.framework.AssertionFailedError: Test 15 failed. with signature:private int sample = 1000;
	at com.topcoder.umltool.deploy.codegen.test.CTests.checkSignature(CTests.java:86)
	at com.topcoder.umltool.deploy.codegen.test.CTests.test15(CTests.java:295)
	at junit.extensions.TestDecorator.basicRun(TestDecorator.java:24)
	at junit.extensions.TestSetup$1.protect(TestSetup.java:21)
	at junit.extensions.TestSetup.run(TestSetup.java:25)
	at junit.extensions.TestDecorator.basicRun(TestDecorator.java:24)
	at junit.extensions.TestSetup$1.protect(TestSetup.java:21)
	at junit.extensions.TestSetup.run(TestSetup.java:25)

Testcase: test16 took 0 sec
	FAILED
Test 16 failed. with signature:static string demoAttribute;
junit.framework.AssertionFailedError: Test 16 failed. with signature:static string demoAttribute;
	at com.topcoder.umltool.deploy.codegen.test.CTests.checkSignature(CTests.java:86)
	at com.topcoder.umltool.deploy.codegen.test.CTests.test16(CTests.java:308)
	at junit.extensions.TestDecorator.basicRun(TestDecorator.java:24)
	at junit.extensions.TestSetup$1.protect(TestSetup.java:21)
	at junit.extensions.TestSetup.run(TestSetup.java:25)
	at junit.extensions.TestDecorator.basicRun(TestDecorator.java:24)
	at junit.extensions.TestSetup$1.protect(TestSetup.java:21)
	at junit.extensions.TestSetup.run(TestSetup.java:25)

Testcase: test17 took 0 sec
	FAILED
Test 17 faild.With signature:public void MethodForTest() {
junit.framework.AssertionFailedError: Test 17 faild.With signature:public void MethodForTest() {
	at com.topcoder.umltool.deploy.codegen.test.CTests.test17(CTests.java:321)
	at junit.extensions.TestDecorator.basicRun(TestDecorator.java:24)
	at junit.extensions.TestSetup$1.protect(TestSetup.java:21)
	at junit.extensions.TestSetup.run(TestSetup.java:25)
	at junit.extensions.TestDecorator.basicRun(TestDecorator.java:24)
	at junit.extensions.TestSetup$1.protect(TestSetup.java:21)
	at junit.extensions.TestSetup.run(TestSetup.java:25)

Testcase: test18 took 0.001 sec
	FAILED
Test 18 faild.With context:/// <exception>
junit.framework.AssertionFailedError: Test 18 faild.With context:/// <exception>
	at com.topcoder.umltool.deploy.codegen.test.CTests.test18(CTests.java:338)
	at junit.extensions.TestDecorator.basicRun(TestDecorator.java:24)
	at junit.extensions.TestSetup$1.protect(TestSetup.java:21)
	at junit.extensions.TestSetup.run(TestSetup.java:25)
	at junit.extensions.TestDecorator.basicRun(TestDecorator.java:24)
	at junit.extensions.TestSetup$1.protect(TestSetup.java:21)
	at junit.extensions.TestSetup.run(TestSetup.java:25)

Testcase: test19 took 0 sec
	FAILED
Test 19 faild.With signature:/// <returns>
/// return documentz
/// </returns>

junit.framework.AssertionFailedError: Test 19 faild.With signature:/// <returns>
/// return documentz
/// </returns>

	at com.topcoder.umltool.deploy.codegen.test.CTests.test19(CTests.java:362)
	at junit.extensions.TestDecorator.basicRun(TestDecorator.java:24)
	at junit.extensions.TestSetup$1.protect(TestSetup.java:21)
	at junit.extensions.TestSetup.run(TestSetup.java:25)
	at junit.extensions.TestDecorator.basicRun(TestDecorator.java:24)
	at junit.extensions.TestSetup$1.protect(TestSetup.java:21)
	at junit.extensions.TestSetup.run(TestSetup.java:25)

Testcase: test20 took 0 sec
	FAILED
Test 20 faild. with signature:public Class_20() {
junit.framework.AssertionFailedError: Test 20 faild. with signature:public Class_20() {
	at com.topcoder.umltool.deploy.codegen.test.CTests.checkSignatureWithBraces(CTests.java:67)
	at com.topcoder.umltool.deploy.codegen.test.CTests.test20(CTests.java:374)
	at junit.extensions.TestDecorator.basicRun(TestDecorator.java:24)
	at junit.extensions.TestSetup$1.protect(TestSetup.java:21)
	at junit.extensions.TestSetup.run(TestSetup.java:25)
	at junit.extensions.TestDecorator.basicRun(TestDecorator.java:24)
	at junit.extensions.TestSetup$1.protect(TestSetup.java:21)
	at junit.extensions.TestSetup.run(TestSetup.java:25)

Testcase: test21 took 0 sec
	FAILED
Test 21 faild. with signature:public void method1() {
junit.framework.AssertionFailedError: Test 21 faild. with signature:public void method1() {
	at com.topcoder.umltool.deploy.codegen.test.CTests.checkSignatureWithBraces(CTests.java:67)
	at com.topcoder.umltool.deploy.codegen.test.CTests.test21(CTests.java:386)
	at junit.extensions.TestDecorator.basicRun(TestDecorator.java:24)
	at junit.extensions.TestSetup$1.protect(TestSetup.java:21)
	at junit.extensions.TestSetup.run(TestSetup.java:25)
	at junit.extensions.TestDecorator.basicRun(TestDecorator.java:24)
	at junit.extensions.TestSetup$1.protect(TestSetup.java:21)
	at junit.extensions.TestSetup.run(TestSetup.java:25)

Testcase: test22 took 0 sec
	FAILED
Test 22 faild. with signature:public string method1() {
junit.framework.AssertionFailedError: Test 22 faild. with signature:public string method1() {
	at com.topcoder.umltool.deploy.codegen.test.CTests.checkSignatureWithBraces(CTests.java:67)
	at com.topcoder.umltool.deploy.codegen.test.CTests.test22(CTests.java:398)
	at junit.extensions.TestDecorator.basicRun(TestDecorator.java:24)
	at junit.extensions.TestSetup$1.protect(TestSetup.java:21)
	at junit.extensions.TestSetup.run(TestSetup.java:25)
	at junit.extensions.TestDecorator.basicRun(TestDecorator.java:24)
	at junit.extensions.TestSetup$1.protect(TestSetup.java:21)
	at junit.extensions.TestSetup.run(TestSetup.java:25)

Testcase: test23 took 0 sec
	FAILED
Test 23 faild. with signature:public static void method1() {
junit.framework.AssertionFailedError: Test 23 faild. with signature:public static void method1() {
	at com.topcoder.umltool.deploy.codegen.test.CTests.checkSignatureWithBraces(CTests.java:67)
	at com.topcoder.umltool.deploy.codegen.test.CTests.test23(CTests.java:410)
	at junit.extensions.TestDecorator.basicRun(TestDecorator.java:24)
	at junit.extensions.TestSetup$1.protect(TestSetup.java:21)
	at junit.extensions.TestSetup.run(TestSetup.java:25)
	at junit.extensions.TestDecorator.basicRun(TestDecorator.java:24)
	at junit.extensions.TestSetup$1.protect(TestSetup.java:21)
	at junit.extensions.TestSetup.run(TestSetup.java:25)

Testcase: test24 took 0 sec
	FAILED
Test 24 faild. with signature:public abstract void method1();
junit.framework.AssertionFailedError: Test 24 faild. with signature:public abstract void method1();
	at com.topcoder.umltool.deploy.codegen.test.CTests.checkSignature(CTests.java:86)
	at com.topcoder.umltool.deploy.codegen.test.CTests.test24(CTests.java:422)
	at junit.extensions.TestDecorator.basicRun(TestDecorator.java:24)
	at junit.extensions.TestSetup$1.protect(TestSetup.java:21)
	at junit.extensions.TestSetup.run(TestSetup.java:25)
	at junit.extensions.TestDecorator.basicRun(TestDecorator.java:24)
	at junit.extensions.TestSetup$1.protect(TestSetup.java:21)
	at junit.extensions.TestSetup.run(TestSetup.java:25)

Testcase: test25 took 0.001 sec
	FAILED
Test 25 faild. with signature:public void method1(int a, string b, double c) {
junit.framework.AssertionFailedError: Test 25 faild. with signature:public void method1(int a, string b, double c) {
	at com.topcoder.umltool.deploy.codegen.test.CTests.checkSignatureWithBraces(CTests.java:67)
	at com.topcoder.umltool.deploy.codegen.test.CTests.test25(CTests.java:435)
	at junit.extensions.TestDecorator.basicRun(TestDecorator.java:24)
	at junit.extensions.TestSetup$1.protect(TestSetup.java:21)
	at junit.extensions.TestSetup.run(TestSetup.java:25)
	at junit.extensions.TestDecorator.basicRun(TestDecorator.java:24)
	at junit.extensions.TestSetup$1.protect(TestSetup.java:21)
	at junit.extensions.TestSetup.run(TestSetup.java:25)

Testcase: test26 took 0.001 sec
	FAILED
Test 26 faild. with signature:public override void method1() {
junit.framework.AssertionFailedError: Test 26 faild. with signature:public override void method1() {
	at com.topcoder.umltool.deploy.codegen.test.CTests.checkSignatureWithBraces(CTests.java:67)
	at com.topcoder.umltool.deploy.codegen.test.CTests.test26(CTests.java:447)
	at junit.extensions.TestDecorator.basicRun(TestDecorator.java:24)
	at junit.extensions.TestSetup$1.protect(TestSetup.java:21)
	at junit.extensions.TestSetup.run(TestSetup.java:25)
	at junit.extensions.TestDecorator.basicRun(TestDecorator.java:24)
	at junit.extensions.TestSetup$1.protect(TestSetup.java:21)
	at junit.extensions.TestSetup.run(TestSetup.java:25)

Testcase: test27 took 0.001 sec
	FAILED
Test 27 faild. with signature:~Class_27() {
junit.framework.AssertionFailedError: Test 27 faild. with signature:~Class_27() {
	at com.topcoder.umltool.deploy.codegen.test.CTests.checkSignatureWithBraces(CTests.java:67)
	at com.topcoder.umltool.deploy.codegen.test.CTests.test27(CTests.java:459)
	at junit.extensions.TestDecorator.basicRun(TestDecorator.java:24)
	at junit.extensions.TestSetup$1.protect(TestSetup.java:21)
	at junit.extensions.TestSetup.run(TestSetup.java:25)
	at junit.extensions.TestDecorator.basicRun(TestDecorator.java:24)
	at junit.extensions.TestSetup$1.protect(TestSetup.java:21)
	at junit.extensions.TestSetup.run(TestSetup.java:25)

Testcase: test28 took 0 sec
	FAILED
Test 28 failed.With context:/// property document
junit.framework.AssertionFailedError: Test 28 failed.With context:/// property document
	at com.topcoder.umltool.deploy.codegen.test.CTests.test28(CTests.java:472)
	at junit.extensions.TestDecorator.basicRun(TestDecorator.java:24)
	at junit.extensions.TestSetup$1.protect(TestSetup.java:21)
	at junit.extensions.TestSetup.run(TestSetup.java:25)
	at junit.extensions.TestDecorator.basicRun(TestDecorator.java:24)
	at junit.extensions.TestSetup$1.protect(TestSetup.java:21)
	at junit.extensions.TestSetup.run(TestSetup.java:25)

Testcase: test29 took 0 sec
	FAILED
Test 29 faild. with signature:private String Name{
set{}
get{
return null;
}
}
junit.framework.AssertionFailedError: Test 29 faild. with signature:private String Name{
set{}
get{
return null;
}
}
	at com.topcoder.umltool.deploy.codegen.test.CTests.checkSignatureWithBraces(CTests.java:67)
	at com.topcoder.umltool.deploy.codegen.test.CTests.test29(CTests.java:490)
	at junit.extensions.TestDecorator.basicRun(TestDecorator.java:24)
	at junit.extensions.TestSetup$1.protect(TestSetup.java:21)
	at junit.extensions.TestSetup.run(TestSetup.java:25)
	at junit.extensions.TestDecorator.basicRun(TestDecorator.java:24)
	at junit.extensions.TestSetup$1.protect(TestSetup.java:21)
	at junit.extensions.TestSetup.run(TestSetup.java:25)

Testcase: test30 took 0 sec
	FAILED
Test 30 faild. with signature:using TopCoder.WPF.KeyProviderImpl;
junit.framework.AssertionFailedError: Test 30 faild. with signature:using TopCoder.WPF.KeyProviderImpl;
	at com.topcoder.umltool.deploy.codegen.test.CTests.checkSignature(CTests.java:86)
	at com.topcoder.umltool.deploy.codegen.test.CTests.test30(CTests.java:503)
	at junit.extensions.TestDecorator.basicRun(TestDecorator.java:24)
	at junit.extensions.TestSetup$1.protect(TestSetup.java:21)
	at junit.extensions.TestSetup.run(TestSetup.java:25)
	at junit.extensions.TestDecorator.basicRun(TestDecorator.java:24)
	at junit.extensions.TestSetup$1.protect(TestSetup.java:21)
	at junit.extensions.TestSetup.run(TestSetup.java:25)

Testcase: test31 took 0.001 sec
	FAILED
Test 31 faild. with signature:using TopCoder.WPF.KeyProviderImpl;
junit.framework.AssertionFailedError: Test 31 faild. with signature:using TopCoder.WPF.KeyProviderImpl;
	at com.topcoder.umltool.deploy.codegen.test.CTests.checkSignature(CTests.java:86)
	at com.topcoder.umltool.deploy.codegen.test.CTests.test31(CTests.java:515)
	at junit.extensions.TestDecorator.basicRun(TestDecorator.java:24)
	at junit.extensions.TestSetup$1.protect(TestSetup.java:21)
	at junit.extensions.TestSetup.run(TestSetup.java:25)
	at junit.extensions.TestDecorator.basicRun(TestDecorator.java:24)
	at junit.extensions.TestSetup$1.protect(TestSetup.java:21)
	at junit.extensions.TestSetup.run(TestSetup.java:25)

Testcase: test32 took 0.001 sec
	FAILED
Test 32 faild. with signature:using TopCoder.WPF.KeyProviderImpl;
junit.framework.AssertionFailedError: Test 32 faild. with signature:using TopCoder.WPF.KeyProviderImpl;
	at com.topcoder.umltool.deploy.codegen.test.CTests.checkSignature(CTests.java:86)
	at com.topcoder.umltool.deploy.codegen.test.CTests.test32(CTests.java:527)
	at junit.extensions.TestDecorator.basicRun(TestDecorator.java:24)
	at junit.extensions.TestSetup$1.protect(TestSetup.java:21)
	at junit.extensions.TestSetup.run(TestSetup.java:25)
	at junit.extensions.TestDecorator.basicRun(TestDecorator.java:24)
	at junit.extensions.TestSetup$1.protect(TestSetup.java:21)
	at junit.extensions.TestSetup.run(TestSetup.java:25)

Testcase: test33 took 0.001 sec
	FAILED
Test 33 faild. with signature:public ExceptionForTest(string message) {
junit.framework.AssertionFailedError: Test 33 faild. with signature:public ExceptionForTest(string message) {
	at com.topcoder.umltool.deploy.codegen.test.CTests.checkSignatureWithBraces(CTests.java:67)
	at com.topcoder.umltool.deploy.codegen.test.CTests.test33(CTests.java:539)
	at junit.extensions.TestDecorator.basicRun(TestDecorator.java:24)
	at junit.extensions.TestSetup$1.protect(TestSetup.java:21)
	at junit.extensions.TestSetup.run(TestSetup.java:25)
	at junit.extensions.TestDecorator.basicRun(TestDecorator.java:24)
	at junit.extensions.TestSetup$1.protect(TestSetup.java:21)
	at junit.extensions.TestSetup.run(TestSetup.java:25)

Testcase: test34 took 0 sec
	FAILED
Test 34 faild. with signature:enum Day {SUNDAY, MONDAY, TUESDAY, WEDNESDAY, THURSDAY, FRIDAY, SATURDAY};
junit.framework.AssertionFailedError: Test 34 faild. with signature:enum Day {SUNDAY, MONDAY, TUESDAY, WEDNESDAY, THURSDAY, FRIDAY, SATURDAY};
	at com.topcoder.umltool.deploy.codegen.test.CTests.checkSignature(CTests.java:86)
	at com.topcoder.umltool.deploy.codegen.test.CTests.test34(CTests.java:558)
	at junit.extensions.TestDecorator.basicRun(TestDecorator.java:24)
	at junit.extensions.TestSetup$1.protect(TestSetup.java:21)
	at junit.extensions.TestSetup.run(TestSetup.java:25)
	at junit.extensions.TestDecorator.basicRun(TestDecorator.java:24)
	at junit.extensions.TestSetup$1.protect(TestSetup.java:21)
	at junit.extensions.TestSetup.run(TestSetup.java:25)

Testcase: test36 took 0 sec
	FAILED
Test 36 faild. with signature:private event SampleEventHandler SampleEvent;
junit.framework.AssertionFailedError: Test 36 faild. with signature:private event SampleEventHandler SampleEvent;
	at com.topcoder.umltool.deploy.codegen.test.CTests.checkSignature(CTests.java:86)
	at com.topcoder.umltool.deploy.codegen.test.CTests.test36(CTests.java:570)
	at junit.extensions.TestDecorator.basicRun(TestDecorator.java:24)
	at junit.extensions.TestSetup$1.protect(TestSetup.java:21)
	at junit.extensions.TestSetup.run(TestSetup.java:25)
	at junit.extensions.TestDecorator.basicRun(TestDecorator.java:24)
	at junit.extensions.TestSetup$1.protect(TestSetup.java:21)
	at junit.extensions.TestSetup.run(TestSetup.java:25)

Testcase: test37 took 0 sec
	FAILED
Test 37 faild. with signature:public T this[int i]
junit.framework.AssertionFailedError: Test 37 faild. with signature:public T this[int i]
	at com.topcoder.umltool.deploy.codegen.test.CTests.checkSignatureWithBraces(CTests.java:67)
	at com.topcoder.umltool.deploy.codegen.test.CTests.test37(CTests.java:582)
	at junit.extensions.TestDecorator.basicRun(TestDecorator.java:24)
	at junit.extensions.TestSetup$1.protect(TestSetup.java:21)
	at junit.extensions.TestSetup.run(TestSetup.java:25)
	at junit.extensions.TestDecorator.basicRun(TestDecorator.java:24)
	at junit.extensions.TestSetup$1.protect(TestSetup.java:21)
	at junit.extensions.TestSetup.run(TestSetup.java:25)

Testcase: test38 took 0.001 sec
	FAILED
Test 38 faild. with signature:public delegate void SampleDelegate
junit.framework.AssertionFailedError: Test 38 faild. with signature:public delegate void SampleDelegate
	at com.topcoder.umltool.deploy.codegen.test.CTests.checkSignature(CTests.java:86)
	at com.topcoder.umltool.deploy.codegen.test.CTests.test38(CTests.java:600)
	at junit.extensions.TestDecorator.basicRun(TestDecorator.java:24)
	at junit.extensions.TestSetup$1.protect(TestSetup.java:21)
	at junit.extensions.TestSetup.run(TestSetup.java:25)
	at junit.extensions.TestDecorator.basicRun(TestDecorator.java:24)
	at junit.extensions.TestSetup$1.protect(TestSetup.java:21)
	at junit.extensions.TestSetup.run(TestSetup.java:25)

Testcase: test39 took 0.001 sec
	FAILED
Test 39 faild. with signature:public class EnityClass{
junit.framework.AssertionFailedError: Test 39 faild. with signature:public class EnityClass{
	at com.topcoder.umltool.deploy.codegen.test.CTests.checkSignatureWithBraces(CTests.java:67)
	at com.topcoder.umltool.deploy.codegen.test.CTests.test39(CTests.java:614)
	at junit.extensions.TestDecorator.basicRun(TestDecorator.java:24)
	at junit.extensions.TestSetup$1.protect(TestSetup.java:21)
	at junit.extensions.TestSetup.run(TestSetup.java:25)
	at junit.extensions.TestDecorator.basicRun(TestDecorator.java:24)
	at junit.extensions.TestSetup$1.protect(TestSetup.java:21)
	at junit.extensions.TestSetup.run(TestSetup.java:25)

Testcase: test40 took 0 sec
	FAILED
Test 40 faild. with signature:protected class EnityClass{
junit.framework.AssertionFailedError: Test 40 faild. with signature:protected class EnityClass{
	at com.topcoder.umltool.deploy.codegen.test.CTests.checkSignatureWithBraces(CTests.java:67)
	at com.topcoder.umltool.deploy.codegen.test.CTests.test40(CTests.java:628)
	at junit.extensions.TestDecorator.basicRun(TestDecorator.java:24)
	at junit.extensions.TestSetup$1.protect(TestSetup.java:21)
	at junit.extensions.TestSetup.run(TestSetup.java:25)
	at junit.extensions.TestDecorator.basicRun(TestDecorator.java:24)
	at junit.extensions.TestSetup$1.protect(TestSetup.java:21)
	at junit.extensions.TestSetup.run(TestSetup.java:25)

Testcase: test41 took 0.001 sec
	FAILED
Test 41 faild. with signature:class EnityClass{
junit.framework.AssertionFailedError: Test 41 faild. with signature:class EnityClass{
	at com.topcoder.umltool.deploy.codegen.test.CTests.checkSignatureWithBraces(CTests.java:67)
	at com.topcoder.umltool.deploy.codegen.test.CTests.test41(CTests.java:642)
	at junit.extensions.TestDecorator.basicRun(TestDecorator.java:24)
	at junit.extensions.TestSetup$1.protect(TestSetup.java:21)
	at junit.extensions.TestSetup.run(TestSetup.java:25)
	at junit.extensions.TestDecorator.basicRun(TestDecorator.java:24)
	at junit.extensions.TestSetup$1.protect(TestSetup.java:21)
	at junit.extensions.TestSetup.run(TestSetup.java:25)

Testcase: test42 took 0 sec
	FAILED
Test 42 faild. with signature:private class EnityClass{
junit.framework.AssertionFailedError: Test 42 faild. with signature:private class EnityClass{
	at com.topcoder.umltool.deploy.codegen.test.CTests.checkSignatureWithBraces(CTests.java:67)
	at com.topcoder.umltool.deploy.codegen.test.CTests.test42(CTests.java:656)
	at junit.extensions.TestDecorator.basicRun(TestDecorator.java:24)
	at junit.extensions.TestSetup$1.protect(TestSetup.java:21)
	at junit.extensions.TestSetup.run(TestSetup.java:25)
	at junit.extensions.TestDecorator.basicRun(TestDecorator.java:24)
	at junit.extensions.TestSetup$1.protect(TestSetup.java:21)
	at junit.extensions.TestSetup.run(TestSetup.java:25)

Testcase: test43 took 0 sec
	FAILED
Test 43 faild. with signature:public abstract class EnityClass{
junit.framework.AssertionFailedError: Test 43 faild. with signature:public abstract class EnityClass{
	at com.topcoder.umltool.deploy.codegen.test.CTests.checkSignatureWithBraces(CTests.java:67)
	at com.topcoder.umltool.deploy.codegen.test.CTests.test43(CTests.java:669)
	at junit.extensions.TestDecorator.basicRun(TestDecorator.java:24)
	at junit.extensions.TestSetup$1.protect(TestSetup.java:21)
	at junit.extensions.TestSetup.run(TestSetup.java:25)
	at junit.extensions.TestDecorator.basicRun(TestDecorator.java:24)
	at junit.extensions.TestSetup$1.protect(TestSetup.java:21)
	at junit.extensions.TestSetup.run(TestSetup.java:25)

Testcase: test44 took 0 sec
	FAILED
Test 44 faild. with signature:public sealed class EnityClass{
junit.framework.AssertionFailedError: Test 44 faild. with signature:public sealed class EnityClass{
	at com.topcoder.umltool.deploy.codegen.test.CTests.checkSignatureWithBraces(CTests.java:67)
	at com.topcoder.umltool.deploy.codegen.test.CTests.test44(CTests.java:682)
	at junit.extensions.TestDecorator.basicRun(TestDecorator.java:24)
	at junit.extensions.TestSetup$1.protect(TestSetup.java:21)
	at junit.extensions.TestSetup.run(TestSetup.java:25)
	at junit.extensions.TestDecorator.basicRun(TestDecorator.java:24)
	at junit.extensions.TestSetup$1.protect(TestSetup.java:21)
	at junit.extensions.TestSetup.run(TestSetup.java:25)

Testcase: test45 took 0 sec
	FAILED
Test 45 faild. with signature:public static class EnityClass{
junit.framework.AssertionFailedError: Test 45 faild. with signature:public static class EnityClass{
	at com.topcoder.umltool.deploy.codegen.test.CTests.checkSignatureWithBraces(CTests.java:67)
	at com.topcoder.umltool.deploy.codegen.test.CTests.test45(CTests.java:695)
	at junit.extensions.TestDecorator.basicRun(TestDecorator.java:24)
	at junit.extensions.TestSetup$1.protect(TestSetup.java:21)
	at junit.extensions.TestSetup.run(TestSetup.java:25)
	at junit.extensions.TestDecorator.basicRun(TestDecorator.java:24)
	at junit.extensions.TestSetup$1.protect(TestSetup.java:21)
	at junit.extensions.TestSetup.run(TestSetup.java:25)

Testcase: test46 took 0 sec
	FAILED
Test 46 faild. with signature:public static sealed class EnityClass{
junit.framework.AssertionFailedError: Test 46 faild. with signature:public static sealed class EnityClass{
	at com.topcoder.umltool.deploy.codegen.test.CTests.checkSignatureWithBraces(CTests.java:67)
	at com.topcoder.umltool.deploy.codegen.test.CTests.test46(CTests.java:708)
	at junit.extensions.TestDecorator.basicRun(TestDecorator.java:24)
	at junit.extensions.TestSetup$1.protect(TestSetup.java:21)
	at junit.extensions.TestSetup.run(TestSetup.java:25)
	at junit.extensions.TestDecorator.basicRun(TestDecorator.java:24)
	at junit.extensions.TestSetup$1.protect(TestSetup.java:21)
	at junit.extensions.TestSetup.run(TestSetup.java:25)

Testcase: test47 took 0 sec
	FAILED
Test 47 faild. with signature:protected abstract class EnityClass{
junit.framework.AssertionFailedError: Test 47 faild. with signature:protected abstract class EnityClass{
	at com.topcoder.umltool.deploy.codegen.test.CTests.checkSignatureWithBraces(CTests.java:67)
	at com.topcoder.umltool.deploy.codegen.test.CTests.test47(CTests.java:721)
	at junit.extensions.TestDecorator.basicRun(TestDecorator.java:24)
	at junit.extensions.TestSetup$1.protect(TestSetup.java:21)
	at junit.extensions.TestSetup.run(TestSetup.java:25)
	at junit.extensions.TestDecorator.basicRun(TestDecorator.java:24)
	at junit.extensions.TestSetup$1.protect(TestSetup.java:21)
	at junit.extensions.TestSetup.run(TestSetup.java:25)

Testcase: test48 took 0.001 sec
	FAILED
Test 48 faild. with signature:protected sealed class EnityClass{
junit.framework.AssertionFailedError: Test 48 faild. with signature:protected sealed class EnityClass{
	at com.topcoder.umltool.deploy.codegen.test.CTests.checkSignatureWithBraces(CTests.java:67)
	at com.topcoder.umltool.deploy.codegen.test.CTests.test48(CTests.java:734)
	at junit.extensions.TestDecorator.basicRun(TestDecorator.java:24)
	at junit.extensions.TestSetup$1.protect(TestSetup.java:21)
	at junit.extensions.TestSetup.run(TestSetup.java:25)
	at junit.extensions.TestDecorator.basicRun(TestDecorator.java:24)
	at junit.extensions.TestSetup$1.protect(TestSetup.java:21)
	at junit.extensions.TestSetup.run(TestSetup.java:25)

Testcase: test49 took 0.001 sec
	FAILED
Test 49 faild. with signature:protected class EnityClass{
junit.framework.AssertionFailedError: Test 49 faild. with signature:protected class EnityClass{
	at com.topcoder.umltool.deploy.codegen.test.CTests.checkSignatureWithBraces(CTests.java:67)
	at com.topcoder.umltool.deploy.codegen.test.CTests.test49(CTests.java:747)
	at junit.extensions.TestDecorator.basicRun(TestDecorator.java:24)
	at junit.extensions.TestSetup$1.protect(TestSetup.java:21)
	at junit.extensions.TestSetup.run(TestSetup.java:25)
	at junit.extensions.TestDecorator.basicRun(TestDecorator.java:24)
	at junit.extensions.TestSetup$1.protect(TestSetup.java:21)
	at junit.extensions.TestSetup.run(TestSetup.java:25)

Testcase: test50 took 0.001 sec
	FAILED
Test 50 faild. with signature:protected sealed class EnityClass{
junit.framework.AssertionFailedError: Test 50 faild. with signature:protected sealed class EnityClass{
	at com.topcoder.umltool.deploy.codegen.test.CTests.checkSignatureWithBraces(CTests.java:67)
	at com.topcoder.umltool.deploy.codegen.test.CTests.test50(CTests.java:760)
	at junit.extensions.TestDecorator.basicRun(TestDecorator.java:24)
	at junit.extensions.TestSetup$1.protect(TestSetup.java:21)
	at junit.extensions.TestSetup.run(TestSetup.java:25)
	at junit.extensions.TestDecorator.basicRun(TestDecorator.java:24)
	at junit.extensions.TestSetup$1.protect(TestSetup.java:21)
	at junit.extensions.TestSetup.run(TestSetup.java:25)

Testcase: test51 took 0 sec
	FAILED
Test 51 faild. with signature:abstract class EnityClass{
junit.framework.AssertionFailedError: Test 51 faild. with signature:abstract class EnityClass{
	at com.topcoder.umltool.deploy.codegen.test.CTests.checkSignatureWithBraces(CTests.java:67)
	at com.topcoder.umltool.deploy.codegen.test.CTests.test51(CTests.java:773)
	at junit.extensions.TestDecorator.basicRun(TestDecorator.java:24)
	at junit.extensions.TestSetup$1.protect(TestSetup.java:21)
	at junit.extensions.TestSetup.run(TestSetup.java:25)
	at junit.extensions.TestDecorator.basicRun(TestDecorator.java:24)
	at junit.extensions.TestSetup$1.protect(TestSetup.java:21)
	at junit.extensions.TestSetup.run(TestSetup.java:25)

Testcase: test52 took 0.001 sec
	FAILED
Test 52 faild. with signature:sealed class EnityClass{
junit.framework.AssertionFailedError: Test 52 faild. with signature:sealed class EnityClass{
	at com.topcoder.umltool.deploy.codegen.test.CTests.checkSignatureWithBraces(CTests.java:67)
	at com.topcoder.umltool.deploy.codegen.test.CTests.test52(CTests.java:786)
	at junit.extensions.TestDecorator.basicRun(TestDecorator.java:24)
	at junit.extensions.TestSetup$1.protect(TestSetup.java:21)
	at junit.extensions.TestSetup.run(TestSetup.java:25)
	at junit.extensions.TestDecorator.basicRun(TestDecorator.java:24)
	at junit.extensions.TestSetup$1.protect(TestSetup.java:21)
	at junit.extensions.TestSetup.run(TestSetup.java:25)

Testcase: test53 took 0.001 sec
	FAILED
Test 53 faild. with signature:private abstract class EnityClass{
junit.framework.AssertionFailedError: Test 53 faild. with signature:private abstract class EnityClass{
	at com.topcoder.umltool.deploy.codegen.test.CTests.checkSignatureWithBraces(CTests.java:67)
	at com.topcoder.umltool.deploy.codegen.test.CTests.test53(CTests.java:799)
	at junit.extensions.TestDecorator.basicRun(TestDecorator.java:24)
	at junit.extensions.TestSetup$1.protect(TestSetup.java:21)
	at junit.extensions.TestSetup.run(TestSetup.java:25)
	at junit.extensions.TestDecorator.basicRun(TestDecorator.java:24)
	at junit.extensions.TestSetup$1.protect(TestSetup.java:21)
	at junit.extensions.TestSetup.run(TestSetup.java:25)

Testcase: test54 took 0.001 sec
	FAILED
Test 54 faild. with signature:private sealed class EnityClass{
junit.framework.AssertionFailedError: Test 54 faild. with signature:private sealed class EnityClass{
	at com.topcoder.umltool.deploy.codegen.test.CTests.checkSignatureWithBraces(CTests.java:67)
	at com.topcoder.umltool.deploy.codegen.test.CTests.test54(CTests.java:812)
	at junit.extensions.TestDecorator.basicRun(TestDecorator.java:24)
	at junit.extensions.TestSetup$1.protect(TestSetup.java:21)
	at junit.extensions.TestSetup.run(TestSetup.java:25)
	at junit.extensions.TestDecorator.basicRun(TestDecorator.java:24)
	at junit.extensions.TestSetup$1.protect(TestSetup.java:21)
	at junit.extensions.TestSetup.run(TestSetup.java:25)

Testcase: test55 took 0 sec
	FAILED
Test 55 faild. with signature:public int AttributeForTest;
junit.framework.AssertionFailedError: Test 55 faild. with signature:public int AttributeForTest;
	at com.topcoder.umltool.deploy.codegen.test.CTests.checkSignature(CTests.java:86)
	at com.topcoder.umltool.deploy.codegen.test.CTests.test55(CTests.java:825)
	at junit.extensions.TestDecorator.basicRun(TestDecorator.java:24)
	at junit.extensions.TestSetup$1.protect(TestSetup.java:21)
	at junit.extensions.TestSetup.run(TestSetup.java:25)
	at junit.extensions.TestDecorator.basicRun(TestDecorator.java:24)
	at junit.extensions.TestSetup$1.protect(TestSetup.java:21)
	at junit.extensions.TestSetup.run(TestSetup.java:25)

Testcase: test56 took 0 sec
	FAILED
Test 56 faild. with signature:public const int AttributeForTest;
junit.framework.AssertionFailedError: Test 56 faild. with signature:public const int AttributeForTest;
	at com.topcoder.umltool.deploy.codegen.test.CTests.checkSignature(CTests.java:86)
	at com.topcoder.umltool.deploy.codegen.test.CTests.test56(CTests.java:838)
	at junit.extensions.TestDecorator.basicRun(TestDecorator.java:24)
	at junit.extensions.TestSetup$1.protect(TestSetup.java:21)
	at junit.extensions.TestSetup.run(TestSetup.java:25)
	at junit.extensions.TestDecorator.basicRun(TestDecorator.java:24)
	at junit.extensions.TestSetup$1.protect(TestSetup.java:21)
	at junit.extensions.TestSetup.run(TestSetup.java:25)

Testcase: test57 took 0 sec
	FAILED
Test 57 faild. with signature:protected int AttributeForTest;
junit.framework.AssertionFailedError: Test 57 faild. with signature:protected int AttributeForTest;
	at com.topcoder.umltool.deploy.codegen.test.CTests.checkSignature(CTests.java:86)
	at com.topcoder.umltool.deploy.codegen.test.CTests.test57(CTests.java:852)
	at junit.extensions.TestDecorator.basicRun(TestDecorator.java:24)
	at junit.extensions.TestSetup$1.protect(TestSetup.java:21)
	at junit.extensions.TestSetup.run(TestSetup.java:25)
	at junit.extensions.TestDecorator.basicRun(TestDecorator.java:24)
	at junit.extensions.TestSetup$1.protect(TestSetup.java:21)
	at junit.extensions.TestSetup.run(TestSetup.java:25)

Testcase: test58 took 0.001 sec
	FAILED
Test 58 faild. with signature:protected const int AttributeForTest;
junit.framework.AssertionFailedError: Test 58 faild. with signature:protected const int AttributeForTest;
	at com.topcoder.umltool.deploy.codegen.test.CTests.checkSignature(CTests.java:86)
	at com.topcoder.umltool.deploy.codegen.test.CTests.test58(CTests.java:865)
	at junit.extensions.TestDecorator.basicRun(TestDecorator.java:24)
	at junit.extensions.TestSetup$1.protect(TestSetup.java:21)
	at junit.extensions.TestSetup.run(TestSetup.java:25)
	at junit.extensions.TestDecorator.basicRun(TestDecorator.java:24)
	at junit.extensions.TestSetup$1.protect(TestSetup.java:21)
	at junit.extensions.TestSetup.run(TestSetup.java:25)

Testcase: test59 took 0 sec
	FAILED
Test 59 faild. with signature:int AttributeForTest;
junit.framework.AssertionFailedError: Test 59 faild. with signature:int AttributeForTest;
	at com.topcoder.umltool.deploy.codegen.test.CTests.checkSignature(CTests.java:86)
	at com.topcoder.umltool.deploy.codegen.test.CTests.test59(CTests.java:878)
	at junit.extensions.TestDecorator.basicRun(TestDecorator.java:24)
	at junit.extensions.TestSetup$1.protect(TestSetup.java:21)
	at junit.extensions.TestSetup.run(TestSetup.java:25)
	at junit.extensions.TestDecorator.basicRun(TestDecorator.java:24)
	at junit.extensions.TestSetup$1.protect(TestSetup.java:21)
	at junit.extensions.TestSetup.run(TestSetup.java:25)

Testcase: test60 took 0 sec
	FAILED
Test 60 faild. with signature:const int AttributeForTest;
junit.framework.AssertionFailedError: Test 60 faild. with signature:const int AttributeForTest;
	at com.topcoder.umltool.deploy.codegen.test.CTests.checkSignature(CTests.java:86)
	at com.topcoder.umltool.deploy.codegen.test.CTests.test60(CTests.java:891)
	at junit.extensions.TestDecorator.basicRun(TestDecorator.java:24)
	at junit.extensions.TestSetup$1.protect(TestSetup.java:21)
	at junit.extensions.TestSetup.run(TestSetup.java:25)
	at junit.extensions.TestDecorator.basicRun(TestDecorator.java:24)
	at junit.extensions.TestSetup$1.protect(TestSetup.java:21)
	at junit.extensions.TestSetup.run(TestSetup.java:25)

Testcase: test61 took 0 sec
	FAILED
Test 61 faild. with signature:private int AttributeForTest;
junit.framework.AssertionFailedError: Test 61 faild. with signature:private int AttributeForTest;
	at com.topcoder.umltool.deploy.codegen.test.CTests.checkSignature(CTests.java:86)
	at com.topcoder.umltool.deploy.codegen.test.CTests.test61(CTests.java:904)
	at junit.extensions.TestDecorator.basicRun(TestDecorator.java:24)
	at junit.extensions.TestSetup$1.protect(TestSetup.java:21)
	at junit.extensions.TestSetup.run(TestSetup.java:25)
	at junit.extensions.TestDecorator.basicRun(TestDecorator.java:24)
	at junit.extensions.TestSetup$1.protect(TestSetup.java:21)
	at junit.extensions.TestSetup.run(TestSetup.java:25)

Testcase: test62 took 0 sec
	FAILED
Test 62 faild. with signature:private const int AttributeForTest;
junit.framework.AssertionFailedError: Test 62 faild. with signature:private const int AttributeForTest;
	at com.topcoder.umltool.deploy.codegen.test.CTests.checkSignature(CTests.java:86)
	at com.topcoder.umltool.deploy.codegen.test.CTests.test62(CTests.java:917)
	at junit.extensions.TestDecorator.basicRun(TestDecorator.java:24)
	at junit.extensions.TestSetup$1.protect(TestSetup.java:21)
	at junit.extensions.TestSetup.run(TestSetup.java:25)
	at junit.extensions.TestDecorator.basicRun(TestDecorator.java:24)
	at junit.extensions.TestSetup$1.protect(TestSetup.java:21)
	at junit.extensions.TestSetup.run(TestSetup.java:25)

Testcase: test63 took 0.001 sec
	FAILED
Test 63 faild. with signature:public static int AttributeForTest;
junit.framework.AssertionFailedError: Test 63 faild. with signature:public static int AttributeForTest;
	at com.topcoder.umltool.deploy.codegen.test.CTests.checkSignature(CTests.java:86)
	at com.topcoder.umltool.deploy.codegen.test.CTests.test63(CTests.java:930)
	at junit.extensions.TestDecorator.basicRun(TestDecorator.java:24)
	at junit.extensions.TestSetup$1.protect(TestSetup.java:21)
	at junit.extensions.TestSetup.run(TestSetup.java:25)
	at junit.extensions.TestDecorator.basicRun(TestDecorator.java:24)
	at junit.extensions.TestSetup$1.protect(TestSetup.java:21)
	at junit.extensions.TestSetup.run(TestSetup.java:25)

Testcase: test64 took 0.001 sec
	FAILED
Test 64 faild. with signature:public int AttributeForTest;
junit.framework.AssertionFailedError: Test 64 faild. with signature:public int AttributeForTest;
	at com.topcoder.umltool.deploy.codegen.test.CTests.checkSignature(CTests.java:86)
	at com.topcoder.umltool.deploy.codegen.test.CTests.test64(CTests.java:944)
	at junit.extensions.TestDecorator.basicRun(TestDecorator.java:24)
	at junit.extensions.TestSetup$1.protect(TestSetup.java:21)
	at junit.extensions.TestSetup.run(TestSetup.java:25)
	at junit.extensions.TestDecorator.basicRun(TestDecorator.java:24)
	at junit.extensions.TestSetup$1.protect(TestSetup.java:21)
	at junit.extensions.TestSetup.run(TestSetup.java:25)

Testcase: test65 took 0.001 sec
	FAILED
Test 65 faild. with signature:public static const int AttributeForTest;
junit.framework.AssertionFailedError: Test 65 faild. with signature:public static const int AttributeForTest;
	at com.topcoder.umltool.deploy.codegen.test.CTests.checkSignature(CTests.java:86)
	at com.topcoder.umltool.deploy.codegen.test.CTests.test65(CTests.java:957)
	at junit.extensions.TestDecorator.basicRun(TestDecorator.java:24)
	at junit.extensions.TestSetup$1.protect(TestSetup.java:21)
	at junit.extensions.TestSetup.run(TestSetup.java:25)
	at junit.extensions.TestDecorator.basicRun(TestDecorator.java:24)
	at junit.extensions.TestSetup$1.protect(TestSetup.java:21)
	at junit.extensions.TestSetup.run(TestSetup.java:25)

Testcase: test66 took 0.001 sec
	FAILED
Test 66 faild. with signature:public const int AttributeForTest;
junit.framework.AssertionFailedError: Test 66 faild. with signature:public const int AttributeForTest;
	at com.topcoder.umltool.deploy.codegen.test.CTests.checkSignature(CTests.java:86)
	at com.topcoder.umltool.deploy.codegen.test.CTests.test66(CTests.java:970)
	at junit.extensions.TestDecorator.basicRun(TestDecorator.java:24)
	at junit.extensions.TestSetup$1.protect(TestSetup.java:21)
	at junit.extensions.TestSetup.run(TestSetup.java:25)
	at junit.extensions.TestDecorator.basicRun(TestDecorator.java:24)
	at junit.extensions.TestSetup$1.protect(TestSetup.java:21)
	at junit.extensions.TestSetup.run(TestSetup.java:25)

Testcase: test67 took 0.001 sec
	FAILED
Test 67 faild. with signature:protected static int AttributeForTest;
junit.framework.AssertionFailedError: Test 67 faild. with signature:protected static int AttributeForTest;
	at com.topcoder.umltool.deploy.codegen.test.CTests.checkSignature(CTests.java:86)
	at com.topcoder.umltool.deploy.codegen.test.CTests.test67(CTests.java:984)
	at junit.extensions.TestDecorator.basicRun(TestDecorator.java:24)
	at junit.extensions.TestSetup$1.protect(TestSetup.java:21)
	at junit.extensions.TestSetup.run(TestSetup.java:25)
	at junit.extensions.TestDecorator.basicRun(TestDecorator.java:24)
	at junit.extensions.TestSetup$1.protect(TestSetup.java:21)
	at junit.extensions.TestSetup.run(TestSetup.java:25)

Testcase: test68 took 0 sec
	FAILED
Test 68 faild. with signature:protected int AttributeForTest;
junit.framework.AssertionFailedError: Test 68 faild. with signature:protected int AttributeForTest;
	at com.topcoder.umltool.deploy.codegen.test.CTests.checkSignature(CTests.java:86)
	at com.topcoder.umltool.deploy.codegen.test.CTests.test68(CTests.java:998)
	at junit.extensions.TestDecorator.basicRun(TestDecorator.java:24)
	at junit.extensions.TestSetup$1.protect(TestSetup.java:21)
	at junit.extensions.TestSetup.run(TestSetup.java:25)
	at junit.extensions.TestDecorator.basicRun(TestDecorator.java:24)
	at junit.extensions.TestSetup$1.protect(TestSetup.java:21)
	at junit.extensions.TestSetup.run(TestSetup.java:25)

Testcase: test69 took 0 sec
	FAILED
Test 69 faild. with signature:protected static const int AttributeForTest;
junit.framework.AssertionFailedError: Test 69 faild. with signature:protected static const int AttributeForTest;
	at com.topcoder.umltool.deploy.codegen.test.CTests.checkSignature(CTests.java:86)
	at com.topcoder.umltool.deploy.codegen.test.CTests.test69(CTests.java:1011)
	at junit.extensions.TestDecorator.basicRun(TestDecorator.java:24)
	at junit.extensions.TestSetup$1.protect(TestSetup.java:21)
	at junit.extensions.TestSetup.run(TestSetup.java:25)
	at junit.extensions.TestDecorator.basicRun(TestDecorator.java:24)
	at junit.extensions.TestSetup$1.protect(TestSetup.java:21)
	at junit.extensions.TestSetup.run(TestSetup.java:25)

Testcase: test70 took 0 sec
	FAILED
Test 70 faild. with signature:protected const int AttributeForTest;
junit.framework.AssertionFailedError: Test 70 faild. with signature:protected const int AttributeForTest;
	at com.topcoder.umltool.deploy.codegen.test.CTests.checkSignature(CTests.java:86)
	at com.topcoder.umltool.deploy.codegen.test.CTests.test70(CTests.java:1025)
	at junit.extensions.TestDecorator.basicRun(TestDecorator.java:24)
	at junit.extensions.TestSetup$1.protect(TestSetup.java:21)
	at junit.extensions.TestSetup.run(TestSetup.java:25)
	at junit.extensions.TestDecorator.basicRun(TestDecorator.java:24)
	at junit.extensions.TestSetup$1.protect(TestSetup.java:21)
	at junit.extensions.TestSetup.run(TestSetup.java:25)

Testcase: test71 took 0 sec
	FAILED
Test 71 faild. with signature:static int AttributeForTest;
junit.framework.AssertionFailedError: Test 71 faild. with signature:static int AttributeForTest;
	at com.topcoder.umltool.deploy.codegen.test.CTests.checkSignature(CTests.java:86)
	at com.topcoder.umltool.deploy.codegen.test.CTests.test71(CTests.java:1039)
	at junit.extensions.TestDecorator.basicRun(TestDecorator.java:24)
	at junit.extensions.TestSetup$1.protect(TestSetup.java:21)
	at junit.extensions.TestSetup.run(TestSetup.java:25)
	at junit.extensions.TestDecorator.basicRun(TestDecorator.java:24)
	at junit.extensions.TestSetup$1.protect(TestSetup.java:21)
	at junit.extensions.TestSetup.run(TestSetup.java:25)

Testcase: test72 took 0.001 sec
	FAILED
Test 72 faild. with signature:int AttributeForTest;
junit.framework.AssertionFailedError: Test 72 faild. with signature:int AttributeForTest;
	at com.topcoder.umltool.deploy.codegen.test.CTests.checkSignature(CTests.java:86)
	at com.topcoder.umltool.deploy.codegen.test.CTests.test72(CTests.java:1053)
	at junit.extensions.TestDecorator.basicRun(TestDecorator.java:24)
	at junit.extensions.TestSetup$1.protect(TestSetup.java:21)
	at junit.extensions.TestSetup.run(TestSetup.java:25)
	at junit.extensions.TestDecorator.basicRun(TestDecorator.java:24)
	at junit.extensions.TestSetup$1.protect(TestSetup.java:21)
	at junit.extensions.TestSetup.run(TestSetup.java:25)

Testcase: test73 took 0.001 sec
	FAILED
Test 73 faild. with signature:static const int AttributeForTest;
junit.framework.AssertionFailedError: Test 73 faild. with signature:static const int AttributeForTest;
	at com.topcoder.umltool.deploy.codegen.test.CTests.checkSignature(CTests.java:86)
	at com.topcoder.umltool.deploy.codegen.test.CTests.test73(CTests.java:1066)
	at junit.extensions.TestDecorator.basicRun(TestDecorator.java:24)
	at junit.extensions.TestSetup$1.protect(TestSetup.java:21)
	at junit.extensions.TestSetup.run(TestSetup.java:25)
	at junit.extensions.TestDecorator.basicRun(TestDecorator.java:24)
	at junit.extensions.TestSetup$1.protect(TestSetup.java:21)
	at junit.extensions.TestSetup.run(TestSetup.java:25)

Testcase: test74 took 0.001 sec
	FAILED
Test 74 faild. with signature:const int AttributeForTest;
junit.framework.AssertionFailedError: Test 74 faild. with signature:const int AttributeForTest;
	at com.topcoder.umltool.deploy.codegen.test.CTests.checkSignature(CTests.java:86)
	at com.topcoder.umltool.deploy.codegen.test.CTests.test74(CTests.java:1079)
	at junit.extensions.TestDecorator.basicRun(TestDecorator.java:24)
	at junit.extensions.TestSetup$1.protect(TestSetup.java:21)
	at junit.extensions.TestSetup.run(TestSetup.java:25)
	at junit.extensions.TestDecorator.basicRun(TestDecorator.java:24)
	at junit.extensions.TestSetup$1.protect(TestSetup.java:21)
	at junit.extensions.TestSetup.run(TestSetup.java:25)

Testcase: test75 took 0.001 sec
	FAILED
Test 75 faild. with signature:private static int AttributeForTest;
junit.framework.AssertionFailedError: Test 75 faild. with signature:private static int AttributeForTest;
	at com.topcoder.umltool.deploy.codegen.test.CTests.checkSignature(CTests.java:86)
	at com.topcoder.umltool.deploy.codegen.test.CTests.test75(CTests.java:1093)
	at junit.extensions.TestDecorator.basicRun(TestDecorator.java:24)
	at junit.extensions.TestSetup$1.protect(TestSetup.java:21)
	at junit.extensions.TestSetup.run(TestSetup.java:25)
	at junit.extensions.TestDecorator.basicRun(TestDecorator.java:24)
	at junit.extensions.TestSetup$1.protect(TestSetup.java:21)
	at junit.extensions.TestSetup.run(TestSetup.java:25)

Testcase: test76 took 0 sec
	FAILED
Test 76 faild. with signature:private int AttributeForTest;
junit.framework.AssertionFailedError: Test 76 faild. with signature:private int AttributeForTest;
	at com.topcoder.umltool.deploy.codegen.test.CTests.checkSignature(CTests.java:86)
	at com.topcoder.umltool.deploy.codegen.test.CTests.test76(CTests.java:1107)
	at junit.extensions.TestDecorator.basicRun(TestDecorator.java:24)
	at junit.extensions.TestSetup$1.protect(TestSetup.java:21)
	at junit.extensions.TestSetup.run(TestSetup.java:25)
	at junit.extensions.TestDecorator.basicRun(TestDecorator.java:24)
	at junit.extensions.TestSetup$1.protect(TestSetup.java:21)
	at junit.extensions.TestSetup.run(TestSetup.java:25)

Testcase: test77 took 0.001 sec
	FAILED
Test 77 faild. with signature:private static const int AttributeForTest;
junit.framework.AssertionFailedError: Test 77 faild. with signature:private static const int AttributeForTest;
	at com.topcoder.umltool.deploy.codegen.test.CTests.checkSignature(CTests.java:86)
	at com.topcoder.umltool.deploy.codegen.test.CTests.test77(CTests.java:1120)
	at junit.extensions.TestDecorator.basicRun(TestDecorator.java:24)
	at junit.extensions.TestSetup$1.protect(TestSetup.java:21)
	at junit.extensions.TestSetup.run(TestSetup.java:25)
	at junit.extensions.TestDecorator.basicRun(TestDecorator.java:24)
	at junit.extensions.TestSetup$1.protect(TestSetup.java:21)
	at junit.extensions.TestSetup.run(TestSetup.java:25)

Testcase: test78 took 0 sec
	FAILED
Test 78 faild. with signature:private const int AttributeForTest;
junit.framework.AssertionFailedError: Test 78 faild. with signature:private const int AttributeForTest;
	at com.topcoder.umltool.deploy.codegen.test.CTests.checkSignature(CTests.java:86)
	at com.topcoder.umltool.deploy.codegen.test.CTests.test78(CTests.java:1133)
	at junit.extensions.TestDecorator.basicRun(TestDecorator.java:24)
	at junit.extensions.TestSetup$1.protect(TestSetup.java:21)
	at junit.extensions.TestSetup.run(TestSetup.java:25)
	at junit.extensions.TestDecorator.basicRun(TestDecorator.java:24)
	at junit.extensions.TestSetup$1.protect(TestSetup.java:21)
	at junit.extensions.TestSetup.run(TestSetup.java:25)

Testcase: test79 took 0 sec
	FAILED
Test 79 faild. with signature:public int MethodForTest() {
junit.framework.AssertionFailedError: Test 79 faild. with signature:public int MethodForTest() {
	at com.topcoder.umltool.deploy.codegen.test.CTests.checkSignatureWithBraces(CTests.java:67)
	at com.topcoder.umltool.deploy.codegen.test.CTests.test79(CTests.java:1146)
	at junit.extensions.TestDecorator.basicRun(TestDecorator.java:24)
	at junit.extensions.TestSetup$1.protect(TestSetup.java:21)
	at junit.extensions.TestSetup.run(TestSetup.java:25)
	at junit.extensions.TestDecorator.basicRun(TestDecorator.java:24)
	at junit.extensions.TestSetup$1.protect(TestSetup.java:21)
	at junit.extensions.TestSetup.run(TestSetup.java:25)

Testcase: test80 took 0 sec
	FAILED
Test 80 faild. with signature:protected int MethodForTest() {
junit.framework.AssertionFailedError: Test 80 faild. with signature:protected int MethodForTest() {
	at com.topcoder.umltool.deploy.codegen.test.CTests.checkSignatureWithBraces(CTests.java:67)
	at com.topcoder.umltool.deploy.codegen.test.CTests.test80(CTests.java:1159)
	at junit.extensions.TestDecorator.basicRun(TestDecorator.java:24)
	at junit.extensions.TestSetup$1.protect(TestSetup.java:21)
	at junit.extensions.TestSetup.run(TestSetup.java:25)
	at junit.extensions.TestDecorator.basicRun(TestDecorator.java:24)
	at junit.extensions.TestSetup$1.protect(TestSetup.java:21)
	at junit.extensions.TestSetup.run(TestSetup.java:25)

Testcase: test81 took 0 sec
	FAILED
Test 81 faild. with signature:int MethodForTest() {
junit.framework.AssertionFailedError: Test 81 faild. with signature:int MethodForTest() {
	at com.topcoder.umltool.deploy.codegen.test.CTests.checkSignatureWithBraces(CTests.java:67)
	at com.topcoder.umltool.deploy.codegen.test.CTests.test81(CTests.java:1172)
	at junit.extensions.TestDecorator.basicRun(TestDecorator.java:24)
	at junit.extensions.TestSetup$1.protect(TestSetup.java:21)
	at junit.extensions.TestSetup.run(TestSetup.java:25)
	at junit.extensions.TestDecorator.basicRun(TestDecorator.java:24)
	at junit.extensions.TestSetup$1.protect(TestSetup.java:21)
	at junit.extensions.TestSetup.run(TestSetup.java:25)

Testcase: test82 took 0 sec
	FAILED
Test 82 faild. with signature:private int MethodForTest() {
junit.framework.AssertionFailedError: Test 82 faild. with signature:private int MethodForTest() {
	at com.topcoder.umltool.deploy.codegen.test.CTests.checkSignatureWithBraces(CTests.java:67)
	at com.topcoder.umltool.deploy.codegen.test.CTests.test82(CTests.java:1185)
	at junit.extensions.TestDecorator.basicRun(TestDecorator.java:24)
	at junit.extensions.TestSetup$1.protect(TestSetup.java:21)
	at junit.extensions.TestSetup.run(TestSetup.java:25)
	at junit.extensions.TestDecorator.basicRun(TestDecorator.java:24)
	at junit.extensions.TestSetup$1.protect(TestSetup.java:21)
	at junit.extensions.TestSetup.run(TestSetup.java:25)

Testcase: test83 took 0 sec
	FAILED
Test 83 faild. with signature:public abstract int MethodForTest();
junit.framework.AssertionFailedError: Test 83 faild. with signature:public abstract int MethodForTest();
	at com.topcoder.umltool.deploy.codegen.test.CTests.checkSignatureWithBraces(CTests.java:67)
	at com.topcoder.umltool.deploy.codegen.test.CTests.test83(CTests.java:1198)
	at junit.extensions.TestDecorator.basicRun(TestDecorator.java:24)
	at junit.extensions.TestSetup$1.protect(TestSetup.java:21)
	at junit.extensions.TestSetup.run(TestSetup.java:25)
	at junit.extensions.TestDecorator.basicRun(TestDecorator.java:24)
	at junit.extensions.TestSetup$1.protect(TestSetup.java:21)
	at junit.extensions.TestSetup.run(TestSetup.java:25)

Testcase: test84 took 0 sec
	FAILED
Test 84 faild. with signature:protected abstract int MethodForTest();
junit.framework.AssertionFailedError: Test 84 faild. with signature:protected abstract int MethodForTest();
	at com.topcoder.umltool.deploy.codegen.test.CTests.checkSignatureWithBraces(CTests.java:67)
	at com.topcoder.umltool.deploy.codegen.test.CTests.test84(CTests.java:1211)
	at junit.extensions.TestDecorator.basicRun(TestDecorator.java:24)
	at junit.extensions.TestSetup$1.protect(TestSetup.java:21)
	at junit.extensions.TestSetup.run(TestSetup.java:25)
	at junit.extensions.TestDecorator.basicRun(TestDecorator.java:24)
	at junit.extensions.TestSetup$1.protect(TestSetup.java:21)
	at junit.extensions.TestSetup.run(TestSetup.java:25)

Testcase: test85 took 0.001 sec
	FAILED
Test 85 faild. with signature:abstract int MethodForTest();
junit.framework.AssertionFailedError: Test 85 faild. with signature:abstract int MethodForTest();
	at com.topcoder.umltool.deploy.codegen.test.CTests.checkSignatureWithBraces(CTests.java:67)
	at com.topcoder.umltool.deploy.codegen.test.CTests.test85(CTests.java:1224)
	at junit.extensions.TestDecorator.basicRun(TestDecorator.java:24)
	at junit.extensions.TestSetup$1.protect(TestSetup.java:21)
	at junit.extensions.TestSetup.run(TestSetup.java:25)
	at junit.extensions.TestDecorator.basicRun(TestDecorator.java:24)
	at junit.extensions.TestSetup$1.protect(TestSetup.java:21)
	at junit.extensions.TestSetup.run(TestSetup.java:25)

Testcase: test86 took 0 sec
	FAILED
Test 86 faild. with signature:private abstract int MethodForTest();
junit.framework.AssertionFailedError: Test 86 faild. with signature:private abstract int MethodForTest();
	at com.topcoder.umltool.deploy.codegen.test.CTests.checkSignatureWithBraces(CTests.java:67)
	at com.topcoder.umltool.deploy.codegen.test.CTests.test86(CTests.java:1237)
	at junit.extensions.TestDecorator.basicRun(TestDecorator.java:24)
	at junit.extensions.TestSetup$1.protect(TestSetup.java:21)
	at junit.extensions.TestSetup.run(TestSetup.java:25)
	at junit.extensions.TestDecorator.basicRun(TestDecorator.java:24)
	at junit.extensions.TestSetup$1.protect(TestSetup.java:21)
	at junit.extensions.TestSetup.run(TestSetup.java:25)

Testcase: test87 took 0.001 sec
	FAILED
Test 87 faild. with signature:public sealed int MethodForTest() {
junit.framework.AssertionFailedError: Test 87 faild. with signature:public sealed int MethodForTest() {
	at com.topcoder.umltool.deploy.codegen.test.CTests.checkSignatureWithBraces(CTests.java:67)
	at com.topcoder.umltool.deploy.codegen.test.CTests.test87(CTests.java:1250)
	at junit.extensions.TestDecorator.basicRun(TestDecorator.java:24)
	at junit.extensions.TestSetup$1.protect(TestSetup.java:21)
	at junit.extensions.TestSetup.run(TestSetup.java:25)
	at junit.extensions.TestDecorator.basicRun(TestDecorator.java:24)
	at junit.extensions.TestSetup$1.protect(TestSetup.java:21)
	at junit.extensions.TestSetup.run(TestSetup.java:25)

Testcase: test88 took 0 sec
	FAILED
Test 88 faild. with signature:protected sealed int MethodForTest() {
junit.framework.AssertionFailedError: Test 88 faild. with signature:protected sealed int MethodForTest() {
	at com.topcoder.umltool.deploy.codegen.test.CTests.checkSignatureWithBraces(CTests.java:67)
	at com.topcoder.umltool.deploy.codegen.test.CTests.test88(CTests.java:1263)
	at junit.extensions.TestDecorator.basicRun(TestDecorator.java:24)
	at junit.extensions.TestSetup$1.protect(TestSetup.java:21)
	at junit.extensions.TestSetup.run(TestSetup.java:25)
	at junit.extensions.TestDecorator.basicRun(TestDecorator.java:24)
	at junit.extensions.TestSetup$1.protect(TestSetup.java:21)
	at junit.extensions.TestSetup.run(TestSetup.java:25)

Testcase: test89 took 0.001 sec
	FAILED
Test 89 faild. with signature:sealed int MethodForTest() {
junit.framework.AssertionFailedError: Test 89 faild. with signature:sealed int MethodForTest() {
	at com.topcoder.umltool.deploy.codegen.test.CTests.checkSignatureWithBraces(CTests.java:67)
	at com.topcoder.umltool.deploy.codegen.test.CTests.test89(CTests.java:1276)
	at junit.extensions.TestDecorator.basicRun(TestDecorator.java:24)
	at junit.extensions.TestSetup$1.protect(TestSetup.java:21)
	at junit.extensions.TestSetup.run(TestSetup.java:25)
	at junit.extensions.TestDecorator.basicRun(TestDecorator.java:24)
	at junit.extensions.TestSetup$1.protect(TestSetup.java:21)
	at junit.extensions.TestSetup.run(TestSetup.java:25)

Testcase: test90 took 0 sec
	FAILED
Test 90 faild. with signature:private sealed int MethodForTest() {
junit.framework.AssertionFailedError: Test 90 faild. with signature:private sealed int MethodForTest() {
	at com.topcoder.umltool.deploy.codegen.test.CTests.checkSignatureWithBraces(CTests.java:67)
	at com.topcoder.umltool.deploy.codegen.test.CTests.test90(CTests.java:1289)
	at junit.extensions.TestDecorator.basicRun(TestDecorator.java:24)
	at junit.extensions.TestSetup$1.protect(TestSetup.java:21)
	at junit.extensions.TestSetup.run(TestSetup.java:25)
	at junit.extensions.TestDecorator.basicRun(TestDecorator.java:24)
	at junit.extensions.TestSetup$1.protect(TestSetup.java:21)
	at junit.extensions.TestSetup.run(TestSetup.java:25)

Testcase: test91 took 0 sec
	FAILED
Test 91 faild. with signature:public static int MethodForTest() {
junit.framework.AssertionFailedError: Test 91 faild. with signature:public static int MethodForTest() {
	at com.topcoder.umltool.deploy.codegen.test.CTests.checkSignatureWithBraces(CTests.java:67)
	at com.topcoder.umltool.deploy.codegen.test.CTests.test91(CTests.java:1302)
	at junit.extensions.TestDecorator.basicRun(TestDecorator.java:24)
	at junit.extensions.TestSetup$1.protect(TestSetup.java:21)
	at junit.extensions.TestSetup.run(TestSetup.java:25)
	at junit.extensions.TestDecorator.basicRun(TestDecorator.java:24)
	at junit.extensions.TestSetup$1.protect(TestSetup.java:21)
	at junit.extensions.TestSetup.run(TestSetup.java:25)

Testcase: test92 took 0 sec
	FAILED
Test 92 faild. with signature:protected static int MethodForTest() {
junit.framework.AssertionFailedError: Test 92 faild. with signature:protected static int MethodForTest() {
	at com.topcoder.umltool.deploy.codegen.test.CTests.checkSignatureWithBraces(CTests.java:67)
	at com.topcoder.umltool.deploy.codegen.test.CTests.test92(CTests.java:1315)
	at junit.extensions.TestDecorator.basicRun(TestDecorator.java:24)
	at junit.extensions.TestSetup$1.protect(TestSetup.java:21)
	at junit.extensions.TestSetup.run(TestSetup.java:25)
	at junit.extensions.TestDecorator.basicRun(TestDecorator.java:24)
	at junit.extensions.TestSetup$1.protect(TestSetup.java:21)
	at junit.extensions.TestSetup.run(TestSetup.java:25)

Testcase: test93 took 0.001 sec
	FAILED
Test 93 faild. with signature:static int MethodForTest() {
junit.framework.AssertionFailedError: Test 93 faild. with signature:static int MethodForTest() {
	at com.topcoder.umltool.deploy.codegen.test.CTests.checkSignatureWithBraces(CTests.java:67)
	at com.topcoder.umltool.deploy.codegen.test.CTests.test93(CTests.java:1328)
	at junit.extensions.TestDecorator.basicRun(TestDecorator.java:24)
	at junit.extensions.TestSetup$1.protect(TestSetup.java:21)
	at junit.extensions.TestSetup.run(TestSetup.java:25)
	at junit.extensions.TestDecorator.basicRun(TestDecorator.java:24)
	at junit.extensions.TestSetup$1.protect(TestSetup.java:21)
	at junit.extensions.TestSetup.run(TestSetup.java:25)

Testcase: test94 took 0.001 sec
	FAILED
Test 94 faild. with signature:private static int MethodForTest() {
junit.framework.AssertionFailedError: Test 94 faild. with signature:private static int MethodForTest() {
	at com.topcoder.umltool.deploy.codegen.test.CTests.checkSignatureWithBraces(CTests.java:67)
	at com.topcoder.umltool.deploy.codegen.test.CTests.test94(CTests.java:1341)
	at junit.extensions.TestDecorator.basicRun(TestDecorator.java:24)
	at junit.extensions.TestSetup$1.protect(TestSetup.java:21)
	at junit.extensions.TestSetup.run(TestSetup.java:25)
	at junit.extensions.TestDecorator.basicRun(TestDecorator.java:24)
	at junit.extensions.TestSetup$1.protect(TestSetup.java:21)
	at junit.extensions.TestSetup.run(TestSetup.java:25)

Testcase: test95 took 0.001 sec
	FAILED
Test 95 faild. with signature:public sealed static int MethodForTest() {
junit.framework.AssertionFailedError: Test 95 faild. with signature:public sealed static int MethodForTest() {
	at com.topcoder.umltool.deploy.codegen.test.CTests.checkSignatureWithBraces(CTests.java:67)
	at com.topcoder.umltool.deploy.codegen.test.CTests.test95(CTests.java:1354)
	at junit.extensions.TestDecorator.basicRun(TestDecorator.java:24)
	at junit.extensions.TestSetup$1.protect(TestSetup.java:21)
	at junit.extensions.TestSetup.run(TestSetup.java:25)
	at junit.extensions.TestDecorator.basicRun(TestDecorator.java:24)
	at junit.extensions.TestSetup$1.protect(TestSetup.java:21)
	at junit.extensions.TestSetup.run(TestSetup.java:25)

Testcase: test96 took 0 sec
	FAILED
Test 96 faild. with signature:protected sealed static int MethodForTest() {
junit.framework.AssertionFailedError: Test 96 faild. with signature:protected sealed static int MethodForTest() {
	at com.topcoder.umltool.deploy.codegen.test.CTests.checkSignatureWithBraces(CTests.java:67)
	at com.topcoder.umltool.deploy.codegen.test.CTests.test96(CTests.java:1367)
	at junit.extensions.TestDecorator.basicRun(TestDecorator.java:24)
	at junit.extensions.TestSetup$1.protect(TestSetup.java:21)
	at junit.extensions.TestSetup.run(TestSetup.java:25)
	at junit.extensions.TestDecorator.basicRun(TestDecorator.java:24)
	at junit.extensions.TestSetup$1.protect(TestSetup.java:21)
	at junit.extensions.TestSetup.run(TestSetup.java:25)

Testcase: test97 took 0 sec
	FAILED
Test 97 faild. with signature:sealed static int MethodForTest() {
junit.framework.AssertionFailedError: Test 97 faild. with signature:sealed static int MethodForTest() {
	at com.topcoder.umltool.deploy.codegen.test.CTests.checkSignatureWithBraces(CTests.java:67)
	at com.topcoder.umltool.deploy.codegen.test.CTests.test97(CTests.java:1380)
	at junit.extensions.TestDecorator.basicRun(TestDecorator.java:24)
	at junit.extensions.TestSetup$1.protect(TestSetup.java:21)
	at junit.extensions.TestSetup.run(TestSetup.java:25)
	at junit.extensions.TestDecorator.basicRun(TestDecorator.java:24)
	at junit.extensions.TestSetup$1.protect(TestSetup.java:21)
	at junit.extensions.TestSetup.run(TestSetup.java:25)

Testcase: test98 took 0 sec
	FAILED
Test 98 faild. with signature:private sealed static int MethodForTest() {
junit.framework.AssertionFailedError: Test 98 faild. with signature:private sealed static int MethodForTest() {
	at com.topcoder.umltool.deploy.codegen.test.CTests.checkSignatureWithBraces(CTests.java:67)
	at com.topcoder.umltool.deploy.codegen.test.CTests.test98(CTests.java:1393)
	at junit.extensions.TestDecorator.basicRun(TestDecorator.java:24)
	at junit.extensions.TestSetup$1.protect(TestSetup.java:21)
	at junit.extensions.TestSetup.run(TestSetup.java:25)
	at junit.extensions.TestDecorator.basicRun(TestDecorator.java:24)
	at junit.extensions.TestSetup$1.protect(TestSetup.java:21)
	at junit.extensions.TestSetup.run(TestSetup.java:25)

Testcase: test99 took 0.001 sec
	FAILED
Test 99 faild. with signature:public int MethodForTest() {
junit.framework.AssertionFailedError: Test 99 faild. with signature:public int MethodForTest() {
	at com.topcoder.umltool.deploy.codegen.test.CTests.checkSignatureWithBraces(CTests.java:67)
	at com.topcoder.umltool.deploy.codegen.test.CTests.test99(CTests.java:1406)
	at junit.extensions.TestDecorator.basicRun(TestDecorator.java:24)
	at junit.extensions.TestSetup$1.protect(TestSetup.java:21)
	at junit.extensions.TestSetup.run(TestSetup.java:25)
	at junit.extensions.TestDecorator.basicRun(TestDecorator.java:24)
	at junit.extensions.TestSetup$1.protect(TestSetup.java:21)
	at junit.extensions.TestSetup.run(TestSetup.java:25)

Testcase: test100 took 0 sec
	FAILED
Test 100 faild. with signature:public interface InterfaceForTest{
junit.framework.AssertionFailedError: Test 100 faild. with signature:public interface InterfaceForTest{
	at com.topcoder.umltool.deploy.codegen.test.CTests.checkSignatureWithBraces(CTests.java:67)
	at com.topcoder.umltool.deploy.codegen.test.CTests.test100(CTests.java:1419)
	at junit.extensions.TestDecorator.basicRun(TestDecorator.java:24)
	at junit.extensions.TestSetup$1.protect(TestSetup.java:21)
	at junit.extensions.TestSetup.run(TestSetup.java:25)
	at junit.extensions.TestDecorator.basicRun(TestDecorator.java:24)
	at junit.extensions.TestSetup$1.protect(TestSetup.java:21)
	at junit.extensions.TestSetup.run(TestSetup.java:25)

Testcase: test101 took 0 sec
	FAILED
Test 101 faild. with signature:protected interface InterfaceForTest{
junit.framework.AssertionFailedError: Test 101 faild. with signature:protected interface InterfaceForTest{
	at com.topcoder.umltool.deploy.codegen.test.CTests.checkSignatureWithBraces(CTests.java:67)
	at com.topcoder.umltool.deploy.codegen.test.CTests.test101(CTests.java:1432)
	at junit.extensions.TestDecorator.basicRun(TestDecorator.java:24)
	at junit.extensions.TestSetup$1.protect(TestSetup.java:21)
	at junit.extensions.TestSetup.run(TestSetup.java:25)
	at junit.extensions.TestDecorator.basicRun(TestDecorator.java:24)
	at junit.extensions.TestSetup$1.protect(TestSetup.java:21)
	at junit.extensions.TestSetup.run(TestSetup.java:25)

Testcase: test102 took 0 sec
	FAILED
Test 102 faild. with signature:interface InterfaceForTest{
junit.framework.AssertionFailedError: Test 102 faild. with signature:interface InterfaceForTest{
	at com.topcoder.umltool.deploy.codegen.test.CTests.checkSignatureWithBraces(CTests.java:67)
	at com.topcoder.umltool.deploy.codegen.test.CTests.test102(CTests.java:1445)
	at junit.extensions.TestDecorator.basicRun(TestDecorator.java:24)
	at junit.extensions.TestSetup$1.protect(TestSetup.java:21)
	at junit.extensions.TestSetup.run(TestSetup.java:25)
	at junit.extensions.TestDecorator.basicRun(TestDecorator.java:24)
	at junit.extensions.TestSetup$1.protect(TestSetup.java:21)
	at junit.extensions.TestSetup.run(TestSetup.java:25)

Testcase: test103 took 0 sec
	FAILED
Test 103 faild. with signature:private interface InterfaceForTest{
junit.framework.AssertionFailedError: Test 103 faild. with signature:private interface InterfaceForTest{
	at com.topcoder.umltool.deploy.codegen.test.CTests.checkSignatureWithBraces(CTests.java:67)
	at com.topcoder.umltool.deploy.codegen.test.CTests.test103(CTests.java:1458)
	at junit.extensions.TestDecorator.basicRun(TestDecorator.java:24)
	at junit.extensions.TestSetup$1.protect(TestSetup.java:21)
	at junit.extensions.TestSetup.run(TestSetup.java:25)
	at junit.extensions.TestDecorator.basicRun(TestDecorator.java:24)
	at junit.extensions.TestSetup$1.protect(TestSetup.java:21)
	at junit.extensions.TestSetup.run(TestSetup.java:25)

Testcase: test104 took 0 sec
	FAILED
Test 104 faild. with signature:InterfaceForTest{
junit.framework.AssertionFailedError: Test 104 faild. with signature:InterfaceForTest{
	at com.topcoder.umltool.deploy.codegen.test.CTests.checkSignatureWithBraces(CTests.java:67)
	at com.topcoder.umltool.deploy.codegen.test.CTests.test104(CTests.java:1471)
	at junit.extensions.TestDecorator.basicRun(TestDecorator.java:24)
	at junit.extensions.TestSetup$1.protect(TestSetup.java:21)
	at junit.extensions.TestSetup.run(TestSetup.java:25)
	at junit.extensions.TestDecorator.basicRun(TestDecorator.java:24)
	at junit.extensions.TestSetup$1.protect(TestSetup.java:21)
	at junit.extensions.TestSetup.run(TestSetup.java:25)

Testcase: test105 took 0 sec
	FAILED
Test 105 faild. with signature:protected abstract interface InterfaceForTest{
junit.framework.AssertionFailedError: Test 105 faild. with signature:protected abstract interface InterfaceForTest{
	at com.topcoder.umltool.deploy.codegen.test.CTests.checkSignatureWithBraces(CTests.java:67)
	at com.topcoder.umltool.deploy.codegen.test.CTests.test105(CTests.java:1484)
	at junit.extensions.TestDecorator.basicRun(TestDecorator.java:24)
	at junit.extensions.TestSetup$1.protect(TestSetup.java:21)
	at junit.extensions.TestSetup.run(TestSetup.java:25)
	at junit.extensions.TestDecorator.basicRun(TestDecorator.java:24)
	at junit.extensions.TestSetup$1.protect(TestSetup.java:21)
	at junit.extensions.TestSetup.run(TestSetup.java:25)

Testcase: test106 took 0 sec
	FAILED
Test 106 faild. with signature:abstract interface InterfaceForTest{
junit.framework.AssertionFailedError: Test 106 faild. with signature:abstract interface InterfaceForTest{
	at com.topcoder.umltool.deploy.codegen.test.CTests.checkSignatureWithBraces(CTests.java:67)
	at com.topcoder.umltool.deploy.codegen.test.CTests.test106(CTests.java:1497)
	at junit.extensions.TestDecorator.basicRun(TestDecorator.java:24)
	at junit.extensions.TestSetup$1.protect(TestSetup.java:21)
	at junit.extensions.TestSetup.run(TestSetup.java:25)
	at junit.extensions.TestDecorator.basicRun(TestDecorator.java:24)
	at junit.extensions.TestSetup$1.protect(TestSetup.java:21)
	at junit.extensions.TestSetup.run(TestSetup.java:25)

Testcase: test107 took 0.001 sec
	FAILED
Test 107 faild. with signature:private abstract interface InterfaceForTest{
junit.framework.AssertionFailedError: Test 107 faild. with signature:private abstract interface InterfaceForTest{
	at com.topcoder.umltool.deploy.codegen.test.CTests.checkSignatureWithBraces(CTests.java:67)
	at com.topcoder.umltool.deploy.codegen.test.CTests.test107(CTests.java:1510)
	at junit.extensions.TestDecorator.basicRun(TestDecorator.java:24)
	at junit.extensions.TestSetup$1.protect(TestSetup.java:21)
	at junit.extensions.TestSetup.run(TestSetup.java:25)
	at junit.extensions.TestDecorator.basicRun(TestDecorator.java:24)
	at junit.extensions.TestSetup$1.protect(TestSetup.java:21)
	at junit.extensions.TestSetup.run(TestSetup.java:25)

Testcase: test108 took 0 sec
	FAILED
Test 108 faild. with signature:public interface InterfaceForTest{
junit.framework.AssertionFailedError: Test 108 faild. with signature:public interface InterfaceForTest{
	at com.topcoder.umltool.deploy.codegen.test.CTests.checkSignatureWithBraces(CTests.java:67)
	at com.topcoder.umltool.deploy.codegen.test.CTests.test108(CTests.java:1523)
	at junit.extensions.TestDecorator.basicRun(TestDecorator.java:24)
	at junit.extensions.TestSetup$1.protect(TestSetup.java:21)
	at junit.extensions.TestSetup.run(TestSetup.java:25)
	at junit.extensions.TestDecorator.basicRun(TestDecorator.java:24)
	at junit.extensions.TestSetup$1.protect(TestSetup.java:21)
	at junit.extensions.TestSetup.run(TestSetup.java:25)

Testcase: test109 took 0 sec
	FAILED
Test 109 faild. with signature:protected interface InterfaceForTest{
junit.framework.AssertionFailedError: Test 109 faild. with signature:protected interface InterfaceForTest{
	at com.topcoder.umltool.deploy.codegen.test.CTests.checkSignatureWithBraces(CTests.java:67)
	at com.topcoder.umltool.deploy.codegen.test.CTests.test109(CTests.java:1536)
	at junit.extensions.TestDecorator.basicRun(TestDecorator.java:24)
	at junit.extensions.TestSetup$1.protect(TestSetup.java:21)
	at junit.extensions.TestSetup.run(TestSetup.java:25)
	at junit.extensions.TestDecorator.basicRun(TestDecorator.java:24)
	at junit.extensions.TestSetup$1.protect(TestSetup.java:21)
	at junit.extensions.TestSetup.run(TestSetup.java:25)

Testcase: test110 took 0 sec
	FAILED
Test 110 faild. with signature:interface InterfaceForTest{
junit.framework.AssertionFailedError: Test 110 faild. with signature:interface InterfaceForTest{
	at com.topcoder.umltool.deploy.codegen.test.CTests.checkSignatureWithBraces(CTests.java:67)
	at com.topcoder.umltool.deploy.codegen.test.CTests.test110(CTests.java:1549)
	at junit.extensions.TestDecorator.basicRun(TestDecorator.java:24)
	at junit.extensions.TestSetup$1.protect(TestSetup.java:21)
	at junit.extensions.TestSetup.run(TestSetup.java:25)
	at junit.extensions.TestDecorator.basicRun(TestDecorator.java:24)
	at junit.extensions.TestSetup$1.protect(TestSetup.java:21)
	at junit.extensions.TestSetup.run(TestSetup.java:25)

Testcase: test111 took 0 sec
	FAILED
Test 111 faild. with signature:private interface InterfaceForTest{
junit.framework.AssertionFailedError: Test 111 faild. with signature:private interface InterfaceForTest{
	at com.topcoder.umltool.deploy.codegen.test.CTests.checkSignatureWithBraces(CTests.java:67)
	at com.topcoder.umltool.deploy.codegen.test.CTests.test111(CTests.java:1562)
	at junit.extensions.TestDecorator.basicRun(TestDecorator.java:24)
	at junit.extensions.TestSetup$1.protect(TestSetup.java:21)
	at junit.extensions.TestSetup.run(TestSetup.java:25)
	at junit.extensions.TestDecorator.basicRun(TestDecorator.java:24)
	at junit.extensions.TestSetup$1.protect(TestSetup.java:21)
	at junit.extensions.TestSetup.run(TestSetup.java:25)

Testcase: test112 took 0 sec
	FAILED
Test 112 faild. with signature:public static interface InterfaceForTest{
junit.framework.AssertionFailedError: Test 112 faild. with signature:public static interface InterfaceForTest{
	at com.topcoder.umltool.deploy.codegen.test.CTests.checkSignatureWithBraces(CTests.java:67)
	at com.topcoder.umltool.deploy.codegen.test.CTests.test112(CTests.java:1575)
	at junit.extensions.TestDecorator.basicRun(TestDecorator.java:24)
	at junit.extensions.TestSetup$1.protect(TestSetup.java:21)
	at junit.extensions.TestSetup.run(TestSetup.java:25)
	at junit.extensions.TestDecorator.basicRun(TestDecorator.java:24)
	at junit.extensions.TestSetup$1.protect(TestSetup.java:21)
	at junit.extensions.TestSetup.run(TestSetup.java:25)

Testcase: test113 took 0 sec
	FAILED
Test 113 faild. with signature:protected static interface InterfaceForTest{
junit.framework.AssertionFailedError: Test 113 faild. with signature:protected static interface InterfaceForTest{
	at com.topcoder.umltool.deploy.codegen.test.CTests.checkSignatureWithBraces(CTests.java:67)
	at com.topcoder.umltool.deploy.codegen.test.CTests.test113(CTests.java:1588)
	at junit.extensions.TestDecorator.basicRun(TestDecorator.java:24)
	at junit.extensions.TestSetup$1.protect(TestSetup.java:21)
	at junit.extensions.TestSetup.run(TestSetup.java:25)
	at junit.extensions.TestDecorator.basicRun(TestDecorator.java:24)
	at junit.extensions.TestSetup$1.protect(TestSetup.java:21)
	at junit.extensions.TestSetup.run(TestSetup.java:25)

Testcase: test114 took 0 sec
	FAILED
Test 114 faild. with signature:static interface InterfaceForTest{
junit.framework.AssertionFailedError: Test 114 faild. with signature:static interface InterfaceForTest{
	at com.topcoder.umltool.deploy.codegen.test.CTests.checkSignatureWithBraces(CTests.java:67)
	at com.topcoder.umltool.deploy.codegen.test.CTests.test114(CTests.java:1601)
	at junit.extensions.TestDecorator.basicRun(TestDecorator.java:24)
	at junit.extensions.TestSetup$1.protect(TestSetup.java:21)
	at junit.extensions.TestSetup.run(TestSetup.java:25)
	at junit.extensions.TestDecorator.basicRun(TestDecorator.java:24)
	at junit.extensions.TestSetup$1.protect(TestSetup.java:21)
	at junit.extensions.TestSetup.run(TestSetup.java:25)

Testcase: test115 took 0 sec
	FAILED
Test 115 faild. with signature:private static interface InterfaceForTest{
junit.framework.AssertionFailedError: Test 115 faild. with signature:private static interface InterfaceForTest{
	at com.topcoder.umltool.deploy.codegen.test.CTests.checkSignatureWithBraces(CTests.java:67)
	at com.topcoder.umltool.deploy.codegen.test.CTests.test115(CTests.java:1614)
	at junit.extensions.TestDecorator.basicRun(TestDecorator.java:24)
	at junit.extensions.TestSetup$1.protect(TestSetup.java:21)
	at junit.extensions.TestSetup.run(TestSetup.java:25)
	at junit.extensions.TestDecorator.basicRun(TestDecorator.java:24)
	at junit.extensions.TestSetup$1.protect(TestSetup.java:21)
	at junit.extensions.TestSetup.run(TestSetup.java:25)

Testcase: test116 took 0 sec
	FAILED
Test 116 faild. with signature:public int MethodForTest();
junit.framework.AssertionFailedError: Test 116 faild. with signature:public int MethodForTest();
	at com.topcoder.umltool.deploy.codegen.test.CTests.checkSignatureWithBraces(CTests.java:67)
	at com.topcoder.umltool.deploy.codegen.test.CTests.test116(CTests.java:1627)
	at junit.extensions.TestDecorator.basicRun(TestDecorator.java:24)
	at junit.extensions.TestSetup$1.protect(TestSetup.java:21)
	at junit.extensions.TestSetup.run(TestSetup.java:25)
	at junit.extensions.TestDecorator.basicRun(TestDecorator.java:24)
	at junit.extensions.TestSetup$1.protect(TestSetup.java:21)
	at junit.extensions.TestSetup.run(TestSetup.java:25)

Testcase: test117 took 0 sec
	FAILED
Test 117 faild. with signature:protected int MethodForTest();
junit.framework.AssertionFailedError: Test 117 faild. with signature:protected int MethodForTest();
	at com.topcoder.umltool.deploy.codegen.test.CTests.checkSignatureWithBraces(CTests.java:67)
	at com.topcoder.umltool.deploy.codegen.test.CTests.test117(CTests.java:1640)
	at junit.extensions.TestDecorator.basicRun(TestDecorator.java:24)
	at junit.extensions.TestSetup$1.protect(TestSetup.java:21)
	at junit.extensions.TestSetup.run(TestSetup.java:25)
	at junit.extensions.TestDecorator.basicRun(TestDecorator.java:24)
	at junit.extensions.TestSetup$1.protect(TestSetup.java:21)
	at junit.extensions.TestSetup.run(TestSetup.java:25)

Testcase: test118 took 0 sec
	FAILED
Test 118 faild. with signature:int MethodForTest();
junit.framework.AssertionFailedError: Test 118 faild. with signature:int MethodForTest();
	at com.topcoder.umltool.deploy.codegen.test.CTests.checkSignatureWithBraces(CTests.java:67)
	at com.topcoder.umltool.deploy.codegen.test.CTests.test118(CTests.java:1653)
	at junit.extensions.TestDecorator.basicRun(TestDecorator.java:24)
	at junit.extensions.TestSetup$1.protect(TestSetup.java:21)
	at junit.extensions.TestSetup.run(TestSetup.java:25)
	at junit.extensions.TestDecorator.basicRun(TestDecorator.java:24)
	at junit.extensions.TestSetup$1.protect(TestSetup.java:21)
	at junit.extensions.TestSetup.run(TestSetup.java:25)

Testcase: test120 took 0 sec
	FAILED
Test 120 faild. with signature:public abstract int MethodForTest();
junit.framework.AssertionFailedError: Test 120 faild. with signature:public abstract int MethodForTest();
	at com.topcoder.umltool.deploy.codegen.test.CTests.checkSignatureWithBraces(CTests.java:67)
	at com.topcoder.umltool.deploy.codegen.test.CTests.test120(CTests.java:1666)
	at junit.extensions.TestDecorator.basicRun(TestDecorator.java:24)
	at junit.extensions.TestSetup$1.protect(TestSetup.java:21)
	at junit.extensions.TestSetup.run(TestSetup.java:25)
	at junit.extensions.TestDecorator.basicRun(TestDecorator.java:24)
	at junit.extensions.TestSetup$1.protect(TestSetup.java:21)
	at junit.extensions.TestSetup.run(TestSetup.java:25)

Testcase: test121 took 0 sec
	FAILED
Test 121 faild. with signature:protected abstract int MethodForTest();
junit.framework.AssertionFailedError: Test 121 faild. with signature:protected abstract int MethodForTest();
	at com.topcoder.umltool.deploy.codegen.test.CTests.checkSignatureWithBraces(CTests.java:67)
	at com.topcoder.umltool.deploy.codegen.test.CTests.test121(CTests.java:1679)
	at junit.extensions.TestDecorator.basicRun(TestDecorator.java:24)
	at junit.extensions.TestSetup$1.protect(TestSetup.java:21)
	at junit.extensions.TestSetup.run(TestSetup.java:25)
	at junit.extensions.TestDecorator.basicRun(TestDecorator.java:24)
	at junit.extensions.TestSetup$1.protect(TestSetup.java:21)
	at junit.extensions.TestSetup.run(TestSetup.java:25)

Testcase: test122 took 0.001 sec
	FAILED
Test 122 faild. with signature:abstract int MethodForTest();
junit.framework.AssertionFailedError: Test 122 faild. with signature:abstract int MethodForTest();
	at com.topcoder.umltool.deploy.codegen.test.CTests.checkSignatureWithBraces(CTests.java:67)
	at com.topcoder.umltool.deploy.codegen.test.CTests.test122(CTests.java:1692)
	at junit.extensions.TestDecorator.basicRun(TestDecorator.java:24)
	at junit.extensions.TestSetup$1.protect(TestSetup.java:21)
	at junit.extensions.TestSetup.run(TestSetup.java:25)
	at junit.extensions.TestDecorator.basicRun(TestDecorator.java:24)
	at junit.extensions.TestSetup$1.protect(TestSetup.java:21)
	at junit.extensions.TestSetup.run(TestSetup.java:25)

Testcase: test123 took 0 sec
	FAILED
Test 123 faild. with signature:private abstract int MethodForTest();
junit.framework.AssertionFailedError: Test 123 faild. with signature:private abstract int MethodForTest();
	at com.topcoder.umltool.deploy.codegen.test.CTests.checkSignatureWithBraces(CTests.java:67)
	at com.topcoder.umltool.deploy.codegen.test.CTests.test123(CTests.java:1705)
	at junit.extensions.TestDecorator.basicRun(TestDecorator.java:24)
	at junit.extensions.TestSetup$1.protect(TestSetup.java:21)
	at junit.extensions.TestSetup.run(TestSetup.java:25)
	at junit.extensions.TestDecorator.basicRun(TestDecorator.java:24)
	at junit.extensions.TestSetup$1.protect(TestSetup.java:21)
	at junit.extensions.TestSetup.run(TestSetup.java:25)

Testcase: test124 took 0.002 sec
	Caused an ERROR
\Users\nanda\Documents\TopCoder\workspace-tcuml\UMLToolFrontend\test_files\SwingUnitScript\CTest.xml (系统找不到指定的路径。)
java.io.FileNotFoundException: \Users\nanda\Documents\TopCoder\workspace-tcuml\UMLToolFrontend\test_files\SwingUnitScript\CTest.xml (系统找不到指定的路径。)
	at java.io.FileInputStream.open(Native Method)
	at java.io.FileInputStream.<init>(FileInputStream.java:120)
	at java.io.FileInputStream.<init>(FileInputStream.java:79)
	at sun.net.www.protocol.file.FileURLConnection.connect(FileURLConnection.java:70)
	at sun.net.www.protocol.file.FileURLConnection.getInputStream(FileURLConnection.java:161)
	at com.sun.org.apache.xerces.internal.impl.XMLEntityManager.setupCurrentEntity(XMLEntityManager.java:652)
	at com.sun.org.apache.xerces.internal.impl.XMLVersionDetector.determineDocVersion(XMLVersionDetector.java:186)
	at com.sun.org.apache.xerces.internal.parsers.XML11Configuration.parse(XML11Configuration.java:772)
	at com.sun.org.apache.xerces.internal.parsers.XML11Configuration.parse(XML11Configuration.java:737)
	at com.sun.org.apache.xerces.internal.parsers.XMLParser.parse(XMLParser.java:119)
	at com.sun.org.apache.xerces.internal.parsers.AbstractSAXParser.parse(AbstractSAXParser.java:1205)
	at com.sun.org.apache.xerces.internal.jaxp.SAXParserImpl$JAXPSAXParser.parse(SAXParserImpl.java:522)
	at javax.xml.parsers.SAXParser.parse(SAXParser.java:395)
	at swingunit.framework.Scenario.read(Scenario.java:352)
	at swingunit.framework.Scenario.read(Scenario.java:310)
	at com.topcoder.umltool.deploy.codegen.test.CTests.testNScenario(CTests.java:1887)
	at com.topcoder.umltool.deploy.codegen.test.CTests.test124(CTests.java:1717)
	at junit.extensions.TestDecorator.basicRun(TestDecorator.java:24)
	at junit.extensions.TestSetup$1.protect(TestSetup.java:21)
	at junit.extensions.TestSetup.run(TestSetup.java:25)
	at junit.extensions.TestDecorator.basicRun(TestDecorator.java:24)
	at junit.extensions.TestSetup$1.protect(TestSetup.java:21)
	at junit.extensions.TestSetup.run(TestSetup.java:25)

Testcase: test125 took 0.002 sec
	Caused an ERROR
\Users\nanda\Documents\TopCoder\workspace-tcuml\UMLToolFrontend\test_files\SwingUnitScript\CTest.xml (系统找不到指定的路径。)
java.io.FileNotFoundException: \Users\nanda\Documents\TopCoder\workspace-tcuml\UMLToolFrontend\test_files\SwingUnitScript\CTest.xml (系统找不到指定的路径。)
	at java.io.FileInputStream.open(Native Method)
	at java.io.FileInputStream.<init>(FileInputStream.java:120)
	at java.io.FileInputStream.<init>(FileInputStream.java:79)
	at sun.net.www.protocol.file.FileURLConnection.connect(FileURLConnection.java:70)
	at sun.net.www.protocol.file.FileURLConnection.getInputStream(FileURLConnection.java:161)
	at com.sun.org.apache.xerces.internal.impl.XMLEntityManager.setupCurrentEntity(XMLEntityManager.java:652)
	at com.sun.org.apache.xerces.internal.impl.XMLVersionDetector.determineDocVersion(XMLVersionDetector.java:186)
	at com.sun.org.apache.xerces.internal.parsers.XML11Configuration.parse(XML11Configuration.java:772)
	at com.sun.org.apache.xerces.internal.parsers.XML11Configuration.parse(XML11Configuration.java:737)
	at com.sun.org.apache.xerces.internal.parsers.XMLParser.parse(XMLParser.java:119)
	at com.sun.org.apache.xerces.internal.parsers.AbstractSAXParser.parse(AbstractSAXParser.java:1205)
	at com.sun.org.apache.xerces.internal.jaxp.SAXParserImpl$JAXPSAXParser.parse(SAXParserImpl.java:522)
	at javax.xml.parsers.SAXParser.parse(SAXParser.java:395)
	at swingunit.framework.Scenario.read(Scenario.java:352)
	at swingunit.framework.Scenario.read(Scenario.java:310)
	at com.topcoder.umltool.deploy.codegen.test.CTests.testNScenario(CTests.java:1887)
	at com.topcoder.umltool.deploy.codegen.test.CTests.test125(CTests.java:1729)
	at junit.extensions.TestDecorator.basicRun(TestDecorator.java:24)
	at junit.extensions.TestSetup$1.protect(TestSetup.java:21)
	at junit.extensions.TestSetup.run(TestSetup.java:25)
	at junit.extensions.TestDecorator.basicRun(TestDecorator.java:24)
	at junit.extensions.TestSetup$1.protect(TestSetup.java:21)
	at junit.extensions.TestSetup.run(TestSetup.java:25)

Testcase: test126 took 0.001 sec
	Caused an ERROR
\Users\nanda\Documents\TopCoder\workspace-tcuml\UMLToolFrontend\test_files\SwingUnitScript\CTest.xml (系统找不到指定的路径。)
java.io.FileNotFoundException: \Users\nanda\Documents\TopCoder\workspace-tcuml\UMLToolFrontend\test_files\SwingUnitScript\CTest.xml (系统找不到指定的路径。)
	at java.io.FileInputStream.open(Native Method)
	at java.io.FileInputStream.<init>(FileInputStream.java:120)
	at java.io.FileInputStream.<init>(FileInputStream.java:79)
	at sun.net.www.protocol.file.FileURLConnection.connect(FileURLConnection.java:70)
	at sun.net.www.protocol.file.FileURLConnection.getInputStream(FileURLConnection.java:161)
	at com.sun.org.apache.xerces.internal.impl.XMLEntityManager.setupCurrentEntity(XMLEntityManager.java:652)
	at com.sun.org.apache.xerces.internal.impl.XMLVersionDetector.determineDocVersion(XMLVersionDetector.java:186)
	at com.sun.org.apache.xerces.internal.parsers.XML11Configuration.parse(XML11Configuration.java:772)
	at com.sun.org.apache.xerces.internal.parsers.XML11Configuration.parse(XML11Configuration.java:737)
	at com.sun.org.apache.xerces.internal.parsers.XMLParser.parse(XMLParser.java:119)
	at com.sun.org.apache.xerces.internal.parsers.AbstractSAXParser.parse(AbstractSAXParser.java:1205)
	at com.sun.org.apache.xerces.internal.jaxp.SAXParserImpl$JAXPSAXParser.parse(SAXParserImpl.java:522)
	at javax.xml.parsers.SAXParser.parse(SAXParser.java:395)
	at swingunit.framework.Scenario.read(Scenario.java:352)
	at swingunit.framework.Scenario.read(Scenario.java:310)
	at com.topcoder.umltool.deploy.codegen.test.CTests.testNScenario(CTests.java:1887)
	at com.topcoder.umltool.deploy.codegen.test.CTests.test126(CTests.java:1741)
	at junit.extensions.TestDecorator.basicRun(TestDecorator.java:24)
	at junit.extensions.TestSetup$1.protect(TestSetup.java:21)
	at junit.extensions.TestSetup.run(TestSetup.java:25)
	at junit.extensions.TestDecorator.basicRun(TestDecorator.java:24)
	at junit.extensions.TestSetup$1.protect(TestSetup.java:21)
	at junit.extensions.TestSetup.run(TestSetup.java:25)

Testcase: test127 took 0.002 sec
	Caused an ERROR
\Users\nanda\Documents\TopCoder\workspace-tcuml\UMLToolFrontend\test_files\SwingUnitScript\CTest.xml (系统找不到指定的路径。)
java.io.FileNotFoundException: \Users\nanda\Documents\TopCoder\workspace-tcuml\UMLToolFrontend\test_files\SwingUnitScript\CTest.xml (系统找不到指定的路径。)
	at java.io.FileInputStream.open(Native Method)
	at java.io.FileInputStream.<init>(FileInputStream.java:120)
	at java.io.FileInputStream.<init>(FileInputStream.java:79)
	at sun.net.www.protocol.file.FileURLConnection.connect(FileURLConnection.java:70)
	at sun.net.www.protocol.file.FileURLConnection.getInputStream(FileURLConnection.java:161)
	at com.sun.org.apache.xerces.internal.impl.XMLEntityManager.setupCurrentEntity(XMLEntityManager.java:652)
	at com.sun.org.apache.xerces.internal.impl.XMLVersionDetector.determineDocVersion(XMLVersionDetector.java:186)
	at com.sun.org.apache.xerces.internal.parsers.XML11Configuration.parse(XML11Configuration.java:772)
	at com.sun.org.apache.xerces.internal.parsers.XML11Configuration.parse(XML11Configuration.java:737)
	at com.sun.org.apache.xerces.internal.parsers.XMLParser.parse(XMLParser.java:119)
	at com.sun.org.apache.xerces.internal.parsers.AbstractSAXParser.parse(AbstractSAXParser.java:1205)
	at com.sun.org.apache.xerces.internal.jaxp.SAXParserImpl$JAXPSAXParser.parse(SAXParserImpl.java:522)
	at javax.xml.parsers.SAXParser.parse(SAXParser.java:395)
	at swingunit.framework.Scenario.read(Scenario.java:352)
	at swingunit.framework.Scenario.read(Scenario.java:310)
	at com.topcoder.umltool.deploy.codegen.test.CTests.testNScenario(CTests.java:1887)
	at com.topcoder.umltool.deploy.codegen.test.CTests.test127(CTests.java:1754)
	at junit.extensions.TestDecorator.basicRun(TestDecorator.java:24)
	at junit.extensions.TestSetup$1.protect(TestSetup.java:21)
	at junit.extensions.TestSetup.run(TestSetup.java:25)
	at junit.extensions.TestDecorator.basicRun(TestDecorator.java:24)
	at junit.extensions.TestSetup$1.protect(TestSetup.java:21)
	at junit.extensions.TestSetup.run(TestSetup.java:25)

Testcase: test128 took 0.003 sec
	Caused an ERROR
\Users\nanda\Documents\TopCoder\workspace-tcuml\UMLToolFrontend\test_files\SwingUnitScript\CTest.xml (系统找不到指定的路径。)
java.io.FileNotFoundException: \Users\nanda\Documents\TopCoder\workspace-tcuml\UMLToolFrontend\test_files\SwingUnitScript\CTest.xml (系统找不到指定的路径。)
	at java.io.FileInputStream.open(Native Method)
	at java.io.FileInputStream.<init>(FileInputStream.java:120)
	at java.io.FileInputStream.<init>(FileInputStream.java:79)
	at sun.net.www.protocol.file.FileURLConnection.connect(FileURLConnection.java:70)
	at sun.net.www.protocol.file.FileURLConnection.getInputStream(FileURLConnection.java:161)
	at com.sun.org.apache.xerces.internal.impl.XMLEntityManager.setupCurrentEntity(XMLEntityManager.java:652)
	at com.sun.org.apache.xerces.internal.impl.XMLVersionDetector.determineDocVersion(XMLVersionDetector.java:186)
	at com.sun.org.apache.xerces.internal.parsers.XML11Configuration.parse(XML11Configuration.java:772)
	at com.sun.org.apache.xerces.internal.parsers.XML11Configuration.parse(XML11Configuration.java:737)
	at com.sun.org.apache.xerces.internal.parsers.XMLParser.parse(XMLParser.java:119)
	at com.sun.org.apache.xerces.internal.parsers.AbstractSAXParser.parse(AbstractSAXParser.java:1205)
	at com.sun.org.apache.xerces.internal.jaxp.SAXParserImpl$JAXPSAXParser.parse(SAXParserImpl.java:522)
	at javax.xml.parsers.SAXParser.parse(SAXParser.java:395)
	at swingunit.framework.Scenario.read(Scenario.java:352)
	at swingunit.framework.Scenario.read(Scenario.java:310)
	at com.topcoder.umltool.deploy.codegen.test.CTests.testNScenario(CTests.java:1887)
	at com.topcoder.umltool.deploy.codegen.test.CTests.test128(CTests.java:1767)
	at junit.extensions.TestDecorator.basicRun(TestDecorator.java:24)
	at junit.extensions.TestSetup$1.protect(TestSetup.java:21)
	at junit.extensions.TestSetup.run(TestSetup.java:25)
	at junit.extensions.TestDecorator.basicRun(TestDecorator.java:24)
	at junit.extensions.TestSetup$1.protect(TestSetup.java:21)
	at junit.extensions.TestSetup.run(TestSetup.java:25)

Testcase: test129 took 0.002 sec
	Caused an ERROR
\Users\nanda\Documents\TopCoder\workspace-tcuml\UMLToolFrontend\test_files\SwingUnitScript\CTest.xml (系统找不到指定的路径。)
java.io.FileNotFoundException: \Users\nanda\Documents\TopCoder\workspace-tcuml\UMLToolFrontend\test_files\SwingUnitScript\CTest.xml (系统找不到指定的路径。)
	at java.io.FileInputStream.open(Native Method)
	at java.io.FileInputStream.<init>(FileInputStream.java:120)
	at java.io.FileInputStream.<init>(FileInputStream.java:79)
	at sun.net.www.protocol.file.FileURLConnection.connect(FileURLConnection.java:70)
	at sun.net.www.protocol.file.FileURLConnection.getInputStream(FileURLConnection.java:161)
	at com.sun.org.apache.xerces.internal.impl.XMLEntityManager.setupCurrentEntity(XMLEntityManager.java:652)
	at com.sun.org.apache.xerces.internal.impl.XMLVersionDetector.determineDocVersion(XMLVersionDetector.java:186)
	at com.sun.org.apache.xerces.internal.parsers.XML11Configuration.parse(XML11Configuration.java:772)
	at com.sun.org.apache.xerces.internal.parsers.XML11Configuration.parse(XML11Configuration.java:737)
	at com.sun.org.apache.xerces.internal.parsers.XMLParser.parse(XMLParser.java:119)
	at com.sun.org.apache.xerces.internal.parsers.AbstractSAXParser.parse(AbstractSAXParser.java:1205)
	at com.sun.org.apache.xerces.internal.jaxp.SAXParserImpl$JAXPSAXParser.parse(SAXParserImpl.java:522)
	at javax.xml.parsers.SAXParser.parse(SAXParser.java:395)
	at swingunit.framework.Scenario.read(Scenario.java:352)
	at swingunit.framework.Scenario.read(Scenario.java:310)
	at com.topcoder.umltool.deploy.codegen.test.CTests.testNScenario(CTests.java:1887)
	at com.topcoder.umltool.deploy.codegen.test.CTests.test129(CTests.java:1780)
	at junit.extensions.TestDecorator.basicRun(TestDecorator.java:24)
	at junit.extensions.TestSetup$1.protect(TestSetup.java:21)
	at junit.extensions.TestSetup.run(TestSetup.java:25)
	at junit.extensions.TestDecorator.basicRun(TestDecorator.java:24)
	at junit.extensions.TestSetup$1.protect(TestSetup.java:21)
	at junit.extensions.TestSetup.run(TestSetup.java:25)

Testcase: test130 took 0.003 sec
	Caused an ERROR
\Users\nanda\Documents\TopCoder\workspace-tcuml\UMLToolFrontend\test_files\SwingUnitScript\CTest.xml (系统找不到指定的路径。)
java.io.FileNotFoundException: \Users\nanda\Documents\TopCoder\workspace-tcuml\UMLToolFrontend\test_files\SwingUnitScript\CTest.xml (系统找不到指定的路径。)
	at java.io.FileInputStream.open(Native Method)
	at java.io.FileInputStream.<init>(FileInputStream.java:120)
	at java.io.FileInputStream.<init>(FileInputStream.java:79)
	at sun.net.www.protocol.file.FileURLConnection.connect(FileURLConnection.java:70)
	at sun.net.www.protocol.file.FileURLConnection.getInputStream(FileURLConnection.java:161)
	at com.sun.org.apache.xerces.internal.impl.XMLEntityManager.setupCurrentEntity(XMLEntityManager.java:652)
	at com.sun.org.apache.xerces.internal.impl.XMLVersionDetector.determineDocVersion(XMLVersionDetector.java:186)
	at com.sun.org.apache.xerces.internal.parsers.XML11Configuration.parse(XML11Configuration.java:772)
	at com.sun.org.apache.xerces.internal.parsers.XML11Configuration.parse(XML11Configuration.java:737)
	at com.sun.org.apache.xerces.internal.parsers.XMLParser.parse(XMLParser.java:119)
	at com.sun.org.apache.xerces.internal.parsers.AbstractSAXParser.parse(AbstractSAXParser.java:1205)
	at com.sun.org.apache.xerces.internal.jaxp.SAXParserImpl$JAXPSAXParser.parse(SAXParserImpl.java:522)
	at javax.xml.parsers.SAXParser.parse(SAXParser.java:395)
	at swingunit.framework.Scenario.read(Scenario.java:352)
	at swingunit.framework.Scenario.read(Scenario.java:310)
	at com.topcoder.umltool.deploy.codegen.test.CTests.testNScenario(CTests.java:1887)
	at com.topcoder.umltool.deploy.codegen.test.CTests.test130(CTests.java:1792)
	at junit.extensions.TestDecorator.basicRun(TestDecorator.java:24)
	at junit.extensions.TestSetup$1.protect(TestSetup.java:21)
	at junit.extensions.TestSetup.run(TestSetup.java:25)
	at junit.extensions.TestDecorator.basicRun(TestDecorator.java:24)
	at junit.extensions.TestSetup$1.protect(TestSetup.java:21)
	at junit.extensions.TestSetup.run(TestSetup.java:25)

Testcase: test131 took 0.001 sec
	Caused an ERROR
\Users\nanda\Documents\TopCoder\workspace-tcuml\UMLToolFrontend\test_files\SwingUnitScript\CTest.xml (系统找不到指定的路径。)
java.io.FileNotFoundException: \Users\nanda\Documents\TopCoder\workspace-tcuml\UMLToolFrontend\test_files\SwingUnitScript\CTest.xml (系统找不到指定的路径。)
	at java.io.FileInputStream.open(Native Method)
	at java.io.FileInputStream.<init>(FileInputStream.java:120)
	at java.io.FileInputStream.<init>(FileInputStream.java:79)
	at sun.net.www.protocol.file.FileURLConnection.connect(FileURLConnection.java:70)
	at sun.net.www.protocol.file.FileURLConnection.getInputStream(FileURLConnection.java:161)
	at com.sun.org.apache.xerces.internal.impl.XMLEntityManager.setupCurrentEntity(XMLEntityManager.java:652)
	at com.sun.org.apache.xerces.internal.impl.XMLVersionDetector.determineDocVersion(XMLVersionDetector.java:186)
	at com.sun.org.apache.xerces.internal.parsers.XML11Configuration.parse(XML11Configuration.java:772)
	at com.sun.org.apache.xerces.internal.parsers.XML11Configuration.parse(XML11Configuration.java:737)
	at com.sun.org.apache.xerces.internal.parsers.XMLParser.parse(XMLParser.java:119)
	at com.sun.org.apache.xerces.internal.parsers.AbstractSAXParser.parse(AbstractSAXParser.java:1205)
	at com.sun.org.apache.xerces.internal.jaxp.SAXParserImpl$JAXPSAXParser.parse(SAXParserImpl.java:522)
	at javax.xml.parsers.SAXParser.parse(SAXParser.java:395)
	at swingunit.framework.Scenario.read(Scenario.java:352)
	at swingunit.framework.Scenario.read(Scenario.java:310)
	at com.topcoder.umltool.deploy.codegen.test.CTests.testNScenario(CTests.java:1887)
	at com.topcoder.umltool.deploy.codegen.test.CTests.test131(CTests.java:1804)
	at junit.extensions.TestDecorator.basicRun(TestDecorator.java:24)
	at junit.extensions.TestSetup$1.protect(TestSetup.java:21)
	at junit.extensions.TestSetup.run(TestSetup.java:25)
	at junit.extensions.TestDecorator.basicRun(TestDecorator.java:24)
	at junit.extensions.TestSetup$1.protect(TestSetup.java:21)
	at junit.extensions.TestSetup.run(TestSetup.java:25)

Testcase: test132 took 0.002 sec
	Caused an ERROR
\Users\nanda\Documents\TopCoder\workspace-tcuml\UMLToolFrontend\test_files\SwingUnitScript\CTest.xml (系统找不到指定的路径。)
java.io.FileNotFoundException: \Users\nanda\Documents\TopCoder\workspace-tcuml\UMLToolFrontend\test_files\SwingUnitScript\CTest.xml (系统找不到指定的路径。)
	at java.io.FileInputStream.open(Native Method)
	at java.io.FileInputStream.<init>(FileInputStream.java:120)
	at java.io.FileInputStream.<init>(FileInputStream.java:79)
	at sun.net.www.protocol.file.FileURLConnection.connect(FileURLConnection.java:70)
	at sun.net.www.protocol.file.FileURLConnection.getInputStream(FileURLConnection.java:161)
	at com.sun.org.apache.xerces.internal.impl.XMLEntityManager.setupCurrentEntity(XMLEntityManager.java:652)
	at com.sun.org.apache.xerces.internal.impl.XMLVersionDetector.determineDocVersion(XMLVersionDetector.java:186)
	at com.sun.org.apache.xerces.internal.parsers.XML11Configuration.parse(XML11Configuration.java:772)
	at com.sun.org.apache.xerces.internal.parsers.XML11Configuration.parse(XML11Configuration.java:737)
	at com.sun.org.apache.xerces.internal.parsers.XMLParser.parse(XMLParser.java:119)
	at com.sun.org.apache.xerces.internal.parsers.AbstractSAXParser.parse(AbstractSAXParser.java:1205)
	at com.sun.org.apache.xerces.internal.jaxp.SAXParserImpl$JAXPSAXParser.parse(SAXParserImpl.java:522)
	at javax.xml.parsers.SAXParser.parse(SAXParser.java:395)
	at swingunit.framework.Scenario.read(Scenario.java:352)
	at swingunit.framework.Scenario.read(Scenario.java:310)
	at com.topcoder.umltool.deploy.codegen.test.CTests.testNScenario(CTests.java:1887)
	at com.topcoder.umltool.deploy.codegen.test.CTests.test132(CTests.java:1816)
	at junit.extensions.TestDecorator.basicRun(TestDecorator.java:24)
	at junit.extensions.TestSetup$1.protect(TestSetup.java:21)
	at junit.extensions.TestSetup.run(TestSetup.java:25)
	at junit.extensions.TestDecorator.basicRun(TestDecorator.java:24)
	at junit.extensions.TestSetup$1.protect(TestSetup.java:21)
	at junit.extensions.TestSetup.run(TestSetup.java:25)

Testcase: test133 took 0.002 sec
	Caused an ERROR
\Users\nanda\Documents\TopCoder\workspace-tcuml\UMLToolFrontend\test_files\SwingUnitScript\CTest.xml (系统找不到指定的路径。)
java.io.FileNotFoundException: \Users\nanda\Documents\TopCoder\workspace-tcuml\UMLToolFrontend\test_files\SwingUnitScript\CTest.xml (系统找不到指定的路径。)
	at java.io.FileInputStream.open(Native Method)
	at java.io.FileInputStream.<init>(FileInputStream.java:120)
	at java.io.FileInputStream.<init>(FileInputStream.java:79)
	at sun.net.www.protocol.file.FileURLConnection.connect(FileURLConnection.java:70)
	at sun.net.www.protocol.file.FileURLConnection.getInputStream(FileURLConnection.java:161)
	at com.sun.org.apache.xerces.internal.impl.XMLEntityManager.setupCurrentEntity(XMLEntityManager.java:652)
	at com.sun.org.apache.xerces.internal.impl.XMLVersionDetector.determineDocVersion(XMLVersionDetector.java:186)
	at com.sun.org.apache.xerces.internal.parsers.XML11Configuration.parse(XML11Configuration.java:772)
	at com.sun.org.apache.xerces.internal.parsers.XML11Configuration.parse(XML11Configuration.java:737)
	at com.sun.org.apache.xerces.internal.parsers.XMLParser.parse(XMLParser.java:119)
	at com.sun.org.apache.xerces.internal.parsers.AbstractSAXParser.parse(AbstractSAXParser.java:1205)
	at com.sun.org.apache.xerces.internal.jaxp.SAXParserImpl$JAXPSAXParser.parse(SAXParserImpl.java:522)
	at javax.xml.parsers.SAXParser.parse(SAXParser.java:395)
	at swingunit.framework.Scenario.read(Scenario.java:352)
	at swingunit.framework.Scenario.read(Scenario.java:310)
	at com.topcoder.umltool.deploy.codegen.test.CTests.testNScenario(CTests.java:1887)
	at com.topcoder.umltool.deploy.codegen.test.CTests.test133(CTests.java:1827)
	at junit.extensions.TestDecorator.basicRun(TestDecorator.java:24)
	at junit.extensions.TestSetup$1.protect(TestSetup.java:21)
	at junit.extensions.TestSetup.run(TestSetup.java:25)
	at junit.extensions.TestDecorator.basicRun(TestDecorator.java:24)
	at junit.extensions.TestSetup$1.protect(TestSetup.java:21)
	at junit.extensions.TestSetup.run(TestSetup.java:25)

Testcase: test134 took 0.001 sec
	Caused an ERROR
\Users\nanda\Documents\TopCoder\workspace-tcuml\UMLToolFrontend\test_files\SwingUnitScript\CTest.xml (系统找不到指定的路径。)
java.io.FileNotFoundException: \Users\nanda\Documents\TopCoder\workspace-tcuml\UMLToolFrontend\test_files\SwingUnitScript\CTest.xml (系统找不到指定的路径。)
	at java.io.FileInputStream.open(Native Method)
	at java.io.FileInputStream.<init>(FileInputStream.java:120)
	at java.io.FileInputStream.<init>(FileInputStream.java:79)
	at sun.net.www.protocol.file.FileURLConnection.connect(FileURLConnection.java:70)
	at sun.net.www.protocol.file.FileURLConnection.getInputStream(FileURLConnection.java:161)
	at com.sun.org.apache.xerces.internal.impl.XMLEntityManager.setupCurrentEntity(XMLEntityManager.java:652)
	at com.sun.org.apache.xerces.internal.impl.XMLVersionDetector.determineDocVersion(XMLVersionDetector.java:186)
	at com.sun.org.apache.xerces.internal.parsers.XML11Configuration.parse(XML11Configuration.java:772)
	at com.sun.org.apache.xerces.internal.parsers.XML11Configuration.parse(XML11Configuration.java:737)
	at com.sun.org.apache.xerces.internal.parsers.XMLParser.parse(XMLParser.java:119)
	at com.sun.org.apache.xerces.internal.parsers.AbstractSAXParser.parse(AbstractSAXParser.java:1205)
	at com.sun.org.apache.xerces.internal.jaxp.SAXParserImpl$JAXPSAXParser.parse(SAXParserImpl.java:522)
	at javax.xml.parsers.SAXParser.parse(SAXParser.java:395)
	at swingunit.framework.Scenario.read(Scenario.java:352)
	at swingunit.framework.Scenario.read(Scenario.java:310)
	at com.topcoder.umltool.deploy.codegen.test.CTests.testNScenario(CTests.java:1887)
	at com.topcoder.umltool.deploy.codegen.test.CTests.test134(CTests.java:1839)
	at junit.extensions.TestDecorator.basicRun(TestDecorator.java:24)
	at junit.extensions.TestSetup$1.protect(TestSetup.java:21)
	at junit.extensions.TestSetup.run(TestSetup.java:25)
	at junit.extensions.TestDecorator.basicRun(TestDecorator.java:24)
	at junit.extensions.TestSetup$1.protect(TestSetup.java:21)
	at junit.extensions.TestSetup.run(TestSetup.java:25)

Testcase: test131i took 0 sec
	FAILED
131
junit.framework.AssertionFailedError: 131
	at com.topcoder.umltool.deploy.codegen.test.CTests.test131i(CTests.java:1854)
	at junit.extensions.TestDecorator.basicRun(TestDecorator.java:24)
	at junit.extensions.TestSetup$1.protect(TestSetup.java:21)
	at junit.extensions.TestSetup.run(TestSetup.java:25)
	at junit.extensions.TestDecorator.basicRun(TestDecorator.java:24)
	at junit.extensions.TestSetup$1.protect(TestSetup.java:21)
	at junit.extensions.TestSetup.run(TestSetup.java:25)

Testcase: test134i took 0 sec
	FAILED
134
junit.framework.AssertionFailedError: 134
	at com.topcoder.umltool.deploy.codegen.test.CTests.test134i(CTests.java:1869)
	at junit.extensions.TestDecorator.basicRun(TestDecorator.java:24)
	at junit.extensions.TestSetup$1.protect(TestSetup.java:21)
	at junit.extensions.TestSetup.run(TestSetup.java:25)
	at junit.extensions.TestDecorator.basicRun(TestDecorator.java:24)
	at junit.extensions.TestSetup$1.protect(TestSetup.java:21)
	at junit.extensions.TestSetup.run(TestSetup.java:25)

Testcase: test1 took 0.001 sec
	FAILED
Test 1 failed.With class name:com.topcoder.vault.facade.Test1
junit.framework.AssertionFailedError: Test 1 failed.With class name:com.topcoder.vault.facade.Test1
	at com.topcoder.umltool.deploy.codegen.test.JavaTests.test1(JavaTests.java:42)
	at junit.extensions.TestDecorator.basicRun(TestDecorator.java:24)
	at junit.extensions.TestSetup$1.protect(TestSetup.java:21)
	at junit.extensions.TestSetup.run(TestSetup.java:25)
	at junit.extensions.TestDecorator.basicRun(TestDecorator.java:24)
	at junit.extensions.TestSetup$1.protect(TestSetup.java:21)
	at junit.extensions.TestSetup.run(TestSetup.java:25)

Testcase: test2 took 0 sec
	FAILED
Test 2 failed.With content:/**
junit.framework.AssertionFailedError: Test 2 failed.With content:/**
	at com.topcoder.umltool.deploy.codegen.test.JavaTests.test2(JavaTests.java:58)
	at junit.extensions.TestDecorator.basicRun(TestDecorator.java:24)
	at junit.extensions.TestSetup$1.protect(TestSetup.java:21)
	at junit.extensions.TestSetup.run(TestSetup.java:25)
	at junit.extensions.TestDecorator.basicRun(TestDecorator.java:24)
	at junit.extensions.TestSetup$1.protect(TestSetup.java:21)
	at junit.extensions.TestSetup.run(TestSetup.java:25)

Testcase: test3 took 0 sec
	FAILED
Test 3 failed.@author missing
junit.framework.AssertionFailedError: Test 3 failed.@author missing
	at com.topcoder.umltool.deploy.codegen.test.JavaTests.test3(JavaTests.java:84)
	at junit.extensions.TestDecorator.basicRun(TestDecorator.java:24)
	at junit.extensions.TestSetup$1.protect(TestSetup.java:21)
	at junit.extensions.TestSetup.run(TestSetup.java:25)
	at junit.extensions.TestDecorator.basicRun(TestDecorator.java:24)
	at junit.extensions.TestSetup$1.protect(TestSetup.java:21)
	at junit.extensions.TestSetup.run(TestSetup.java:25)

Testcase: test4 took 0 sec
	FAILED
Test 4 failed. with signature:public final class VaultManager {
junit.framework.AssertionFailedError: Test 4 failed. with signature:public final class VaultManager {
	at com.topcoder.umltool.deploy.codegen.test.JavaTests.checkSignatureWithBraces(JavaTests.java:1725)
	at com.topcoder.umltool.deploy.codegen.test.JavaTests.test4(JavaTests.java:116)
	at junit.extensions.TestDecorator.basicRun(TestDecorator.java:24)
	at junit.extensions.TestSetup$1.protect(TestSetup.java:21)
	at junit.extensions.TestSetup.run(TestSetup.java:25)
	at junit.extensions.TestDecorator.basicRun(TestDecorator.java:24)
	at junit.extensions.TestSetup$1.protect(TestSetup.java:21)
	at junit.extensions.TestSetup.run(TestSetup.java:25)

Testcase: test5 took 0 sec
	FAILED
Test 5 failed. with signature:class VaultManager {
junit.framework.AssertionFailedError: Test 5 failed. with signature:class VaultManager {
	at com.topcoder.umltool.deploy.codegen.test.JavaTests.checkSignatureWithBraces(JavaTests.java:1725)
	at com.topcoder.umltool.deploy.codegen.test.JavaTests.test5(JavaTests.java:129)
	at junit.extensions.TestDecorator.basicRun(TestDecorator.java:24)
	at junit.extensions.TestSetup$1.protect(TestSetup.java:21)
	at junit.extensions.TestSetup.run(TestSetup.java:25)
	at junit.extensions.TestDecorator.basicRun(TestDecorator.java:24)
	at junit.extensions.TestSetup$1.protect(TestSetup.java:21)
	at junit.extensions.TestSetup.run(TestSetup.java:25)

Testcase: test6 took 0.001 sec
	FAILED
Test 6 failed. with signature:public abstract class VaultManager {
junit.framework.AssertionFailedError: Test 6 failed. with signature:public abstract class VaultManager {
	at com.topcoder.umltool.deploy.codegen.test.JavaTests.checkSignatureWithBraces(JavaTests.java:1725)
	at com.topcoder.umltool.deploy.codegen.test.JavaTests.test6(JavaTests.java:141)
	at junit.extensions.TestDecorator.basicRun(TestDecorator.java:24)
	at junit.extensions.TestSetup$1.protect(TestSetup.java:21)
	at junit.extensions.TestSetup.run(TestSetup.java:25)
	at junit.extensions.TestDecorator.basicRun(TestDecorator.java:24)
	at junit.extensions.TestSetup$1.protect(TestSetup.java:21)
	at junit.extensions.TestSetup.run(TestSetup.java:25)

Testcase: test7 took 0 sec
	FAILED
Test 7 failed. with signature:public interface EntityChangeListener {
junit.framework.AssertionFailedError: Test 7 failed. with signature:public interface EntityChangeListener {
	at com.topcoder.umltool.deploy.codegen.test.JavaTests.checkSignatureWithBraces(JavaTests.java:1725)
	at com.topcoder.umltool.deploy.codegen.test.JavaTests.test7(JavaTests.java:153)
	at junit.extensions.TestDecorator.basicRun(TestDecorator.java:24)
	at junit.extensions.TestSetup$1.protect(TestSetup.java:21)
	at junit.extensions.TestSetup.run(TestSetup.java:25)
	at junit.extensions.TestDecorator.basicRun(TestDecorator.java:24)
	at junit.extensions.TestSetup$1.protect(TestSetup.java:21)
	at junit.extensions.TestSetup.run(TestSetup.java:25)

Testcase: test8 took 0 sec
	FAILED
Test 8 failed. with signature:enum EntitychangeEventType {
junit.framework.AssertionFailedError: Test 8 failed. with signature:enum EntitychangeEventType {
	at com.topcoder.umltool.deploy.codegen.test.JavaTests.checkSignatureWithBraces(JavaTests.java:1725)
	at com.topcoder.umltool.deploy.codegen.test.JavaTests.test8(JavaTests.java:165)
	at junit.extensions.TestDecorator.basicRun(TestDecorator.java:24)
	at junit.extensions.TestSetup$1.protect(TestSetup.java:21)
	at junit.extensions.TestSetup.run(TestSetup.java:25)
	at junit.extensions.TestDecorator.basicRun(TestDecorator.java:24)
	at junit.extensions.TestSetup$1.protect(TestSetup.java:21)
	at junit.extensions.TestSetup.run(TestSetup.java:25)

Testcase: test9 took 0.001 sec
	FAILED
Test 9 failed. with signature:public class EntityChangeListener extends Listener {
junit.framework.AssertionFailedError: Test 9 failed. with signature:public class EntityChangeListener extends Listener {
	at com.topcoder.umltool.deploy.codegen.test.JavaTests.checkSignatureWithBraces(JavaTests.java:1725)
	at com.topcoder.umltool.deploy.codegen.test.JavaTests.test9(JavaTests.java:178)
	at junit.extensions.TestDecorator.basicRun(TestDecorator.java:24)
	at junit.extensions.TestSetup$1.protect(TestSetup.java:21)
	at junit.extensions.TestSetup.run(TestSetup.java:25)
	at junit.extensions.TestDecorator.basicRun(TestDecorator.java:24)
	at junit.extensions.TestSetup$1.protect(TestSetup.java:21)
	at junit.extensions.TestSetup.run(TestSetup.java:25)

Testcase: test10 took 0 sec
	FAILED
Test 10 failed. with signature:public class EntityChangeListener implements Listener {
junit.framework.AssertionFailedError: Test 10 failed. with signature:public class EntityChangeListener implements Listener {
	at com.topcoder.umltool.deploy.codegen.test.JavaTests.checkSignatureWithBraces(JavaTests.java:1725)
	at com.topcoder.umltool.deploy.codegen.test.JavaTests.test10(JavaTests.java:191)
	at junit.extensions.TestDecorator.basicRun(TestDecorator.java:24)
	at junit.extensions.TestSetup$1.protect(TestSetup.java:21)
	at junit.extensions.TestSetup.run(TestSetup.java:25)
	at junit.extensions.TestDecorator.basicRun(TestDecorator.java:24)
	at junit.extensions.TestSetup$1.protect(TestSetup.java:21)
	at junit.extensions.TestSetup.run(TestSetup.java:25)

Testcase: test11 took 0.001 sec
	FAILED
Test 11 failed. with signature:interface IEntityChangeListener extends Ilistener {
junit.framework.AssertionFailedError: Test 11 failed. with signature:interface IEntityChangeListener extends Ilistener {
	at com.topcoder.umltool.deploy.codegen.test.JavaTests.checkSignatureWithBraces(JavaTests.java:1725)
	at com.topcoder.umltool.deploy.codegen.test.JavaTests.test11(JavaTests.java:204)
	at junit.extensions.TestDecorator.basicRun(TestDecorator.java:24)
	at junit.extensions.TestSetup$1.protect(TestSetup.java:21)
	at junit.extensions.TestSetup.run(TestSetup.java:25)
	at junit.extensions.TestDecorator.basicRun(TestDecorator.java:24)
	at junit.extensions.TestSetup$1.protect(TestSetup.java:21)
	at junit.extensions.TestSetup.run(TestSetup.java:25)

Testcase: test12 took 0.001 sec
	FAILED
Test 12 failed. with signature:    /**
     * This is the comments
     */
    public String AttributeWithDocument;

junit.framework.AssertionFailedError: Test 12 failed. with signature:    /**
     * This is the comments
     */
    public String AttributeWithDocument;

	at com.topcoder.umltool.deploy.codegen.test.JavaTests.checkSignature(JavaTests.java:1744)
	at com.topcoder.umltool.deploy.codegen.test.JavaTests.test12(JavaTests.java:217)
	at junit.extensions.TestDecorator.basicRun(TestDecorator.java:24)
	at junit.extensions.TestSetup$1.protect(TestSetup.java:21)
	at junit.extensions.TestSetup.run(TestSetup.java:25)
	at junit.extensions.TestDecorator.basicRun(TestDecorator.java:24)
	at junit.extensions.TestSetup$1.protect(TestSetup.java:21)
	at junit.extensions.TestSetup.run(TestSetup.java:25)

Testcase: test13 took 0.001 sec
	FAILED
Test 13 failed. with signature:private String AttributeWithPrivacy;
junit.framework.AssertionFailedError: Test 13 failed. with signature:private String AttributeWithPrivacy;
	at com.topcoder.umltool.deploy.codegen.test.JavaTests.checkSignature(JavaTests.java:1744)
	at com.topcoder.umltool.deploy.codegen.test.JavaTests.test13(JavaTests.java:229)
	at junit.extensions.TestDecorator.basicRun(TestDecorator.java:24)
	at junit.extensions.TestSetup$1.protect(TestSetup.java:21)
	at junit.extensions.TestSetup.run(TestSetup.java:25)
	at junit.extensions.TestDecorator.basicRun(TestDecorator.java:24)
	at junit.extensions.TestSetup$1.protect(TestSetup.java:21)
	at junit.extensions.TestSetup.run(TestSetup.java:25)

Testcase: test14 took 0.001 sec
	FAILED
Test 14 failed. with signature:private final String AttributeWithPrivacy;
junit.framework.AssertionFailedError: Test 14 failed. with signature:private final String AttributeWithPrivacy;
	at com.topcoder.umltool.deploy.codegen.test.JavaTests.checkSignature(JavaTests.java:1744)
	at com.topcoder.umltool.deploy.codegen.test.JavaTests.test14(JavaTests.java:242)
	at junit.extensions.TestDecorator.basicRun(TestDecorator.java:24)
	at junit.extensions.TestSetup$1.protect(TestSetup.java:21)
	at junit.extensions.TestSetup.run(TestSetup.java:25)
	at junit.extensions.TestDecorator.basicRun(TestDecorator.java:24)
	at junit.extensions.TestSetup$1.protect(TestSetup.java:21)
	at junit.extensions.TestSetup.run(TestSetup.java:25)

Testcase: test15 took 0.001 sec
	FAILED
Test 15 failed. with signature:static final String AttributeWithPrivacy;
junit.framework.AssertionFailedError: Test 15 failed. with signature:static final String AttributeWithPrivacy;
	at com.topcoder.umltool.deploy.codegen.test.JavaTests.checkSignature(JavaTests.java:1744)
	at com.topcoder.umltool.deploy.codegen.test.JavaTests.test15(JavaTests.java:255)
	at junit.extensions.TestDecorator.basicRun(TestDecorator.java:24)
	at junit.extensions.TestSetup$1.protect(TestSetup.java:21)
	at junit.extensions.TestSetup.run(TestSetup.java:25)
	at junit.extensions.TestDecorator.basicRun(TestDecorator.java:24)
	at junit.extensions.TestSetup$1.protect(TestSetup.java:21)
	at junit.extensions.TestSetup.run(TestSetup.java:25)

Testcase: test16 took 0.001 sec
	FAILED
Test 16 failed. with signature:public String AttributeWithDefaultValue = "This is default";
junit.framework.AssertionFailedError: Test 16 failed. with signature:public String AttributeWithDefaultValue = "This is default";
	at com.topcoder.umltool.deploy.codegen.test.JavaTests.checkSignature(JavaTests.java:1744)
	at com.topcoder.umltool.deploy.codegen.test.JavaTests.test16(JavaTests.java:268)
	at junit.extensions.TestDecorator.basicRun(TestDecorator.java:24)
	at junit.extensions.TestSetup$1.protect(TestSetup.java:21)
	at junit.extensions.TestSetup.run(TestSetup.java:25)
	at junit.extensions.TestDecorator.basicRun(TestDecorator.java:24)
	at junit.extensions.TestSetup$1.protect(TestSetup.java:21)
	at junit.extensions.TestSetup.run(TestSetup.java:25)

Testcase: test17 took 0.001 sec
	FAILED
Test 17 failed. with signature:    /**
     * This is method document

junit.framework.AssertionFailedError: Test 17 failed. with signature:    /**
     * This is method document

	at com.topcoder.umltool.deploy.codegen.test.JavaTests.checkSignature(JavaTests.java:1744)
	at com.topcoder.umltool.deploy.codegen.test.JavaTests.test17(JavaTests.java:280)
	at junit.extensions.TestDecorator.basicRun(TestDecorator.java:24)
	at junit.extensions.TestSetup$1.protect(TestSetup.java:21)
	at junit.extensions.TestSetup.run(TestSetup.java:25)
	at junit.extensions.TestDecorator.basicRun(TestDecorator.java:24)
	at junit.extensions.TestSetup$1.protect(TestSetup.java:21)
	at junit.extensions.TestSetup.run(TestSetup.java:25)

Testcase: test18 took 0.001 sec
	FAILED
Test 18 failed with signature:MethodWithDocument()
junit.framework.AssertionFailedError: Test 18 failed with signature:MethodWithDocument()
	at com.topcoder.umltool.deploy.codegen.test.JavaTests.test18(JavaTests.java:295)
	at junit.extensions.TestDecorator.basicRun(TestDecorator.java:24)
	at junit.extensions.TestSetup$1.protect(TestSetup.java:21)
	at junit.extensions.TestSetup.run(TestSetup.java:25)
	at junit.extensions.TestDecorator.basicRun(TestDecorator.java:24)
	at junit.extensions.TestSetup$1.protect(TestSetup.java:21)
	at junit.extensions.TestSetup.run(TestSetup.java:25)

Testcase: test19 took 0.001 sec
	FAILED
Test 19 failed. with signature:public class EnityClass {
junit.framework.AssertionFailedError: Test 19 failed. with signature:public class EnityClass {
	at com.topcoder.umltool.deploy.codegen.test.JavaTests.checkSignatureWithBraces(JavaTests.java:1725)
	at com.topcoder.umltool.deploy.codegen.test.JavaTests.test19(JavaTests.java:329)
	at junit.extensions.TestDecorator.basicRun(TestDecorator.java:24)
	at junit.extensions.TestSetup$1.protect(TestSetup.java:21)
	at junit.extensions.TestSetup.run(TestSetup.java:25)
	at junit.extensions.TestDecorator.basicRun(TestDecorator.java:24)
	at junit.extensions.TestSetup$1.protect(TestSetup.java:21)
	at junit.extensions.TestSetup.run(TestSetup.java:25)

Testcase: test20 took 0.001 sec
	FAILED
Test 20 failed. with signature:String MethodWithSignature(int param1, int param2)
junit.framework.AssertionFailedError: Test 20 failed. with signature:String MethodWithSignature(int param1, int param2)
	at com.topcoder.umltool.deploy.codegen.test.JavaTests.checkSignature(JavaTests.java:1744)
	at com.topcoder.umltool.deploy.codegen.test.JavaTests.test20(JavaTests.java:343)
	at junit.extensions.TestDecorator.basicRun(TestDecorator.java:24)
	at junit.extensions.TestSetup$1.protect(TestSetup.java:21)
	at junit.extensions.TestSetup.run(TestSetup.java:25)
	at junit.extensions.TestDecorator.basicRun(TestDecorator.java:24)
	at junit.extensions.TestSetup$1.protect(TestSetup.java:21)
	at junit.extensions.TestSetup.run(TestSetup.java:25)

Testcase: test21 took 0.001 sec
	FAILED
Test 21 failed. with signature:static String MethodWithSignature(int param1, int param2)
junit.framework.AssertionFailedError: Test 21 failed. with signature:static String MethodWithSignature(int param1, int param2)
	at com.topcoder.umltool.deploy.codegen.test.JavaTests.checkSignature(JavaTests.java:1744)
	at com.topcoder.umltool.deploy.codegen.test.JavaTests.test21(JavaTests.java:356)
	at junit.extensions.TestDecorator.basicRun(TestDecorator.java:24)
	at junit.extensions.TestSetup$1.protect(TestSetup.java:21)
	at junit.extensions.TestSetup.run(TestSetup.java:25)
	at junit.extensions.TestDecorator.basicRun(TestDecorator.java:24)
	at junit.extensions.TestSetup$1.protect(TestSetup.java:21)
	at junit.extensions.TestSetup.run(TestSetup.java:25)

Testcase: test22 took 0 sec
	FAILED
Test 22 failed. with signature:synchronized String MethodWithSignature(int param1, int param2)
junit.framework.AssertionFailedError: Test 22 failed. with signature:synchronized String MethodWithSignature(int param1, int param2)
	at com.topcoder.umltool.deploy.codegen.test.JavaTests.checkSignature(JavaTests.java:1744)
	at com.topcoder.umltool.deploy.codegen.test.JavaTests.test22(JavaTests.java:369)
	at junit.extensions.TestDecorator.basicRun(TestDecorator.java:24)
	at junit.extensions.TestSetup$1.protect(TestSetup.java:21)
	at junit.extensions.TestSetup.run(TestSetup.java:25)
	at junit.extensions.TestDecorator.basicRun(TestDecorator.java:24)
	at junit.extensions.TestSetup$1.protect(TestSetup.java:21)
	at junit.extensions.TestSetup.run(TestSetup.java:25)

Testcase: test23 took 0 sec
	FAILED
Test 23 failed. with signature:abstract void MethodWithSignature();
junit.framework.AssertionFailedError: Test 23 failed. with signature:abstract void MethodWithSignature();
	at com.topcoder.umltool.deploy.codegen.test.JavaTests.checkSignature(JavaTests.java:1744)
	at com.topcoder.umltool.deploy.codegen.test.JavaTests.test23(JavaTests.java:382)
	at junit.extensions.TestDecorator.basicRun(TestDecorator.java:24)
	at junit.extensions.TestSetup$1.protect(TestSetup.java:21)
	at junit.extensions.TestSetup.run(TestSetup.java:25)
	at junit.extensions.TestDecorator.basicRun(TestDecorator.java:24)
	at junit.extensions.TestSetup$1.protect(TestSetup.java:21)
	at junit.extensions.TestSetup.run(TestSetup.java:25)

Testcase: test24 took 0.001 sec
	FAILED
Test 24 failed. with signature:final void MethodWithSignature
junit.framework.AssertionFailedError: Test 24 failed. with signature:final void MethodWithSignature
	at com.topcoder.umltool.deploy.codegen.test.JavaTests.checkSignature(JavaTests.java:1744)
	at com.topcoder.umltool.deploy.codegen.test.JavaTests.test24(JavaTests.java:395)
	at junit.extensions.TestDecorator.basicRun(TestDecorator.java:24)
	at junit.extensions.TestSetup$1.protect(TestSetup.java:21)
	at junit.extensions.TestSetup.run(TestSetup.java:25)
	at junit.extensions.TestDecorator.basicRun(TestDecorator.java:24)
	at junit.extensions.TestSetup$1.protect(TestSetup.java:21)
	at junit.extensions.TestSetup.run(TestSetup.java:25)

Testcase: test25 took 0 sec
	FAILED
Test 25 failed. with signature:public void MethodWithSignature(int param)
junit.framework.AssertionFailedError: Test 25 failed. with signature:public void MethodWithSignature(int param)
	at com.topcoder.umltool.deploy.codegen.test.JavaTests.checkSignature(JavaTests.java:1744)
	at com.topcoder.umltool.deploy.codegen.test.JavaTests.test25(JavaTests.java:408)
	at junit.extensions.TestDecorator.basicRun(TestDecorator.java:24)
	at junit.extensions.TestSetup$1.protect(TestSetup.java:21)
	at junit.extensions.TestSetup.run(TestSetup.java:25)
	at junit.extensions.TestDecorator.basicRun(TestDecorator.java:24)
	at junit.extensions.TestSetup$1.protect(TestSetup.java:21)
	at junit.extensions.TestSetup.run(TestSetup.java:25)

Testcase: test26 took 0 sec
	FAILED
Test 26 failed. with signature:import java.sql.SQLException;
junit.framework.AssertionFailedError: Test 26 failed. with signature:import java.sql.SQLException;
	at com.topcoder.umltool.deploy.codegen.test.JavaTests.checkSignature(JavaTests.java:1744)
	at com.topcoder.umltool.deploy.codegen.test.JavaTests.test26(JavaTests.java:420)
	at junit.extensions.TestDecorator.basicRun(TestDecorator.java:24)
	at junit.extensions.TestSetup$1.protect(TestSetup.java:21)
	at junit.extensions.TestSetup.run(TestSetup.java:25)
	at junit.extensions.TestDecorator.basicRun(TestDecorator.java:24)
	at junit.extensions.TestSetup$1.protect(TestSetup.java:21)
	at junit.extensions.TestSetup.run(TestSetup.java:25)

Testcase: test27 took 0 sec
	FAILED
Test 27 failed. with signature:import java.sql.SQLException;
junit.framework.AssertionFailedError: Test 27 failed. with signature:import java.sql.SQLException;
	at com.topcoder.umltool.deploy.codegen.test.JavaTests.checkSignature(JavaTests.java:1744)
	at com.topcoder.umltool.deploy.codegen.test.JavaTests.test27(JavaTests.java:432)
	at junit.extensions.TestDecorator.basicRun(TestDecorator.java:24)
	at junit.extensions.TestSetup$1.protect(TestSetup.java:21)
	at junit.extensions.TestSetup.run(TestSetup.java:25)
	at junit.extensions.TestDecorator.basicRun(TestDecorator.java:24)
	at junit.extensions.TestSetup$1.protect(TestSetup.java:21)
	at junit.extensions.TestSetup.run(TestSetup.java:25)

Testcase: test28 took 0.001 sec
	FAILED
Test 28 failed. with signature:import java.sql.SQLException;
junit.framework.AssertionFailedError: Test 28 failed. with signature:import java.sql.SQLException;
	at com.topcoder.umltool.deploy.codegen.test.JavaTests.checkSignature(JavaTests.java:1744)
	at com.topcoder.umltool.deploy.codegen.test.JavaTests.test28(JavaTests.java:444)
	at junit.extensions.TestDecorator.basicRun(TestDecorator.java:24)
	at junit.extensions.TestSetup$1.protect(TestSetup.java:21)
	at junit.extensions.TestSetup.run(TestSetup.java:25)
	at junit.extensions.TestDecorator.basicRun(TestDecorator.java:24)
	at junit.extensions.TestSetup$1.protect(TestSetup.java:21)
	at junit.extensions.TestSetup.run(TestSetup.java:25)

Testcase: test29 took 0 sec
	FAILED
Test 29 failed. with signature:public class ExceptionForTest {
junit.framework.AssertionFailedError: Test 29 failed. with signature:public class ExceptionForTest {
	at com.topcoder.umltool.deploy.codegen.test.JavaTests.checkSignatureWithBraces(JavaTests.java:1725)
	at com.topcoder.umltool.deploy.codegen.test.JavaTests.test29(JavaTests.java:456)
	at junit.extensions.TestDecorator.basicRun(TestDecorator.java:24)
	at junit.extensions.TestSetup$1.protect(TestSetup.java:21)
	at junit.extensions.TestSetup.run(TestSetup.java:25)
	at junit.extensions.TestDecorator.basicRun(TestDecorator.java:24)
	at junit.extensions.TestSetup$1.protect(TestSetup.java:21)
	at junit.extensions.TestSetup.run(TestSetup.java:25)

Testcase: test31 took 0.001 sec
	FAILED
Test 31 failed. with signature:public void InterfaceMethod();
junit.framework.AssertionFailedError: Test 31 failed. with signature:public void InterfaceMethod();
	at com.topcoder.umltool.deploy.codegen.test.JavaTests.checkSignature(JavaTests.java:1744)
	at com.topcoder.umltool.deploy.codegen.test.JavaTests.test31(JavaTests.java:475)
	at junit.extensions.TestDecorator.basicRun(TestDecorator.java:24)
	at junit.extensions.TestSetup$1.protect(TestSetup.java:21)
	at junit.extensions.TestSetup.run(TestSetup.java:25)
	at junit.extensions.TestDecorator.basicRun(TestDecorator.java:24)
	at junit.extensions.TestSetup$1.protect(TestSetup.java:21)
	at junit.extensions.TestSetup.run(TestSetup.java:25)

Testcase: test32 took 0.001 sec
	FAILED
Test 32 failed. with signature:enum Day {SUNDAY, MONDAY, TUESDAY, WEDNESDAY, THURSDAY, FRIDAY, SATURDAY};
junit.framework.AssertionFailedError: Test 32 failed. with signature:enum Day {SUNDAY, MONDAY, TUESDAY, WEDNESDAY, THURSDAY, FRIDAY, SATURDAY};
	at com.topcoder.umltool.deploy.codegen.test.JavaTests.checkSignature(JavaTests.java:1744)
	at com.topcoder.umltool.deploy.codegen.test.JavaTests.test32(JavaTests.java:488)
	at junit.extensions.TestDecorator.basicRun(TestDecorator.java:24)
	at junit.extensions.TestSetup$1.protect(TestSetup.java:21)
	at junit.extensions.TestSetup.run(TestSetup.java:25)
	at junit.extensions.TestDecorator.basicRun(TestDecorator.java:24)
	at junit.extensions.TestSetup$1.protect(TestSetup.java:21)
	at junit.extensions.TestSetup.run(TestSetup.java:25)

Testcase: test34 took 0 sec
	FAILED
Test 34 failed. with signature:public class EnityClass {
junit.framework.AssertionFailedError: Test 34 failed. with signature:public class EnityClass {
	at com.topcoder.umltool.deploy.codegen.test.JavaTests.checkSignatureWithBraces(JavaTests.java:1725)
	at com.topcoder.umltool.deploy.codegen.test.JavaTests.test34(JavaTests.java:502)
	at junit.extensions.TestDecorator.basicRun(TestDecorator.java:24)
	at junit.extensions.TestSetup$1.protect(TestSetup.java:21)
	at junit.extensions.TestSetup.run(TestSetup.java:25)
	at junit.extensions.TestDecorator.basicRun(TestDecorator.java:24)
	at junit.extensions.TestSetup$1.protect(TestSetup.java:21)
	at junit.extensions.TestSetup.run(TestSetup.java:25)

Testcase: test36 took 0.001 sec
	FAILED
Test 36 failed. with signature:class EnityClass {
junit.framework.AssertionFailedError: Test 36 failed. with signature:class EnityClass {
	at com.topcoder.umltool.deploy.codegen.test.JavaTests.checkSignatureWithBraces(JavaTests.java:1725)
	at com.topcoder.umltool.deploy.codegen.test.JavaTests.test36(JavaTests.java:530)
	at junit.extensions.TestDecorator.basicRun(TestDecorator.java:24)
	at junit.extensions.TestSetup$1.protect(TestSetup.java:21)
	at junit.extensions.TestSetup.run(TestSetup.java:25)
	at junit.extensions.TestDecorator.basicRun(TestDecorator.java:24)
	at junit.extensions.TestSetup$1.protect(TestSetup.java:21)
	at junit.extensions.TestSetup.run(TestSetup.java:25)

Testcase: test37 took 0 sec
	FAILED
Test 37 failed. with signature:private class EnityClass {
junit.framework.AssertionFailedError: Test 37 failed. with signature:private class EnityClass {
	at com.topcoder.umltool.deploy.codegen.test.JavaTests.checkSignatureWithBraces(JavaTests.java:1725)
	at com.topcoder.umltool.deploy.codegen.test.JavaTests.test37(JavaTests.java:544)
	at junit.extensions.TestDecorator.basicRun(TestDecorator.java:24)
	at junit.extensions.TestSetup$1.protect(TestSetup.java:21)
	at junit.extensions.TestSetup.run(TestSetup.java:25)
	at junit.extensions.TestDecorator.basicRun(TestDecorator.java:24)
	at junit.extensions.TestSetup$1.protect(TestSetup.java:21)
	at junit.extensions.TestSetup.run(TestSetup.java:25)

Testcase: test38 took 0.001 sec
	FAILED
Test 38 failed. with signature:public abstract class EnityClass {
junit.framework.AssertionFailedError: Test 38 failed. with signature:public abstract class EnityClass {
	at com.topcoder.umltool.deploy.codegen.test.JavaTests.checkSignatureWithBraces(JavaTests.java:1725)
	at com.topcoder.umltool.deploy.codegen.test.JavaTests.test38(JavaTests.java:557)
	at junit.extensions.TestDecorator.basicRun(TestDecorator.java:24)
	at junit.extensions.TestSetup$1.protect(TestSetup.java:21)
	at junit.extensions.TestSetup.run(TestSetup.java:25)
	at junit.extensions.TestDecorator.basicRun(TestDecorator.java:24)
	at junit.extensions.TestSetup$1.protect(TestSetup.java:21)
	at junit.extensions.TestSetup.run(TestSetup.java:25)

Testcase: test39 took 0.001 sec
	FAILED
Test 39 failed. with signature:public final class EnityClass {
junit.framework.AssertionFailedError: Test 39 failed. with signature:public final class EnityClass {
	at com.topcoder.umltool.deploy.codegen.test.JavaTests.checkSignatureWithBraces(JavaTests.java:1725)
	at com.topcoder.umltool.deploy.codegen.test.JavaTests.test39(JavaTests.java:570)
	at junit.extensions.TestDecorator.basicRun(TestDecorator.java:24)
	at junit.extensions.TestSetup$1.protect(TestSetup.java:21)
	at junit.extensions.TestSetup.run(TestSetup.java:25)
	at junit.extensions.TestDecorator.basicRun(TestDecorator.java:24)
	at junit.extensions.TestSetup$1.protect(TestSetup.java:21)
	at junit.extensions.TestSetup.run(TestSetup.java:25)

Testcase: test46 took 0.001 sec
	FAILED
Test 46 failed. with signature:abstract class EnityClass {
junit.framework.AssertionFailedError: Test 46 failed. with signature:abstract class EnityClass {
	at com.topcoder.umltool.deploy.codegen.test.JavaTests.checkSignatureWithBraces(JavaTests.java:1725)
	at com.topcoder.umltool.deploy.codegen.test.JavaTests.test46(JavaTests.java:583)
	at junit.extensions.TestDecorator.basicRun(TestDecorator.java:24)
	at junit.extensions.TestSetup$1.protect(TestSetup.java:21)
	at junit.extensions.TestSetup.run(TestSetup.java:25)
	at junit.extensions.TestDecorator.basicRun(TestDecorator.java:24)
	at junit.extensions.TestSetup$1.protect(TestSetup.java:21)
	at junit.extensions.TestSetup.run(TestSetup.java:25)

Testcase: test47 took 0 sec
	FAILED
Test 47 failed. with signature:final class EnityClass {
junit.framework.AssertionFailedError: Test 47 failed. with signature:final class EnityClass {
	at com.topcoder.umltool.deploy.codegen.test.JavaTests.checkSignatureWithBraces(JavaTests.java:1725)
	at com.topcoder.umltool.deploy.codegen.test.JavaTests.test47(JavaTests.java:596)
	at junit.extensions.TestDecorator.basicRun(TestDecorator.java:24)
	at junit.extensions.TestSetup$1.protect(TestSetup.java:21)
	at junit.extensions.TestSetup.run(TestSetup.java:25)
	at junit.extensions.TestDecorator.basicRun(TestDecorator.java:24)
	at junit.extensions.TestSetup$1.protect(TestSetup.java:21)
	at junit.extensions.TestSetup.run(TestSetup.java:25)

Testcase: test48 took 0.001 sec
	FAILED
Test 48 failed. with signature:private abstract class EnityClass {
junit.framework.AssertionFailedError: Test 48 failed. with signature:private abstract class EnityClass {
	at com.topcoder.umltool.deploy.codegen.test.JavaTests.checkSignatureWithBraces(JavaTests.java:1725)
	at com.topcoder.umltool.deploy.codegen.test.JavaTests.test48(JavaTests.java:609)
	at junit.extensions.TestDecorator.basicRun(TestDecorator.java:24)
	at junit.extensions.TestSetup$1.protect(TestSetup.java:21)
	at junit.extensions.TestSetup.run(TestSetup.java:25)
	at junit.extensions.TestDecorator.basicRun(TestDecorator.java:24)
	at junit.extensions.TestSetup$1.protect(TestSetup.java:21)
	at junit.extensions.TestSetup.run(TestSetup.java:25)

Testcase: test49 took 0.002 sec
	FAILED
Test 49 failed. with signature:private final class EnityClass {
junit.framework.AssertionFailedError: Test 49 failed. with signature:private final class EnityClass {
	at com.topcoder.umltool.deploy.codegen.test.JavaTests.checkSignatureWithBraces(JavaTests.java:1725)
	at com.topcoder.umltool.deploy.codegen.test.JavaTests.test49(JavaTests.java:622)
	at junit.extensions.TestDecorator.basicRun(TestDecorator.java:24)
	at junit.extensions.TestSetup$1.protect(TestSetup.java:21)
	at junit.extensions.TestSetup.run(TestSetup.java:25)
	at junit.extensions.TestDecorator.basicRun(TestDecorator.java:24)
	at junit.extensions.TestSetup$1.protect(TestSetup.java:21)
	at junit.extensions.TestSetup.run(TestSetup.java:25)

Testcase: test50 took 0.001 sec
	FAILED
Test 50 failed. with signature:public int AttributeForTest;
junit.framework.AssertionFailedError: Test 50 failed. with signature:public int AttributeForTest;
	at com.topcoder.umltool.deploy.codegen.test.JavaTests.checkSignature(JavaTests.java:1744)
	at com.topcoder.umltool.deploy.codegen.test.JavaTests.test50(JavaTests.java:635)
	at junit.extensions.TestDecorator.basicRun(TestDecorator.java:24)
	at junit.extensions.TestSetup$1.protect(TestSetup.java:21)
	at junit.extensions.TestSetup.run(TestSetup.java:25)
	at junit.extensions.TestDecorator.basicRun(TestDecorator.java:24)
	at junit.extensions.TestSetup$1.protect(TestSetup.java:21)
	at junit.extensions.TestSetup.run(TestSetup.java:25)

Testcase: test51 took 0.001 sec
	FAILED
Test 51 failed. with signature:public final int AttributeForTest;
junit.framework.AssertionFailedError: Test 51 failed. with signature:public final int AttributeForTest;
	at com.topcoder.umltool.deploy.codegen.test.JavaTests.checkSignature(JavaTests.java:1744)
	at com.topcoder.umltool.deploy.codegen.test.JavaTests.test51(JavaTests.java:648)
	at junit.extensions.TestDecorator.basicRun(TestDecorator.java:24)
	at junit.extensions.TestSetup$1.protect(TestSetup.java:21)
	at junit.extensions.TestSetup.run(TestSetup.java:25)
	at junit.extensions.TestDecorator.basicRun(TestDecorator.java:24)
	at junit.extensions.TestSetup$1.protect(TestSetup.java:21)
	at junit.extensions.TestSetup.run(TestSetup.java:25)

Testcase: test52 took 0 sec
	FAILED
Test 52 failed. with signature:protected int AttributeForTest;
junit.framework.AssertionFailedError: Test 52 failed. with signature:protected int AttributeForTest;
	at com.topcoder.umltool.deploy.codegen.test.JavaTests.checkSignature(JavaTests.java:1744)
	at com.topcoder.umltool.deploy.codegen.test.JavaTests.test52(JavaTests.java:662)
	at junit.extensions.TestDecorator.basicRun(TestDecorator.java:24)
	at junit.extensions.TestSetup$1.protect(TestSetup.java:21)
	at junit.extensions.TestSetup.run(TestSetup.java:25)
	at junit.extensions.TestDecorator.basicRun(TestDecorator.java:24)
	at junit.extensions.TestSetup$1.protect(TestSetup.java:21)
	at junit.extensions.TestSetup.run(TestSetup.java:25)

Testcase: test53 took 0.001 sec
	FAILED
Test 53 failed. with signature:protected final int AttributeForTest;
junit.framework.AssertionFailedError: Test 53 failed. with signature:protected final int AttributeForTest;
	at com.topcoder.umltool.deploy.codegen.test.JavaTests.checkSignature(JavaTests.java:1744)
	at com.topcoder.umltool.deploy.codegen.test.JavaTests.test53(JavaTests.java:675)
	at junit.extensions.TestDecorator.basicRun(TestDecorator.java:24)
	at junit.extensions.TestSetup$1.protect(TestSetup.java:21)
	at junit.extensions.TestSetup.run(TestSetup.java:25)
	at junit.extensions.TestDecorator.basicRun(TestDecorator.java:24)
	at junit.extensions.TestSetup$1.protect(TestSetup.java:21)
	at junit.extensions.TestSetup.run(TestSetup.java:25)

Testcase: test54 took 0 sec
	FAILED
Test 54 failed. with signature:int AttributeForTest;
junit.framework.AssertionFailedError: Test 54 failed. with signature:int AttributeForTest;
	at com.topcoder.umltool.deploy.codegen.test.JavaTests.checkSignature(JavaTests.java:1744)
	at com.topcoder.umltool.deploy.codegen.test.JavaTests.test54(JavaTests.java:688)
	at junit.extensions.TestDecorator.basicRun(TestDecorator.java:24)
	at junit.extensions.TestSetup$1.protect(TestSetup.java:21)
	at junit.extensions.TestSetup.run(TestSetup.java:25)
	at junit.extensions.TestDecorator.basicRun(TestDecorator.java:24)
	at junit.extensions.TestSetup$1.protect(TestSetup.java:21)
	at junit.extensions.TestSetup.run(TestSetup.java:25)

Testcase: test55 took 0 sec
	FAILED
Test 55 failed. with signature:final int AttributeForTest;
junit.framework.AssertionFailedError: Test 55 failed. with signature:final int AttributeForTest;
	at com.topcoder.umltool.deploy.codegen.test.JavaTests.checkSignature(JavaTests.java:1744)
	at com.topcoder.umltool.deploy.codegen.test.JavaTests.test55(JavaTests.java:701)
	at junit.extensions.TestDecorator.basicRun(TestDecorator.java:24)
	at junit.extensions.TestSetup$1.protect(TestSetup.java:21)
	at junit.extensions.TestSetup.run(TestSetup.java:25)
	at junit.extensions.TestDecorator.basicRun(TestDecorator.java:24)
	at junit.extensions.TestSetup$1.protect(TestSetup.java:21)
	at junit.extensions.TestSetup.run(TestSetup.java:25)

Testcase: test56 took 0 sec
	FAILED
Test 56 failed. with signature:private int AttributeForTest;
junit.framework.AssertionFailedError: Test 56 failed. with signature:private int AttributeForTest;
	at com.topcoder.umltool.deploy.codegen.test.JavaTests.checkSignature(JavaTests.java:1744)
	at com.topcoder.umltool.deploy.codegen.test.JavaTests.test56(JavaTests.java:714)
	at junit.extensions.TestDecorator.basicRun(TestDecorator.java:24)
	at junit.extensions.TestSetup$1.protect(TestSetup.java:21)
	at junit.extensions.TestSetup.run(TestSetup.java:25)
	at junit.extensions.TestDecorator.basicRun(TestDecorator.java:24)
	at junit.extensions.TestSetup$1.protect(TestSetup.java:21)
	at junit.extensions.TestSetup.run(TestSetup.java:25)

Testcase: test57 took 0.001 sec
	FAILED
Test 57 failed. with signature:private final int AttributeForTest;
junit.framework.AssertionFailedError: Test 57 failed. with signature:private final int AttributeForTest;
	at com.topcoder.umltool.deploy.codegen.test.JavaTests.checkSignature(JavaTests.java:1744)
	at com.topcoder.umltool.deploy.codegen.test.JavaTests.test57(JavaTests.java:727)
	at junit.extensions.TestDecorator.basicRun(TestDecorator.java:24)
	at junit.extensions.TestSetup$1.protect(TestSetup.java:21)
	at junit.extensions.TestSetup.run(TestSetup.java:25)
	at junit.extensions.TestDecorator.basicRun(TestDecorator.java:24)
	at junit.extensions.TestSetup$1.protect(TestSetup.java:21)
	at junit.extensions.TestSetup.run(TestSetup.java:25)

Testcase: test58 took 0.001 sec
	FAILED
Test 58 failed. with signature:public static int AttributeForTest;
junit.framework.AssertionFailedError: Test 58 failed. with signature:public static int AttributeForTest;
	at com.topcoder.umltool.deploy.codegen.test.JavaTests.checkSignature(JavaTests.java:1744)
	at com.topcoder.umltool.deploy.codegen.test.JavaTests.test58(JavaTests.java:741)
	at junit.extensions.TestDecorator.basicRun(TestDecorator.java:24)
	at junit.extensions.TestSetup$1.protect(TestSetup.java:21)
	at junit.extensions.TestSetup.run(TestSetup.java:25)
	at junit.extensions.TestDecorator.basicRun(TestDecorator.java:24)
	at junit.extensions.TestSetup$1.protect(TestSetup.java:21)
	at junit.extensions.TestSetup.run(TestSetup.java:25)

Testcase: test59 took 0.001 sec
	FAILED
Test 59 failed. with signature:public int AttributeForTest;
junit.framework.AssertionFailedError: Test 59 failed. with signature:public int AttributeForTest;
	at com.topcoder.umltool.deploy.codegen.test.JavaTests.checkSignature(JavaTests.java:1744)
	at com.topcoder.umltool.deploy.codegen.test.JavaTests.test59(JavaTests.java:755)
	at junit.extensions.TestDecorator.basicRun(TestDecorator.java:24)
	at junit.extensions.TestSetup$1.protect(TestSetup.java:21)
	at junit.extensions.TestSetup.run(TestSetup.java:25)
	at junit.extensions.TestDecorator.basicRun(TestDecorator.java:24)
	at junit.extensions.TestSetup$1.protect(TestSetup.java:21)
	at junit.extensions.TestSetup.run(TestSetup.java:25)

Testcase: test60 took 0 sec
	FAILED
Test 60 failed. with signature:public static final int AttributeForTest;
junit.framework.AssertionFailedError: Test 60 failed. with signature:public static final int AttributeForTest;
	at com.topcoder.umltool.deploy.codegen.test.JavaTests.checkSignature(JavaTests.java:1744)
	at com.topcoder.umltool.deploy.codegen.test.JavaTests.test60(JavaTests.java:768)
	at junit.extensions.TestDecorator.basicRun(TestDecorator.java:24)
	at junit.extensions.TestSetup$1.protect(TestSetup.java:21)
	at junit.extensions.TestSetup.run(TestSetup.java:25)
	at junit.extensions.TestDecorator.basicRun(TestDecorator.java:24)
	at junit.extensions.TestSetup$1.protect(TestSetup.java:21)
	at junit.extensions.TestSetup.run(TestSetup.java:25)

Testcase: test61 took 0 sec
	FAILED
Test 61 failed. with signature:public final int AttributeForTest;
junit.framework.AssertionFailedError: Test 61 failed. with signature:public final int AttributeForTest;
	at com.topcoder.umltool.deploy.codegen.test.JavaTests.checkSignature(JavaTests.java:1744)
	at com.topcoder.umltool.deploy.codegen.test.JavaTests.test61(JavaTests.java:781)
	at junit.extensions.TestDecorator.basicRun(TestDecorator.java:24)
	at junit.extensions.TestSetup$1.protect(TestSetup.java:21)
	at junit.extensions.TestSetup.run(TestSetup.java:25)
	at junit.extensions.TestDecorator.basicRun(TestDecorator.java:24)
	at junit.extensions.TestSetup$1.protect(TestSetup.java:21)
	at junit.extensions.TestSetup.run(TestSetup.java:25)

Testcase: test62 took 0 sec
	FAILED
Test 62 failed. with signature:protected static int AttributeForTest;
junit.framework.AssertionFailedError: Test 62 failed. with signature:protected static int AttributeForTest;
	at com.topcoder.umltool.deploy.codegen.test.JavaTests.checkSignature(JavaTests.java:1744)
	at com.topcoder.umltool.deploy.codegen.test.JavaTests.test62(JavaTests.java:795)
	at junit.extensions.TestDecorator.basicRun(TestDecorator.java:24)
	at junit.extensions.TestSetup$1.protect(TestSetup.java:21)
	at junit.extensions.TestSetup.run(TestSetup.java:25)
	at junit.extensions.TestDecorator.basicRun(TestDecorator.java:24)
	at junit.extensions.TestSetup$1.protect(TestSetup.java:21)
	at junit.extensions.TestSetup.run(TestSetup.java:25)

Testcase: test63 took 0 sec
	FAILED
Test 63 failed. with signature:protected int AttributeForTest;
junit.framework.AssertionFailedError: Test 63 failed. with signature:protected int AttributeForTest;
	at com.topcoder.umltool.deploy.codegen.test.JavaTests.checkSignature(JavaTests.java:1744)
	at com.topcoder.umltool.deploy.codegen.test.JavaTests.test63(JavaTests.java:809)
	at junit.extensions.TestDecorator.basicRun(TestDecorator.java:24)
	at junit.extensions.TestSetup$1.protect(TestSetup.java:21)
	at junit.extensions.TestSetup.run(TestSetup.java:25)
	at junit.extensions.TestDecorator.basicRun(TestDecorator.java:24)
	at junit.extensions.TestSetup$1.protect(TestSetup.java:21)
	at junit.extensions.TestSetup.run(TestSetup.java:25)

Testcase: test64 took 0.002 sec
	FAILED
Test 64 failed. with signature:protected static final int AttributeForTest;
junit.framework.AssertionFailedError: Test 64 failed. with signature:protected static final int AttributeForTest;
	at com.topcoder.umltool.deploy.codegen.test.JavaTests.checkSignature(JavaTests.java:1744)
	at com.topcoder.umltool.deploy.codegen.test.JavaTests.test64(JavaTests.java:822)
	at junit.extensions.TestDecorator.basicRun(TestDecorator.java:24)
	at junit.extensions.TestSetup$1.protect(TestSetup.java:21)
	at junit.extensions.TestSetup.run(TestSetup.java:25)
	at junit.extensions.TestDecorator.basicRun(TestDecorator.java:24)
	at junit.extensions.TestSetup$1.protect(TestSetup.java:21)
	at junit.extensions.TestSetup.run(TestSetup.java:25)

Testcase: test65 took 0.001 sec
	FAILED
Test 65 failed. with signature:protected final int AttributeForTest;
junit.framework.AssertionFailedError: Test 65 failed. with signature:protected final int AttributeForTest;
	at com.topcoder.umltool.deploy.codegen.test.JavaTests.checkSignature(JavaTests.java:1744)
	at com.topcoder.umltool.deploy.codegen.test.JavaTests.test65(JavaTests.java:836)
	at junit.extensions.TestDecorator.basicRun(TestDecorator.java:24)
	at junit.extensions.TestSetup$1.protect(TestSetup.java:21)
	at junit.extensions.TestSetup.run(TestSetup.java:25)
	at junit.extensions.TestDecorator.basicRun(TestDecorator.java:24)
	at junit.extensions.TestSetup$1.protect(TestSetup.java:21)
	at junit.extensions.TestSetup.run(TestSetup.java:25)

Testcase: test66 took 0 sec
	FAILED
Test 66 failed. with signature:static int AttributeForTest;
junit.framework.AssertionFailedError: Test 66 failed. with signature:static int AttributeForTest;
	at com.topcoder.umltool.deploy.codegen.test.JavaTests.checkSignature(JavaTests.java:1744)
	at com.topcoder.umltool.deploy.codegen.test.JavaTests.test66(JavaTests.java:850)
	at junit.extensions.TestDecorator.basicRun(TestDecorator.java:24)
	at junit.extensions.TestSetup$1.protect(TestSetup.java:21)
	at junit.extensions.TestSetup.run(TestSetup.java:25)
	at junit.extensions.TestDecorator.basicRun(TestDecorator.java:24)
	at junit.extensions.TestSetup$1.protect(TestSetup.java:21)
	at junit.extensions.TestSetup.run(TestSetup.java:25)

Testcase: test67 took 0.001 sec
	FAILED
Test 67 failed. with signature:int AttributeForTest;
junit.framework.AssertionFailedError: Test 67 failed. with signature:int AttributeForTest;
	at com.topcoder.umltool.deploy.codegen.test.JavaTests.checkSignature(JavaTests.java:1744)
	at com.topcoder.umltool.deploy.codegen.test.JavaTests.test67(JavaTests.java:864)
	at junit.extensions.TestDecorator.basicRun(TestDecorator.java:24)
	at junit.extensions.TestSetup$1.protect(TestSetup.java:21)
	at junit.extensions.TestSetup.run(TestSetup.java:25)
	at junit.extensions.TestDecorator.basicRun(TestDecorator.java:24)
	at junit.extensions.TestSetup$1.protect(TestSetup.java:21)
	at junit.extensions.TestSetup.run(TestSetup.java:25)

Testcase: test68 took 0.001 sec
	FAILED
Test 68 failed. with signature:static final int AttributeForTest;
junit.framework.AssertionFailedError: Test 68 failed. with signature:static final int AttributeForTest;
	at com.topcoder.umltool.deploy.codegen.test.JavaTests.checkSignature(JavaTests.java:1744)
	at com.topcoder.umltool.deploy.codegen.test.JavaTests.test68(JavaTests.java:877)
	at junit.extensions.TestDecorator.basicRun(TestDecorator.java:24)
	at junit.extensions.TestSetup$1.protect(TestSetup.java:21)
	at junit.extensions.TestSetup.run(TestSetup.java:25)
	at junit.extensions.TestDecorator.basicRun(TestDecorator.java:24)
	at junit.extensions.TestSetup$1.protect(TestSetup.java:21)
	at junit.extensions.TestSetup.run(TestSetup.java:25)

Testcase: test69 took 0 sec
	FAILED
Test 69 failed. with signature:final int AttributeForTest;
junit.framework.AssertionFailedError: Test 69 failed. with signature:final int AttributeForTest;
	at com.topcoder.umltool.deploy.codegen.test.JavaTests.checkSignature(JavaTests.java:1744)
	at com.topcoder.umltool.deploy.codegen.test.JavaTests.test69(JavaTests.java:891)
	at junit.extensions.TestDecorator.basicRun(TestDecorator.java:24)
	at junit.extensions.TestSetup$1.protect(TestSetup.java:21)
	at junit.extensions.TestSetup.run(TestSetup.java:25)
	at junit.extensions.TestDecorator.basicRun(TestDecorator.java:24)
	at junit.extensions.TestSetup$1.protect(TestSetup.java:21)
	at junit.extensions.TestSetup.run(TestSetup.java:25)

Testcase: test70 took 0 sec
	FAILED
Test 70 failed. with signature:private static int AttributeForTest;
junit.framework.AssertionFailedError: Test 70 failed. with signature:private static int AttributeForTest;
	at com.topcoder.umltool.deploy.codegen.test.JavaTests.checkSignature(JavaTests.java:1744)
	at com.topcoder.umltool.deploy.codegen.test.JavaTests.test70(JavaTests.java:905)
	at junit.extensions.TestDecorator.basicRun(TestDecorator.java:24)
	at junit.extensions.TestSetup$1.protect(TestSetup.java:21)
	at junit.extensions.TestSetup.run(TestSetup.java:25)
	at junit.extensions.TestDecorator.basicRun(TestDecorator.java:24)
	at junit.extensions.TestSetup$1.protect(TestSetup.java:21)
	at junit.extensions.TestSetup.run(TestSetup.java:25)

Testcase: test71 took 0 sec
	FAILED
Test 71 failed. with signature:private int AttributeForTest;
junit.framework.AssertionFailedError: Test 71 failed. with signature:private int AttributeForTest;
	at com.topcoder.umltool.deploy.codegen.test.JavaTests.checkSignature(JavaTests.java:1744)
	at com.topcoder.umltool.deploy.codegen.test.JavaTests.test71(JavaTests.java:919)
	at junit.extensions.TestDecorator.basicRun(TestDecorator.java:24)
	at junit.extensions.TestSetup$1.protect(TestSetup.java:21)
	at junit.extensions.TestSetup.run(TestSetup.java:25)
	at junit.extensions.TestDecorator.basicRun(TestDecorator.java:24)
	at junit.extensions.TestSetup$1.protect(TestSetup.java:21)
	at junit.extensions.TestSetup.run(TestSetup.java:25)

Testcase: test72 took 0.001 sec
	FAILED
Test 72 failed. with signature:private static final int AttributeForTest;
junit.framework.AssertionFailedError: Test 72 failed. with signature:private static final int AttributeForTest;
	at com.topcoder.umltool.deploy.codegen.test.JavaTests.checkSignature(JavaTests.java:1744)
	at com.topcoder.umltool.deploy.codegen.test.JavaTests.test72(JavaTests.java:932)
	at junit.extensions.TestDecorator.basicRun(TestDecorator.java:24)
	at junit.extensions.TestSetup$1.protect(TestSetup.java:21)
	at junit.extensions.TestSetup.run(TestSetup.java:25)
	at junit.extensions.TestDecorator.basicRun(TestDecorator.java:24)
	at junit.extensions.TestSetup$1.protect(TestSetup.java:21)
	at junit.extensions.TestSetup.run(TestSetup.java:25)

Testcase: test73 took 0.001 sec
	FAILED
Test 73 failed. with signature:private final int AttributeForTest;
junit.framework.AssertionFailedError: Test 73 failed. with signature:private final int AttributeForTest;
	at com.topcoder.umltool.deploy.codegen.test.JavaTests.checkSignature(JavaTests.java:1744)
	at com.topcoder.umltool.deploy.codegen.test.JavaTests.test73(JavaTests.java:946)
	at junit.extensions.TestDecorator.basicRun(TestDecorator.java:24)
	at junit.extensions.TestSetup$1.protect(TestSetup.java:21)
	at junit.extensions.TestSetup.run(TestSetup.java:25)
	at junit.extensions.TestDecorator.basicRun(TestDecorator.java:24)
	at junit.extensions.TestSetup$1.protect(TestSetup.java:21)
	at junit.extensions.TestSetup.run(TestSetup.java:25)

Testcase: test74 took 0.002 sec
	FAILED
Test 74 failed. with signature:public int MethodForTest() {
junit.framework.AssertionFailedError: Test 74 failed. with signature:public int MethodForTest() {
	at com.topcoder.umltool.deploy.codegen.test.JavaTests.checkSignatureWithBraces(JavaTests.java:1725)
	at com.topcoder.umltool.deploy.codegen.test.JavaTests.test74(JavaTests.java:959)
	at junit.extensions.TestDecorator.basicRun(TestDecorator.java:24)
	at junit.extensions.TestSetup$1.protect(TestSetup.java:21)
	at junit.extensions.TestSetup.run(TestSetup.java:25)
	at junit.extensions.TestDecorator.basicRun(TestDecorator.java:24)
	at junit.extensions.TestSetup$1.protect(TestSetup.java:21)
	at junit.extensions.TestSetup.run(TestSetup.java:25)

Testcase: test75 took 0.001 sec
	FAILED
Test 75 failed. with signature:protected int MethodForTest() {
junit.framework.AssertionFailedError: Test 75 failed. with signature:protected int MethodForTest() {
	at com.topcoder.umltool.deploy.codegen.test.JavaTests.checkSignatureWithBraces(JavaTests.java:1725)
	at com.topcoder.umltool.deploy.codegen.test.JavaTests.test75(JavaTests.java:972)
	at junit.extensions.TestDecorator.basicRun(TestDecorator.java:24)
	at junit.extensions.TestSetup$1.protect(TestSetup.java:21)
	at junit.extensions.TestSetup.run(TestSetup.java:25)
	at junit.extensions.TestDecorator.basicRun(TestDecorator.java:24)
	at junit.extensions.TestSetup$1.protect(TestSetup.java:21)
	at junit.extensions.TestSetup.run(TestSetup.java:25)

Testcase: test76 took 0.001 sec
	FAILED
Test 76 failed. with signature:int MethodForTest() {
junit.framework.AssertionFailedError: Test 76 failed. with signature:int MethodForTest() {
	at com.topcoder.umltool.deploy.codegen.test.JavaTests.checkSignatureWithBraces(JavaTests.java:1725)
	at com.topcoder.umltool.deploy.codegen.test.JavaTests.test76(JavaTests.java:985)
	at junit.extensions.TestDecorator.basicRun(TestDecorator.java:24)
	at junit.extensions.TestSetup$1.protect(TestSetup.java:21)
	at junit.extensions.TestSetup.run(TestSetup.java:25)
	at junit.extensions.TestDecorator.basicRun(TestDecorator.java:24)
	at junit.extensions.TestSetup$1.protect(TestSetup.java:21)
	at junit.extensions.TestSetup.run(TestSetup.java:25)

Testcase: test77 took 0.001 sec
	FAILED
Test 77 failed. with signature:private int MethodForTest() {
junit.framework.AssertionFailedError: Test 77 failed. with signature:private int MethodForTest() {
	at com.topcoder.umltool.deploy.codegen.test.JavaTests.checkSignatureWithBraces(JavaTests.java:1725)
	at com.topcoder.umltool.deploy.codegen.test.JavaTests.test77(JavaTests.java:998)
	at junit.extensions.TestDecorator.basicRun(TestDecorator.java:24)
	at junit.extensions.TestSetup$1.protect(TestSetup.java:21)
	at junit.extensions.TestSetup.run(TestSetup.java:25)
	at junit.extensions.TestDecorator.basicRun(TestDecorator.java:24)
	at junit.extensions.TestSetup$1.protect(TestSetup.java:21)
	at junit.extensions.TestSetup.run(TestSetup.java:25)

Testcase: test78 took 0.004 sec
	FAILED
Test 78 failed. with signature:public abstract int MethodForTest();
junit.framework.AssertionFailedError: Test 78 failed. with signature:public abstract int MethodForTest();
	at com.topcoder.umltool.deploy.codegen.test.JavaTests.checkSignatureWithBraces(JavaTests.java:1725)
	at com.topcoder.umltool.deploy.codegen.test.JavaTests.test78(JavaTests.java:1011)
	at junit.extensions.TestDecorator.basicRun(TestDecorator.java:24)
	at junit.extensions.TestSetup$1.protect(TestSetup.java:21)
	at junit.extensions.TestSetup.run(TestSetup.java:25)
	at junit.extensions.TestDecorator.basicRun(TestDecorator.java:24)
	at junit.extensions.TestSetup$1.protect(TestSetup.java:21)
	at junit.extensions.TestSetup.run(TestSetup.java:25)

Testcase: test79 took 0.001 sec
	FAILED
Test 79 failed. with signature:protected abstract int MethodForTest();
junit.framework.AssertionFailedError: Test 79 failed. with signature:protected abstract int MethodForTest();
	at com.topcoder.umltool.deploy.codegen.test.JavaTests.checkSignatureWithBraces(JavaTests.java:1725)
	at com.topcoder.umltool.deploy.codegen.test.JavaTests.test79(JavaTests.java:1024)
	at junit.extensions.TestDecorator.basicRun(TestDecorator.java:24)
	at junit.extensions.TestSetup$1.protect(TestSetup.java:21)
	at junit.extensions.TestSetup.run(TestSetup.java:25)
	at junit.extensions.TestDecorator.basicRun(TestDecorator.java:24)
	at junit.extensions.TestSetup$1.protect(TestSetup.java:21)
	at junit.extensions.TestSetup.run(TestSetup.java:25)

Testcase: test80 took 0.001 sec
	FAILED
Test 80 failed. with signature:abstract int MethodForTest();
junit.framework.AssertionFailedError: Test 80 failed. with signature:abstract int MethodForTest();
	at com.topcoder.umltool.deploy.codegen.test.JavaTests.checkSignatureWithBraces(JavaTests.java:1725)
	at com.topcoder.umltool.deploy.codegen.test.JavaTests.test80(JavaTests.java:1037)
	at junit.extensions.TestDecorator.basicRun(TestDecorator.java:24)
	at junit.extensions.TestSetup$1.protect(TestSetup.java:21)
	at junit.extensions.TestSetup.run(TestSetup.java:25)
	at junit.extensions.TestDecorator.basicRun(TestDecorator.java:24)
	at junit.extensions.TestSetup$1.protect(TestSetup.java:21)
	at junit.extensions.TestSetup.run(TestSetup.java:25)

Testcase: test81 took 0 sec
	FAILED
Test 81 failed. with signature:private abstract int MethodForTest();
junit.framework.AssertionFailedError: Test 81 failed. with signature:private abstract int MethodForTest();
	at com.topcoder.umltool.deploy.codegen.test.JavaTests.checkSignatureWithBraces(JavaTests.java:1725)
	at com.topcoder.umltool.deploy.codegen.test.JavaTests.test81(JavaTests.java:1050)
	at junit.extensions.TestDecorator.basicRun(TestDecorator.java:24)
	at junit.extensions.TestSetup$1.protect(TestSetup.java:21)
	at junit.extensions.TestSetup.run(TestSetup.java:25)
	at junit.extensions.TestDecorator.basicRun(TestDecorator.java:24)
	at junit.extensions.TestSetup$1.protect(TestSetup.java:21)
	at junit.extensions.TestSetup.run(TestSetup.java:25)

Testcase: test82 took 0.001 sec
	FAILED
Test 82 failed. with signature:public final int MethodForTest() {
junit.framework.AssertionFailedError: Test 82 failed. with signature:public final int MethodForTest() {
	at com.topcoder.umltool.deploy.codegen.test.JavaTests.checkSignatureWithBraces(JavaTests.java:1725)
	at com.topcoder.umltool.deploy.codegen.test.JavaTests.test82(JavaTests.java:1063)
	at junit.extensions.TestDecorator.basicRun(TestDecorator.java:24)
	at junit.extensions.TestSetup$1.protect(TestSetup.java:21)
	at junit.extensions.TestSetup.run(TestSetup.java:25)
	at junit.extensions.TestDecorator.basicRun(TestDecorator.java:24)
	at junit.extensions.TestSetup$1.protect(TestSetup.java:21)
	at junit.extensions.TestSetup.run(TestSetup.java:25)

Testcase: test83 took 0.001 sec
	FAILED
Test 83 failed. with signature:protected final int MethodForTest() {
junit.framework.AssertionFailedError: Test 83 failed. with signature:protected final int MethodForTest() {
	at com.topcoder.umltool.deploy.codegen.test.JavaTests.checkSignatureWithBraces(JavaTests.java:1725)
	at com.topcoder.umltool.deploy.codegen.test.JavaTests.test83(JavaTests.java:1076)
	at junit.extensions.TestDecorator.basicRun(TestDecorator.java:24)
	at junit.extensions.TestSetup$1.protect(TestSetup.java:21)
	at junit.extensions.TestSetup.run(TestSetup.java:25)
	at junit.extensions.TestDecorator.basicRun(TestDecorator.java:24)
	at junit.extensions.TestSetup$1.protect(TestSetup.java:21)
	at junit.extensions.TestSetup.run(TestSetup.java:25)

Testcase: test84 took 0.001 sec
	FAILED
Test 84 failed. with signature:final int MethodForTest() {
junit.framework.AssertionFailedError: Test 84 failed. with signature:final int MethodForTest() {
	at com.topcoder.umltool.deploy.codegen.test.JavaTests.checkSignatureWithBraces(JavaTests.java:1725)
	at com.topcoder.umltool.deploy.codegen.test.JavaTests.test84(JavaTests.java:1089)
	at junit.extensions.TestDecorator.basicRun(TestDecorator.java:24)
	at junit.extensions.TestSetup$1.protect(TestSetup.java:21)
	at junit.extensions.TestSetup.run(TestSetup.java:25)
	at junit.extensions.TestDecorator.basicRun(TestDecorator.java:24)
	at junit.extensions.TestSetup$1.protect(TestSetup.java:21)
	at junit.extensions.TestSetup.run(TestSetup.java:25)

Testcase: test85 took 0.001 sec
	FAILED
Test 85 failed. with signature:private final int MethodForTest() {
junit.framework.AssertionFailedError: Test 85 failed. with signature:private final int MethodForTest() {
	at com.topcoder.umltool.deploy.codegen.test.JavaTests.checkSignatureWithBraces(JavaTests.java:1725)
	at com.topcoder.umltool.deploy.codegen.test.JavaTests.test85(JavaTests.java:1102)
	at junit.extensions.TestDecorator.basicRun(TestDecorator.java:24)
	at junit.extensions.TestSetup$1.protect(TestSetup.java:21)
	at junit.extensions.TestSetup.run(TestSetup.java:25)
	at junit.extensions.TestDecorator.basicRun(TestDecorator.java:24)
	at junit.extensions.TestSetup$1.protect(TestSetup.java:21)
	at junit.extensions.TestSetup.run(TestSetup.java:25)

Testcase: test86 took 0 sec
	FAILED
Test 86 failed. with signature:public static int MethodForTest() {
junit.framework.AssertionFailedError: Test 86 failed. with signature:public static int MethodForTest() {
	at com.topcoder.umltool.deploy.codegen.test.JavaTests.checkSignatureWithBraces(JavaTests.java:1725)
	at com.topcoder.umltool.deploy.codegen.test.JavaTests.test86(JavaTests.java:1115)
	at junit.extensions.TestDecorator.basicRun(TestDecorator.java:24)
	at junit.extensions.TestSetup$1.protect(TestSetup.java:21)
	at junit.extensions.TestSetup.run(TestSetup.java:25)
	at junit.extensions.TestDecorator.basicRun(TestDecorator.java:24)
	at junit.extensions.TestSetup$1.protect(TestSetup.java:21)
	at junit.extensions.TestSetup.run(TestSetup.java:25)

Testcase: test87 took 0.002 sec
	FAILED
Test 87 failed. with signature:protected static int MethodForTest() {
junit.framework.AssertionFailedError: Test 87 failed. with signature:protected static int MethodForTest() {
	at com.topcoder.umltool.deploy.codegen.test.JavaTests.checkSignatureWithBraces(JavaTests.java:1725)
	at com.topcoder.umltool.deploy.codegen.test.JavaTests.test87(JavaTests.java:1128)
	at junit.extensions.TestDecorator.basicRun(TestDecorator.java:24)
	at junit.extensions.TestSetup$1.protect(TestSetup.java:21)
	at junit.extensions.TestSetup.run(TestSetup.java:25)
	at junit.extensions.TestDecorator.basicRun(TestDecorator.java:24)
	at junit.extensions.TestSetup$1.protect(TestSetup.java:21)
	at junit.extensions.TestSetup.run(TestSetup.java:25)

Testcase: test88 took 0.001 sec
	FAILED
Test 88 failed. with signature:static int MethodForTest() {
junit.framework.AssertionFailedError: Test 88 failed. with signature:static int MethodForTest() {
	at com.topcoder.umltool.deploy.codegen.test.JavaTests.checkSignatureWithBraces(JavaTests.java:1725)
	at com.topcoder.umltool.deploy.codegen.test.JavaTests.test88(JavaTests.java:1141)
	at junit.extensions.TestDecorator.basicRun(TestDecorator.java:24)
	at junit.extensions.TestSetup$1.protect(TestSetup.java:21)
	at junit.extensions.TestSetup.run(TestSetup.java:25)
	at junit.extensions.TestDecorator.basicRun(TestDecorator.java:24)
	at junit.extensions.TestSetup$1.protect(TestSetup.java:21)
	at junit.extensions.TestSetup.run(TestSetup.java:25)

Testcase: test89 took 0.001 sec
	FAILED
Test 89 failed. with signature:private static int MethodForTest() {
junit.framework.AssertionFailedError: Test 89 failed. with signature:private static int MethodForTest() {
	at com.topcoder.umltool.deploy.codegen.test.JavaTests.checkSignatureWithBraces(JavaTests.java:1725)
	at com.topcoder.umltool.deploy.codegen.test.JavaTests.test89(JavaTests.java:1154)
	at junit.extensions.TestDecorator.basicRun(TestDecorator.java:24)
	at junit.extensions.TestSetup$1.protect(TestSetup.java:21)
	at junit.extensions.TestSetup.run(TestSetup.java:25)
	at junit.extensions.TestDecorator.basicRun(TestDecorator.java:24)
	at junit.extensions.TestSetup$1.protect(TestSetup.java:21)
	at junit.extensions.TestSetup.run(TestSetup.java:25)

Testcase: test90 took 0 sec
	FAILED
Test 90 failed. with signature:public final static int MethodForTest() {
junit.framework.AssertionFailedError: Test 90 failed. with signature:public final static int MethodForTest() {
	at com.topcoder.umltool.deploy.codegen.test.JavaTests.checkSignatureWithBraces(JavaTests.java:1725)
	at com.topcoder.umltool.deploy.codegen.test.JavaTests.test90(JavaTests.java:1167)
	at junit.extensions.TestDecorator.basicRun(TestDecorator.java:24)
	at junit.extensions.TestSetup$1.protect(TestSetup.java:21)
	at junit.extensions.TestSetup.run(TestSetup.java:25)
	at junit.extensions.TestDecorator.basicRun(TestDecorator.java:24)
	at junit.extensions.TestSetup$1.protect(TestSetup.java:21)
	at junit.extensions.TestSetup.run(TestSetup.java:25)

Testcase: test91 took 0.002 sec
	FAILED
Test 91 failed. with signature:protected final static int MethodForTest() {
junit.framework.AssertionFailedError: Test 91 failed. with signature:protected final static int MethodForTest() {
	at com.topcoder.umltool.deploy.codegen.test.JavaTests.checkSignatureWithBraces(JavaTests.java:1725)
	at com.topcoder.umltool.deploy.codegen.test.JavaTests.test91(JavaTests.java:1180)
	at junit.extensions.TestDecorator.basicRun(TestDecorator.java:24)
	at junit.extensions.TestSetup$1.protect(TestSetup.java:21)
	at junit.extensions.TestSetup.run(TestSetup.java:25)
	at junit.extensions.TestDecorator.basicRun(TestDecorator.java:24)
	at junit.extensions.TestSetup$1.protect(TestSetup.java:21)
	at junit.extensions.TestSetup.run(TestSetup.java:25)

Testcase: test92 took 0.002 sec
	FAILED
Test 92 failed. with signature:final static int MethodForTest() {
junit.framework.AssertionFailedError: Test 92 failed. with signature:final static int MethodForTest() {
	at com.topcoder.umltool.deploy.codegen.test.JavaTests.checkSignatureWithBraces(JavaTests.java:1725)
	at com.topcoder.umltool.deploy.codegen.test.JavaTests.test92(JavaTests.java:1193)
	at junit.extensions.TestDecorator.basicRun(TestDecorator.java:24)
	at junit.extensions.TestSetup$1.protect(TestSetup.java:21)
	at junit.extensions.TestSetup.run(TestSetup.java:25)
	at junit.extensions.TestDecorator.basicRun(TestDecorator.java:24)
	at junit.extensions.TestSetup$1.protect(TestSetup.java:21)
	at junit.extensions.TestSetup.run(TestSetup.java:25)

Testcase: test93 took 0 sec
	FAILED
Test 93 failed. with signature:private final static int MethodForTest() {
junit.framework.AssertionFailedError: Test 93 failed. with signature:private final static int MethodForTest() {
	at com.topcoder.umltool.deploy.codegen.test.JavaTests.checkSignatureWithBraces(JavaTests.java:1725)
	at com.topcoder.umltool.deploy.codegen.test.JavaTests.test93(JavaTests.java:1206)
	at junit.extensions.TestDecorator.basicRun(TestDecorator.java:24)
	at junit.extensions.TestSetup$1.protect(TestSetup.java:21)
	at junit.extensions.TestSetup.run(TestSetup.java:25)
	at junit.extensions.TestDecorator.basicRun(TestDecorator.java:24)
	at junit.extensions.TestSetup$1.protect(TestSetup.java:21)
	at junit.extensions.TestSetup.run(TestSetup.java:25)

Testcase: test94 took 0 sec
	FAILED
Test 94 failed. with signature:public synchronized int MethodForTest() {
junit.framework.AssertionFailedError: Test 94 failed. with signature:public synchronized int MethodForTest() {
	at com.topcoder.umltool.deploy.codegen.test.JavaTests.checkSignatureWithBraces(JavaTests.java:1725)
	at com.topcoder.umltool.deploy.codegen.test.JavaTests.test94(JavaTests.java:1219)
	at junit.extensions.TestDecorator.basicRun(TestDecorator.java:24)
	at junit.extensions.TestSetup$1.protect(TestSetup.java:21)
	at junit.extensions.TestSetup.run(TestSetup.java:25)
	at junit.extensions.TestDecorator.basicRun(TestDecorator.java:24)
	at junit.extensions.TestSetup$1.protect(TestSetup.java:21)
	at junit.extensions.TestSetup.run(TestSetup.java:25)

Testcase: test95 took 0.001 sec
	FAILED
Test 95 failed. with signature:public interface InterfaceForTest {
junit.framework.AssertionFailedError: Test 95 failed. with signature:public interface InterfaceForTest {
	at com.topcoder.umltool.deploy.codegen.test.JavaTests.checkSignatureWithBraces(JavaTests.java:1725)
	at com.topcoder.umltool.deploy.codegen.test.JavaTests.test95(JavaTests.java:1232)
	at junit.extensions.TestDecorator.basicRun(TestDecorator.java:24)
	at junit.extensions.TestSetup$1.protect(TestSetup.java:21)
	at junit.extensions.TestSetup.run(TestSetup.java:25)
	at junit.extensions.TestDecorator.basicRun(TestDecorator.java:24)
	at junit.extensions.TestSetup$1.protect(TestSetup.java:21)
	at junit.extensions.TestSetup.run(TestSetup.java:25)

Testcase: test96 took 0.002 sec
	FAILED
Test 96 failed. with signature:protected interface InterfaceForTest {
junit.framework.AssertionFailedError: Test 96 failed. with signature:protected interface InterfaceForTest {
	at com.topcoder.umltool.deploy.codegen.test.JavaTests.checkSignatureWithBraces(JavaTests.java:1725)
	at com.topcoder.umltool.deploy.codegen.test.JavaTests.test96(JavaTests.java:1245)
	at junit.extensions.TestDecorator.basicRun(TestDecorator.java:24)
	at junit.extensions.TestSetup$1.protect(TestSetup.java:21)
	at junit.extensions.TestSetup.run(TestSetup.java:25)
	at junit.extensions.TestDecorator.basicRun(TestDecorator.java:24)
	at junit.extensions.TestSetup$1.protect(TestSetup.java:21)
	at junit.extensions.TestSetup.run(TestSetup.java:25)

Testcase: test97 took 0 sec
	FAILED
Test 97 failed. with signature:interface InterfaceForTest {
junit.framework.AssertionFailedError: Test 97 failed. with signature:interface InterfaceForTest {
	at com.topcoder.umltool.deploy.codegen.test.JavaTests.checkSignatureWithBraces(JavaTests.java:1725)
	at com.topcoder.umltool.deploy.codegen.test.JavaTests.test97(JavaTests.java:1258)
	at junit.extensions.TestDecorator.basicRun(TestDecorator.java:24)
	at junit.extensions.TestSetup$1.protect(TestSetup.java:21)
	at junit.extensions.TestSetup.run(TestSetup.java:25)
	at junit.extensions.TestDecorator.basicRun(TestDecorator.java:24)
	at junit.extensions.TestSetup$1.protect(TestSetup.java:21)
	at junit.extensions.TestSetup.run(TestSetup.java:25)

Testcase: test98 took 0 sec
	FAILED
Test 98 failed. with signature:private interface InterfaceForTest {
junit.framework.AssertionFailedError: Test 98 failed. with signature:private interface InterfaceForTest {
	at com.topcoder.umltool.deploy.codegen.test.JavaTests.checkSignatureWithBraces(JavaTests.java:1725)
	at com.topcoder.umltool.deploy.codegen.test.JavaTests.test98(JavaTests.java:1271)
	at junit.extensions.TestDecorator.basicRun(TestDecorator.java:24)
	at junit.extensions.TestSetup$1.protect(TestSetup.java:21)
	at junit.extensions.TestSetup.run(TestSetup.java:25)
	at junit.extensions.TestDecorator.basicRun(TestDecorator.java:24)
	at junit.extensions.TestSetup$1.protect(TestSetup.java:21)
	at junit.extensions.TestSetup.run(TestSetup.java:25)

Testcase: test99 took 0.001 sec
	FAILED
Test 99 failed. with signature:public abstract interface InterfaceForTest {
junit.framework.AssertionFailedError: Test 99 failed. with signature:public abstract interface InterfaceForTest {
	at com.topcoder.umltool.deploy.codegen.test.JavaTests.checkSignatureWithBraces(JavaTests.java:1725)
	at com.topcoder.umltool.deploy.codegen.test.JavaTests.test99(JavaTests.java:1284)
	at junit.extensions.TestDecorator.basicRun(TestDecorator.java:24)
	at junit.extensions.TestSetup$1.protect(TestSetup.java:21)
	at junit.extensions.TestSetup.run(TestSetup.java:25)
	at junit.extensions.TestDecorator.basicRun(TestDecorator.java:24)
	at junit.extensions.TestSetup$1.protect(TestSetup.java:21)
	at junit.extensions.TestSetup.run(TestSetup.java:25)

Testcase: test100 took 0.001 sec
	FAILED
Test 100 failed. with signature:protected abstract interface InterfaceForTest {
junit.framework.AssertionFailedError: Test 100 failed. with signature:protected abstract interface InterfaceForTest {
	at com.topcoder.umltool.deploy.codegen.test.JavaTests.checkSignatureWithBraces(JavaTests.java:1725)
	at com.topcoder.umltool.deploy.codegen.test.JavaTests.test100(JavaTests.java:1297)
	at junit.extensions.TestDecorator.basicRun(TestDecorator.java:24)
	at junit.extensions.TestSetup$1.protect(TestSetup.java:21)
	at junit.extensions.TestSetup.run(TestSetup.java:25)
	at junit.extensions.TestDecorator.basicRun(TestDecorator.java:24)
	at junit.extensions.TestSetup$1.protect(TestSetup.java:21)
	at junit.extensions.TestSetup.run(TestSetup.java:25)

Testcase: test101 took 0 sec
	FAILED
Test 101 failed. with signature:abstract interface InterfaceForTest {
junit.framework.AssertionFailedError: Test 101 failed. with signature:abstract interface InterfaceForTest {
	at com.topcoder.umltool.deploy.codegen.test.JavaTests.checkSignatureWithBraces(JavaTests.java:1725)
	at com.topcoder.umltool.deploy.codegen.test.JavaTests.test101(JavaTests.java:1310)
	at junit.extensions.TestDecorator.basicRun(TestDecorator.java:24)
	at junit.extensions.TestSetup$1.protect(TestSetup.java:21)
	at junit.extensions.TestSetup.run(TestSetup.java:25)
	at junit.extensions.TestDecorator.basicRun(TestDecorator.java:24)
	at junit.extensions.TestSetup$1.protect(TestSetup.java:21)
	at junit.extensions.TestSetup.run(TestSetup.java:25)

Testcase: test102 took 0.001 sec
	FAILED
Test 102 failed. with signature:private abstract interface InterfaceForTest {
junit.framework.AssertionFailedError: Test 102 failed. with signature:private abstract interface InterfaceForTest {
	at com.topcoder.umltool.deploy.codegen.test.JavaTests.checkSignatureWithBraces(JavaTests.java:1725)
	at com.topcoder.umltool.deploy.codegen.test.JavaTests.test102(JavaTests.java:1323)
	at junit.extensions.TestDecorator.basicRun(TestDecorator.java:24)
	at junit.extensions.TestSetup$1.protect(TestSetup.java:21)
	at junit.extensions.TestSetup.run(TestSetup.java:25)
	at junit.extensions.TestDecorator.basicRun(TestDecorator.java:24)
	at junit.extensions.TestSetup$1.protect(TestSetup.java:21)
	at junit.extensions.TestSetup.run(TestSetup.java:25)

Testcase: test103 took 0.001 sec
	FAILED
Test 103 failed. with signature:public interface InterfaceForTest {
junit.framework.AssertionFailedError: Test 103 failed. with signature:public interface InterfaceForTest {
	at com.topcoder.umltool.deploy.codegen.test.JavaTests.checkSignatureWithBraces(JavaTests.java:1725)
	at com.topcoder.umltool.deploy.codegen.test.JavaTests.test103(JavaTests.java:1336)
	at junit.extensions.TestDecorator.basicRun(TestDecorator.java:24)
	at junit.extensions.TestSetup$1.protect(TestSetup.java:21)
	at junit.extensions.TestSetup.run(TestSetup.java:25)
	at junit.extensions.TestDecorator.basicRun(TestDecorator.java:24)
	at junit.extensions.TestSetup$1.protect(TestSetup.java:21)
	at junit.extensions.TestSetup.run(TestSetup.java:25)

Testcase: test104 took 0 sec
	FAILED
Test 104 failed. with signature:protected interface InterfaceForTest {
junit.framework.AssertionFailedError: Test 104 failed. with signature:protected interface InterfaceForTest {
	at com.topcoder.umltool.deploy.codegen.test.JavaTests.checkSignatureWithBraces(JavaTests.java:1725)
	at com.topcoder.umltool.deploy.codegen.test.JavaTests.test104(JavaTests.java:1349)
	at junit.extensions.TestDecorator.basicRun(TestDecorator.java:24)
	at junit.extensions.TestSetup$1.protect(TestSetup.java:21)
	at junit.extensions.TestSetup.run(TestSetup.java:25)
	at junit.extensions.TestDecorator.basicRun(TestDecorator.java:24)
	at junit.extensions.TestSetup$1.protect(TestSetup.java:21)
	at junit.extensions.TestSetup.run(TestSetup.java:25)

Testcase: test105 took 0 sec
	FAILED
Test 105 failed. with signature:interface InterfaceForTest {
junit.framework.AssertionFailedError: Test 105 failed. with signature:interface InterfaceForTest {
	at com.topcoder.umltool.deploy.codegen.test.JavaTests.checkSignatureWithBraces(JavaTests.java:1725)
	at com.topcoder.umltool.deploy.codegen.test.JavaTests.test105(JavaTests.java:1362)
	at junit.extensions.TestDecorator.basicRun(TestDecorator.java:24)
	at junit.extensions.TestSetup$1.protect(TestSetup.java:21)
	at junit.extensions.TestSetup.run(TestSetup.java:25)
	at junit.extensions.TestDecorator.basicRun(TestDecorator.java:24)
	at junit.extensions.TestSetup$1.protect(TestSetup.java:21)
	at junit.extensions.TestSetup.run(TestSetup.java:25)

Testcase: test106 took 0.001 sec
	FAILED
Test 106 failed. with signature:private interface InterfaceForTest {
junit.framework.AssertionFailedError: Test 106 failed. with signature:private interface InterfaceForTest {
	at com.topcoder.umltool.deploy.codegen.test.JavaTests.checkSignatureWithBraces(JavaTests.java:1725)
	at com.topcoder.umltool.deploy.codegen.test.JavaTests.test106(JavaTests.java:1375)
	at junit.extensions.TestDecorator.basicRun(TestDecorator.java:24)
	at junit.extensions.TestSetup$1.protect(TestSetup.java:21)
	at junit.extensions.TestSetup.run(TestSetup.java:25)
	at junit.extensions.TestDecorator.basicRun(TestDecorator.java:24)
	at junit.extensions.TestSetup$1.protect(TestSetup.java:21)
	at junit.extensions.TestSetup.run(TestSetup.java:25)

Testcase: test111 took 0.001 sec
	FAILED
Test 111 failed. with signature:public int MethodForTest();
junit.framework.AssertionFailedError: Test 111 failed. with signature:public int MethodForTest();
	at com.topcoder.umltool.deploy.codegen.test.JavaTests.checkSignature(JavaTests.java:1744)
	at com.topcoder.umltool.deploy.codegen.test.JavaTests.test111(JavaTests.java:1388)
	at junit.extensions.TestDecorator.basicRun(TestDecorator.java:24)
	at junit.extensions.TestSetup$1.protect(TestSetup.java:21)
	at junit.extensions.TestSetup.run(TestSetup.java:25)
	at junit.extensions.TestDecorator.basicRun(TestDecorator.java:24)
	at junit.extensions.TestSetup$1.protect(TestSetup.java:21)
	at junit.extensions.TestSetup.run(TestSetup.java:25)

Testcase: test112 took 0 sec
	FAILED
Test 112 failed. with signature:protected int MethodForTest();
junit.framework.AssertionFailedError: Test 112 failed. with signature:protected int MethodForTest();
	at com.topcoder.umltool.deploy.codegen.test.JavaTests.checkSignature(JavaTests.java:1744)
	at com.topcoder.umltool.deploy.codegen.test.JavaTests.test112(JavaTests.java:1401)
	at junit.extensions.TestDecorator.basicRun(TestDecorator.java:24)
	at junit.extensions.TestSetup$1.protect(TestSetup.java:21)
	at junit.extensions.TestSetup.run(TestSetup.java:25)
	at junit.extensions.TestDecorator.basicRun(TestDecorator.java:24)
	at junit.extensions.TestSetup$1.protect(TestSetup.java:21)
	at junit.extensions.TestSetup.run(TestSetup.java:25)

Testcase: test113 took 0 sec
	FAILED
Test 113 failed. with signature:int MethodForTest();
junit.framework.AssertionFailedError: Test 113 failed. with signature:int MethodForTest();
	at com.topcoder.umltool.deploy.codegen.test.JavaTests.checkSignature(JavaTests.java:1744)
	at com.topcoder.umltool.deploy.codegen.test.JavaTests.test113(JavaTests.java:1414)
	at junit.extensions.TestDecorator.basicRun(TestDecorator.java:24)
	at junit.extensions.TestSetup$1.protect(TestSetup.java:21)
	at junit.extensions.TestSetup.run(TestSetup.java:25)
	at junit.extensions.TestDecorator.basicRun(TestDecorator.java:24)
	at junit.extensions.TestSetup$1.protect(TestSetup.java:21)
	at junit.extensions.TestSetup.run(TestSetup.java:25)

Testcase: test114 took 0 sec
	FAILED
Test 114 failed. with signature:private int MethodForTest();
junit.framework.AssertionFailedError: Test 114 failed. with signature:private int MethodForTest();
	at com.topcoder.umltool.deploy.codegen.test.JavaTests.checkSignature(JavaTests.java:1744)
	at com.topcoder.umltool.deploy.codegen.test.JavaTests.test114(JavaTests.java:1427)
	at junit.extensions.TestDecorator.basicRun(TestDecorator.java:24)
	at junit.extensions.TestSetup$1.protect(TestSetup.java:21)
	at junit.extensions.TestSetup.run(TestSetup.java:25)
	at junit.extensions.TestDecorator.basicRun(TestDecorator.java:24)
	at junit.extensions.TestSetup$1.protect(TestSetup.java:21)
	at junit.extensions.TestSetup.run(TestSetup.java:25)

Testcase: test115 took 0 sec
	FAILED
Test 115 failed. with signature:public abstract int MethodForTest();
junit.framework.AssertionFailedError: Test 115 failed. with signature:public abstract int MethodForTest();
	at com.topcoder.umltool.deploy.codegen.test.JavaTests.checkSignature(JavaTests.java:1744)
	at com.topcoder.umltool.deploy.codegen.test.JavaTests.test115(JavaTests.java:1440)
	at junit.extensions.TestDecorator.basicRun(TestDecorator.java:24)
	at junit.extensions.TestSetup$1.protect(TestSetup.java:21)
	at junit.extensions.TestSetup.run(TestSetup.java:25)
	at junit.extensions.TestDecorator.basicRun(TestDecorator.java:24)
	at junit.extensions.TestSetup$1.protect(TestSetup.java:21)
	at junit.extensions.TestSetup.run(TestSetup.java:25)

Testcase: test116 took 0 sec
	FAILED
Test 116 failed. with signature:protected abstract int MethodForTest();
junit.framework.AssertionFailedError: Test 116 failed. with signature:protected abstract int MethodForTest();
	at com.topcoder.umltool.deploy.codegen.test.JavaTests.checkSignature(JavaTests.java:1744)
	at com.topcoder.umltool.deploy.codegen.test.JavaTests.test116(JavaTests.java:1453)
	at junit.extensions.TestDecorator.basicRun(TestDecorator.java:24)
	at junit.extensions.TestSetup$1.protect(TestSetup.java:21)
	at junit.extensions.TestSetup.run(TestSetup.java:25)
	at junit.extensions.TestDecorator.basicRun(TestDecorator.java:24)
	at junit.extensions.TestSetup$1.protect(TestSetup.java:21)
	at junit.extensions.TestSetup.run(TestSetup.java:25)

Testcase: test117 took 0 sec
	FAILED
Test 117 failed. with signature:abstract int MethodForTest();
junit.framework.AssertionFailedError: Test 117 failed. with signature:abstract int MethodForTest();
	at com.topcoder.umltool.deploy.codegen.test.JavaTests.checkSignature(JavaTests.java:1744)
	at com.topcoder.umltool.deploy.codegen.test.JavaTests.test117(JavaTests.java:1466)
	at junit.extensions.TestDecorator.basicRun(TestDecorator.java:24)
	at junit.extensions.TestSetup$1.protect(TestSetup.java:21)
	at junit.extensions.TestSetup.run(TestSetup.java:25)
	at junit.extensions.TestDecorator.basicRun(TestDecorator.java:24)
	at junit.extensions.TestSetup$1.protect(TestSetup.java:21)
	at junit.extensions.TestSetup.run(TestSetup.java:25)

Testcase: test118 took 0 sec
	FAILED
Test 118 failed. with signature:private abstract int MethodForTest();
junit.framework.AssertionFailedError: Test 118 failed. with signature:private abstract int MethodForTest();
	at com.topcoder.umltool.deploy.codegen.test.JavaTests.checkSignature(JavaTests.java:1744)
	at com.topcoder.umltool.deploy.codegen.test.JavaTests.test118(JavaTests.java:1479)
	at junit.extensions.TestDecorator.basicRun(TestDecorator.java:24)
	at junit.extensions.TestSetup$1.protect(TestSetup.java:21)
	at junit.extensions.TestSetup.run(TestSetup.java:25)
	at junit.extensions.TestDecorator.basicRun(TestDecorator.java:24)
	at junit.extensions.TestSetup$1.protect(TestSetup.java:21)
	at junit.extensions.TestSetup.run(TestSetup.java:25)

Testcase: test120 took 0.001 sec
	Caused an ERROR
\Users\nanda\Documents\TopCoder\workspace-tcuml\UMLToolFrontend\test_files\SwingUnitScript\JavaTest.xml (系统找不到指定的路径。)
java.io.FileNotFoundException: \Users\nanda\Documents\TopCoder\workspace-tcuml\UMLToolFrontend\test_files\SwingUnitScript\JavaTest.xml (系统找不到指定的路径。)
	at java.io.FileInputStream.open(Native Method)
	at java.io.FileInputStream.<init>(FileInputStream.java:120)
	at java.io.FileInputStream.<init>(FileInputStream.java:79)
	at sun.net.www.protocol.file.FileURLConnection.connect(FileURLConnection.java:70)
	at sun.net.www.protocol.file.FileURLConnection.getInputStream(FileURLConnection.java:161)
	at com.sun.org.apache.xerces.internal.impl.XMLEntityManager.setupCurrentEntity(XMLEntityManager.java:652)
	at com.sun.org.apache.xerces.internal.impl.XMLVersionDetector.determineDocVersion(XMLVersionDetector.java:186)
	at com.sun.org.apache.xerces.internal.parsers.XML11Configuration.parse(XML11Configuration.java:772)
	at com.sun.org.apache.xerces.internal.parsers.XML11Configuration.parse(XML11Configuration.java:737)
	at com.sun.org.apache.xerces.internal.parsers.XMLParser.parse(XMLParser.java:119)
	at com.sun.org.apache.xerces.internal.parsers.AbstractSAXParser.parse(AbstractSAXParser.java:1205)
	at com.sun.org.apache.xerces.internal.jaxp.SAXParserImpl$JAXPSAXParser.parse(SAXParserImpl.java:522)
	at javax.xml.parsers.SAXParser.parse(SAXParser.java:395)
	at swingunit.framework.Scenario.read(Scenario.java:352)
	at swingunit.framework.Scenario.read(Scenario.java:310)
	at com.topcoder.umltool.deploy.codegen.test.JavaTests.testNScenario(JavaTests.java:1691)
	at com.topcoder.umltool.deploy.codegen.test.JavaTests.test120(JavaTests.java:1503)
	at junit.extensions.TestDecorator.basicRun(TestDecorator.java:24)
	at junit.extensions.TestSetup$1.protect(TestSetup.java:21)
	at junit.extensions.TestSetup.run(TestSetup.java:25)
	at junit.extensions.TestDecorator.basicRun(TestDecorator.java:24)
	at junit.extensions.TestSetup$1.protect(TestSetup.java:21)
	at junit.extensions.TestSetup.run(TestSetup.java:25)

Testcase: test121 took 0.002 sec
	Caused an ERROR
\Users\nanda\Documents\TopCoder\workspace-tcuml\UMLToolFrontend\test_files\SwingUnitScript\JavaTest.xml (系统找不到指定的路径。)
java.io.FileNotFoundException: \Users\nanda\Documents\TopCoder\workspace-tcuml\UMLToolFrontend\test_files\SwingUnitScript\JavaTest.xml (系统找不到指定的路径。)
	at java.io.FileInputStream.open(Native Method)
	at java.io.FileInputStream.<init>(FileInputStream.java:120)
	at java.io.FileInputStream.<init>(FileInputStream.java:79)
	at sun.net.www.protocol.file.FileURLConnection.connect(FileURLConnection.java:70)
	at sun.net.www.protocol.file.FileURLConnection.getInputStream(FileURLConnection.java:161)
	at com.sun.org.apache.xerces.internal.impl.XMLEntityManager.setupCurrentEntity(XMLEntityManager.java:652)
	at com.sun.org.apache.xerces.internal.impl.XMLVersionDetector.determineDocVersion(XMLVersionDetector.java:186)
	at com.sun.org.apache.xerces.internal.parsers.XML11Configuration.parse(XML11Configuration.java:772)
	at com.sun.org.apache.xerces.internal.parsers.XML11Configuration.parse(XML11Configuration.java:737)
	at com.sun.org.apache.xerces.internal.parsers.XMLParser.parse(XMLParser.java:119)
	at com.sun.org.apache.xerces.internal.parsers.AbstractSAXParser.parse(AbstractSAXParser.java:1205)
	at com.sun.org.apache.xerces.internal.jaxp.SAXParserImpl$JAXPSAXParser.parse(SAXParserImpl.java:522)
	at javax.xml.parsers.SAXParser.parse(SAXParser.java:395)
	at swingunit.framework.Scenario.read(Scenario.java:352)
	at swingunit.framework.Scenario.read(Scenario.java:310)
	at com.topcoder.umltool.deploy.codegen.test.JavaTests.testNScenario(JavaTests.java:1691)
	at com.topcoder.umltool.deploy.codegen.test.JavaTests.test121(JavaTests.java:1515)
	at junit.extensions.TestDecorator.basicRun(TestDecorator.java:24)
	at junit.extensions.TestSetup$1.protect(TestSetup.java:21)
	at junit.extensions.TestSetup.run(TestSetup.java:25)
	at junit.extensions.TestDecorator.basicRun(TestDecorator.java:24)
	at junit.extensions.TestSetup$1.protect(TestSetup.java:21)
	at junit.extensions.TestSetup.run(TestSetup.java:25)

Testcase: test122 took 0.002 sec
	Caused an ERROR
\Users\nanda\Documents\TopCoder\workspace-tcuml\UMLToolFrontend\test_files\SwingUnitScript\JavaTest.xml (系统找不到指定的路径。)
java.io.FileNotFoundException: \Users\nanda\Documents\TopCoder\workspace-tcuml\UMLToolFrontend\test_files\SwingUnitScript\JavaTest.xml (系统找不到指定的路径。)
	at java.io.FileInputStream.open(Native Method)
	at java.io.FileInputStream.<init>(FileInputStream.java:120)
	at java.io.FileInputStream.<init>(FileInputStream.java:79)
	at sun.net.www.protocol.file.FileURLConnection.connect(FileURLConnection.java:70)
	at sun.net.www.protocol.file.FileURLConnection.getInputStream(FileURLConnection.java:161)
	at com.sun.org.apache.xerces.internal.impl.XMLEntityManager.setupCurrentEntity(XMLEntityManager.java:652)
	at com.sun.org.apache.xerces.internal.impl.XMLVersionDetector.determineDocVersion(XMLVersionDetector.java:186)
	at com.sun.org.apache.xerces.internal.parsers.XML11Configuration.parse(XML11Configuration.java:772)
	at com.sun.org.apache.xerces.internal.parsers.XML11Configuration.parse(XML11Configuration.java:737)
	at com.sun.org.apache.xerces.internal.parsers.XMLParser.parse(XMLParser.java:119)
	at com.sun.org.apache.xerces.internal.parsers.AbstractSAXParser.parse(AbstractSAXParser.java:1205)
	at com.sun.org.apache.xerces.internal.jaxp.SAXParserImpl$JAXPSAXParser.parse(SAXParserImpl.java:522)
	at javax.xml.parsers.SAXParser.parse(SAXParser.java:395)
	at swingunit.framework.Scenario.read(Scenario.java:352)
	at swingunit.framework.Scenario.read(Scenario.java:310)
	at com.topcoder.umltool.deploy.codegen.test.JavaTests.testNScenario(JavaTests.java:1691)
	at com.topcoder.umltool.deploy.codegen.test.JavaTests.test122(JavaTests.java:1528)
	at junit.extensions.TestDecorator.basicRun(TestDecorator.java:24)
	at junit.extensions.TestSetup$1.protect(TestSetup.java:21)
	at junit.extensions.TestSetup.run(TestSetup.java:25)
	at junit.extensions.TestDecorator.basicRun(TestDecorator.java:24)
	at junit.extensions.TestSetup$1.protect(TestSetup.java:21)
	at junit.extensions.TestSetup.run(TestSetup.java:25)

Testcase: test123 took 0.002 sec
	Caused an ERROR
\Users\nanda\Documents\TopCoder\workspace-tcuml\UMLToolFrontend\test_files\SwingUnitScript\JavaTest.xml (系统找不到指定的路径。)
java.io.FileNotFoundException: \Users\nanda\Documents\TopCoder\workspace-tcuml\UMLToolFrontend\test_files\SwingUnitScript\JavaTest.xml (系统找不到指定的路径。)
	at java.io.FileInputStream.open(Native Method)
	at java.io.FileInputStream.<init>(FileInputStream.java:120)
	at java.io.FileInputStream.<init>(FileInputStream.java:79)
	at sun.net.www.protocol.file.FileURLConnection.connect(FileURLConnection.java:70)
	at sun.net.www.protocol.file.FileURLConnection.getInputStream(FileURLConnection.java:161)
	at com.sun.org.apache.xerces.internal.impl.XMLEntityManager.setupCurrentEntity(XMLEntityManager.java:652)
	at com.sun.org.apache.xerces.internal.impl.XMLVersionDetector.determineDocVersion(XMLVersionDetector.java:186)
	at com.sun.org.apache.xerces.internal.parsers.XML11Configuration.parse(XML11Configuration.java:772)
	at com.sun.org.apache.xerces.internal.parsers.XML11Configuration.parse(XML11Configuration.java:737)
	at com.sun.org.apache.xerces.internal.parsers.XMLParser.parse(XMLParser.java:119)
	at com.sun.org.apache.xerces.internal.parsers.AbstractSAXParser.parse(AbstractSAXParser.java:1205)
	at com.sun.org.apache.xerces.internal.jaxp.SAXParserImpl$JAXPSAXParser.parse(SAXParserImpl.java:522)
	at javax.xml.parsers.SAXParser.parse(SAXParser.java:395)
	at swingunit.framework.Scenario.read(Scenario.java:352)
	at swingunit.framework.Scenario.read(Scenario.java:310)
	at com.topcoder.umltool.deploy.codegen.test.JavaTests.testNScenario(JavaTests.java:1691)
	at com.topcoder.umltool.deploy.codegen.test.JavaTests.test123(JavaTests.java:1541)
	at junit.extensions.TestDecorator.basicRun(TestDecorator.java:24)
	at junit.extensions.TestSetup$1.protect(TestSetup.java:21)
	at junit.extensions.TestSetup.run(TestSetup.java:25)
	at junit.extensions.TestDecorator.basicRun(TestDecorator.java:24)
	at junit.extensions.TestSetup$1.protect(TestSetup.java:21)
	at junit.extensions.TestSetup.run(TestSetup.java:25)

Testcase: test124 took 0.002 sec
	Caused an ERROR
\Users\nanda\Documents\TopCoder\workspace-tcuml\UMLToolFrontend\test_files\SwingUnitScript\JavaTest.xml (系统找不到指定的路径。)
java.io.FileNotFoundException: \Users\nanda\Documents\TopCoder\workspace-tcuml\UMLToolFrontend\test_files\SwingUnitScript\JavaTest.xml (系统找不到指定的路径。)
	at java.io.FileInputStream.open(Native Method)
	at java.io.FileInputStream.<init>(FileInputStream.java:120)
	at java.io.FileInputStream.<init>(FileInputStream.java:79)
	at sun.net.www.protocol.file.FileURLConnection.connect(FileURLConnection.java:70)
	at sun.net.www.protocol.file.FileURLConnection.getInputStream(FileURLConnection.java:161)
	at com.sun.org.apache.xerces.internal.impl.XMLEntityManager.setupCurrentEntity(XMLEntityManager.java:652)
	at com.sun.org.apache.xerces.internal.impl.XMLVersionDetector.determineDocVersion(XMLVersionDetector.java:186)
	at com.sun.org.apache.xerces.internal.parsers.XML11Configuration.parse(XML11Configuration.java:772)
	at com.sun.org.apache.xerces.internal.parsers.XML11Configuration.parse(XML11Configuration.java:737)
	at com.sun.org.apache.xerces.internal.parsers.XMLParser.parse(XMLParser.java:119)
	at com.sun.org.apache.xerces.internal.parsers.AbstractSAXParser.parse(AbstractSAXParser.java:1205)
	at com.sun.org.apache.xerces.internal.jaxp.SAXParserImpl$JAXPSAXParser.parse(SAXParserImpl.java:522)
	at javax.xml.parsers.SAXParser.parse(SAXParser.java:395)
	at swingunit.framework.Scenario.read(Scenario.java:352)
	at swingunit.framework.Scenario.read(Scenario.java:310)
	at com.topcoder.umltool.deploy.codegen.test.JavaTests.testNScenario(JavaTests.java:1691)
	at com.topcoder.umltool.deploy.codegen.test.JavaTests.test124(JavaTests.java:1554)
	at junit.extensions.TestDecorator.basicRun(TestDecorator.java:24)
	at junit.extensions.TestSetup$1.protect(TestSetup.java:21)
	at junit.extensions.TestSetup.run(TestSetup.java:25)
	at junit.extensions.TestDecorator.basicRun(TestDecorator.java:24)
	at junit.extensions.TestSetup$1.protect(TestSetup.java:21)
	at junit.extensions.TestSetup.run(TestSetup.java:25)

Testcase: test125 took 0.001 sec
	Caused an ERROR
\Users\nanda\Documents\TopCoder\workspace-tcuml\UMLToolFrontend\test_files\SwingUnitScript\JavaTest.xml (系统找不到指定的路径。)
java.io.FileNotFoundException: \Users\nanda\Documents\TopCoder\workspace-tcuml\UMLToolFrontend\test_files\SwingUnitScript\JavaTest.xml (系统找不到指定的路径。)
	at java.io.FileInputStream.open(Native Method)
	at java.io.FileInputStream.<init>(FileInputStream.java:120)
	at java.io.FileInputStream.<init>(FileInputStream.java:79)
	at sun.net.www.protocol.file.FileURLConnection.connect(FileURLConnection.java:70)
	at sun.net.www.protocol.file.FileURLConnection.getInputStream(FileURLConnection.java:161)
	at com.sun.org.apache.xerces.internal.impl.XMLEntityManager.setupCurrentEntity(XMLEntityManager.java:652)
	at com.sun.org.apache.xerces.internal.impl.XMLVersionDetector.determineDocVersion(XMLVersionDetector.java:186)
	at com.sun.org.apache.xerces.internal.parsers.XML11Configuration.parse(XML11Configuration.java:772)
	at com.sun.org.apache.xerces.internal.parsers.XML11Configuration.parse(XML11Configuration.java:737)
	at com.sun.org.apache.xerces.internal.parsers.XMLParser.parse(XMLParser.java:119)
	at com.sun.org.apache.xerces.internal.parsers.AbstractSAXParser.parse(AbstractSAXParser.java:1205)
	at com.sun.org.apache.xerces.internal.jaxp.SAXParserImpl$JAXPSAXParser.parse(SAXParserImpl.java:522)
	at javax.xml.parsers.SAXParser.parse(SAXParser.java:395)
	at swingunit.framework.Scenario.read(Scenario.java:352)
	at swingunit.framework.Scenario.read(Scenario.java:310)
	at com.topcoder.umltool.deploy.codegen.test.JavaTests.testNScenario(JavaTests.java:1691)
	at com.topcoder.umltool.deploy.codegen.test.JavaTests.test125(JavaTests.java:1566)
	at junit.extensions.TestDecorator.basicRun(TestDecorator.java:24)
	at junit.extensions.TestSetup$1.protect(TestSetup.java:21)
	at junit.extensions.TestSetup.run(TestSetup.java:25)
	at junit.extensions.TestDecorator.basicRun(TestDecorator.java:24)
	at junit.extensions.TestSetup$1.protect(TestSetup.java:21)
	at junit.extensions.TestSetup.run(TestSetup.java:25)

Testcase: test126 took 0.002 sec
	Caused an ERROR
\Users\nanda\Documents\TopCoder\workspace-tcuml\UMLToolFrontend\test_files\SwingUnitScript\JavaTest.xml (系统找不到指定的路径。)
java.io.FileNotFoundException: \Users\nanda\Documents\TopCoder\workspace-tcuml\UMLToolFrontend\test_files\SwingUnitScript\JavaTest.xml (系统找不到指定的路径。)
	at java.io.FileInputStream.open(Native Method)
	at java.io.FileInputStream.<init>(FileInputStream.java:120)
	at java.io.FileInputStream.<init>(FileInputStream.java:79)
	at sun.net.www.protocol.file.FileURLConnection.connect(FileURLConnection.java:70)
	at sun.net.www.protocol.file.FileURLConnection.getInputStream(FileURLConnection.java:161)
	at com.sun.org.apache.xerces.internal.impl.XMLEntityManager.setupCurrentEntity(XMLEntityManager.java:652)
	at com.sun.org.apache.xerces.internal.impl.XMLVersionDetector.determineDocVersion(XMLVersionDetector.java:186)
	at com.sun.org.apache.xerces.internal.parsers.XML11Configuration.parse(XML11Configuration.java:772)
	at com.sun.org.apache.xerces.internal.parsers.XML11Configuration.parse(XML11Configuration.java:737)
	at com.sun.org.apache.xerces.internal.parsers.XMLParser.parse(XMLParser.java:119)
	at com.sun.org.apache.xerces.internal.parsers.AbstractSAXParser.parse(AbstractSAXParser.java:1205)
	at com.sun.org.apache.xerces.internal.jaxp.SAXParserImpl$JAXPSAXParser.parse(SAXParserImpl.java:522)
	at javax.xml.parsers.SAXParser.parse(SAXParser.java:395)
	at swingunit.framework.Scenario.read(Scenario.java:352)
	at swingunit.framework.Scenario.read(Scenario.java:310)
	at com.topcoder.umltool.deploy.codegen.test.JavaTests.testNScenario(JavaTests.java:1691)
	at com.topcoder.umltool.deploy.codegen.test.JavaTests.test126(JavaTests.java:1578)
	at junit.extensions.TestDecorator.basicRun(TestDecorator.java:24)
	at junit.extensions.TestSetup$1.protect(TestSetup.java:21)
	at junit.extensions.TestSetup.run(TestSetup.java:25)
	at junit.extensions.TestDecorator.basicRun(TestDecorator.java:24)
	at junit.extensions.TestSetup$1.protect(TestSetup.java:21)
	at junit.extensions.TestSetup.run(TestSetup.java:25)

Testcase: test127 took 0.002 sec
	Caused an ERROR
\Users\nanda\Documents\TopCoder\workspace-tcuml\UMLToolFrontend\test_files\SwingUnitScript\JavaTest.xml (系统找不到指定的路径。)
java.io.FileNotFoundException: \Users\nanda\Documents\TopCoder\workspace-tcuml\UMLToolFrontend\test_files\SwingUnitScript\JavaTest.xml (系统找不到指定的路径。)
	at java.io.FileInputStream.open(Native Method)
	at java.io.FileInputStream.<init>(FileInputStream.java:120)
	at java.io.FileInputStream.<init>(FileInputStream.java:79)
	at sun.net.www.protocol.file.FileURLConnection.connect(FileURLConnection.java:70)
	at sun.net.www.protocol.file.FileURLConnection.getInputStream(FileURLConnection.java:161)
	at com.sun.org.apache.xerces.internal.impl.XMLEntityManager.setupCurrentEntity(XMLEntityManager.java:652)
	at com.sun.org.apache.xerces.internal.impl.XMLVersionDetector.determineDocVersion(XMLVersionDetector.java:186)
	at com.sun.org.apache.xerces.internal.parsers.XML11Configuration.parse(XML11Configuration.java:772)
	at com.sun.org.apache.xerces.internal.parsers.XML11Configuration.parse(XML11Configuration.java:737)
	at com.sun.org.apache.xerces.internal.parsers.XMLParser.parse(XMLParser.java:119)
	at com.sun.org.apache.xerces.internal.parsers.AbstractSAXParser.parse(AbstractSAXParser.java:1205)
	at com.sun.org.apache.xerces.internal.jaxp.SAXParserImpl$JAXPSAXParser.parse(SAXParserImpl.java:522)
	at javax.xml.parsers.SAXParser.parse(SAXParser.java:395)
	at swingunit.framework.Scenario.read(Scenario.java:352)
	at swingunit.framework.Scenario.read(Scenario.java:310)
	at com.topcoder.umltool.deploy.codegen.test.JavaTests.testNScenario(JavaTests.java:1691)
	at com.topcoder.umltool.deploy.codegen.test.JavaTests.test127(JavaTests.java:1590)
	at junit.extensions.TestDecorator.basicRun(TestDecorator.java:24)
	at junit.extensions.TestSetup$1.protect(TestSetup.java:21)
	at junit.extensions.TestSetup.run(TestSetup.java:25)
	at junit.extensions.TestDecorator.basicRun(TestDecorator.java:24)
	at junit.extensions.TestSetup$1.protect(TestSetup.java:21)
	at junit.extensions.TestSetup.run(TestSetup.java:25)

Testcase: test128 took 0.001 sec
	Caused an ERROR
\Users\nanda\Documents\TopCoder\workspace-tcuml\UMLToolFrontend\test_files\SwingUnitScript\JavaTest.xml (系统找不到指定的路径。)
java.io.FileNotFoundException: \Users\nanda\Documents\TopCoder\workspace-tcuml\UMLToolFrontend\test_files\SwingUnitScript\JavaTest.xml (系统找不到指定的路径。)
	at java.io.FileInputStream.open(Native Method)
	at java.io.FileInputStream.<init>(FileInputStream.java:120)
	at java.io.FileInputStream.<init>(FileInputStream.java:79)
	at sun.net.www.protocol.file.FileURLConnection.connect(FileURLConnection.java:70)
	at sun.net.www.protocol.file.FileURLConnection.getInputStream(FileURLConnection.java:161)
	at com.sun.org.apache.xerces.internal.impl.XMLEntityManager.setupCurrentEntity(XMLEntityManager.java:652)
	at com.sun.org.apache.xerces.internal.impl.XMLVersionDetector.determineDocVersion(XMLVersionDetector.java:186)
	at com.sun.org.apache.xerces.internal.parsers.XML11Configuration.parse(XML11Configuration.java:772)
	at com.sun.org.apache.xerces.internal.parsers.XML11Configuration.parse(XML11Configuration.java:737)
	at com.sun.org.apache.xerces.internal.parsers.XMLParser.parse(XMLParser.java:119)
	at com.sun.org.apache.xerces.internal.parsers.AbstractSAXParser.parse(AbstractSAXParser.java:1205)
	at com.sun.org.apache.xerces.internal.jaxp.SAXParserImpl$JAXPSAXParser.parse(SAXParserImpl.java:522)
	at javax.xml.parsers.SAXParser.parse(SAXParser.java:395)
	at swingunit.framework.Scenario.read(Scenario.java:352)
	at swingunit.framework.Scenario.read(Scenario.java:310)
	at com.topcoder.umltool.deploy.codegen.test.JavaTests.testNScenario(JavaTests.java:1691)
	at com.topcoder.umltool.deploy.codegen.test.JavaTests.test128(JavaTests.java:1601)
	at junit.extensions.TestDecorator.basicRun(TestDecorator.java:24)
	at junit.extensions.TestSetup$1.protect(TestSetup.java:21)
	at junit.extensions.TestSetup.run(TestSetup.java:25)
	at junit.extensions.TestDecorator.basicRun(TestDecorator.java:24)
	at junit.extensions.TestSetup$1.protect(TestSetup.java:21)
	at junit.extensions.TestSetup.run(TestSetup.java:25)

Testcase: test129 took 0.001 sec
	Caused an ERROR
\Users\nanda\Documents\TopCoder\workspace-tcuml\UMLToolFrontend\test_files\SwingUnitScript\JavaTest.xml (系统找不到指定的路径。)
java.io.FileNotFoundException: \Users\nanda\Documents\TopCoder\workspace-tcuml\UMLToolFrontend\test_files\SwingUnitScript\JavaTest.xml (系统找不到指定的路径。)
	at java.io.FileInputStream.open(Native Method)
	at java.io.FileInputStream.<init>(FileInputStream.java:120)
	at java.io.FileInputStream.<init>(FileInputStream.java:79)
	at sun.net.www.protocol.file.FileURLConnection.connect(FileURLConnection.java:70)
	at sun.net.www.protocol.file.FileURLConnection.getInputStream(FileURLConnection.java:161)
	at com.sun.org.apache.xerces.internal.impl.XMLEntityManager.setupCurrentEntity(XMLEntityManager.java:652)
	at com.sun.org.apache.xerces.internal.impl.XMLVersionDetector.determineDocVersion(XMLVersionDetector.java:186)
	at com.sun.org.apache.xerces.internal.parsers.XML11Configuration.parse(XML11Configuration.java:772)
	at com.sun.org.apache.xerces.internal.parsers.XML11Configuration.parse(XML11Configuration.java:737)
	at com.sun.org.apache.xerces.internal.parsers.XMLParser.parse(XMLParser.java:119)
	at com.sun.org.apache.xerces.internal.parsers.AbstractSAXParser.parse(AbstractSAXParser.java:1205)
	at com.sun.org.apache.xerces.internal.jaxp.SAXParserImpl$JAXPSAXParser.parse(SAXParserImpl.java:522)
	at javax.xml.parsers.SAXParser.parse(SAXParser.java:395)
	at swingunit.framework.Scenario.read(Scenario.java:352)
	at swingunit.framework.Scenario.read(Scenario.java:310)
	at com.topcoder.umltool.deploy.codegen.test.JavaTests.testNScenario(JavaTests.java:1691)
	at com.topcoder.umltool.deploy.codegen.test.JavaTests.test129(JavaTests.java:1613)
	at junit.extensions.TestDecorator.basicRun(TestDecorator.java:24)
	at junit.extensions.TestSetup$1.protect(TestSetup.java:21)
	at junit.extensions.TestSetup.run(TestSetup.java:25)
	at junit.extensions.TestDecorator.basicRun(TestDecorator.java:24)
	at junit.extensions.TestSetup$1.protect(TestSetup.java:21)
	at junit.extensions.TestSetup.run(TestSetup.java:25)

Testcase: test130 took 0 sec
	FAILED
130
junit.framework.AssertionFailedError: 130
	at com.topcoder.umltool.deploy.codegen.test.JavaTests.test130(JavaTests.java:1628)
	at junit.extensions.TestDecorator.basicRun(TestDecorator.java:24)
	at junit.extensions.TestSetup$1.protect(TestSetup.java:21)
	at junit.extensions.TestSetup.run(TestSetup.java:25)
	at junit.extensions.TestDecorator.basicRun(TestDecorator.java:24)
	at junit.extensions.TestSetup$1.protect(TestSetup.java:21)
	at junit.extensions.TestSetup.run(TestSetup.java:25)

Testcase: test132 took 0 sec
	FAILED
132
junit.framework.AssertionFailedError: 132
	at com.topcoder.umltool.deploy.codegen.test.JavaTests.test132(JavaTests.java:1643)
	at junit.extensions.TestDecorator.basicRun(TestDecorator.java:24)
	at junit.extensions.TestSetup$1.protect(TestSetup.java:21)
	at junit.extensions.TestSetup.run(TestSetup.java:25)
	at junit.extensions.TestDecorator.basicRun(TestDecorator.java:24)
	at junit.extensions.TestSetup$1.protect(TestSetup.java:21)
	at junit.extensions.TestSetup.run(TestSetup.java:25)

Testcase: test133 took 0 sec
	FAILED
133
junit.framework.AssertionFailedError: 133
	at com.topcoder.umltool.deploy.codegen.test.JavaTests.test133(JavaTests.java:1658)
	at junit.extensions.TestDecorator.basicRun(TestDecorator.java:24)
	at junit.extensions.TestSetup$1.protect(TestSetup.java:21)
	at junit.extensions.TestSetup.run(TestSetup.java:25)
	at junit.extensions.TestDecorator.basicRun(TestDecorator.java:24)
	at junit.extensions.TestSetup$1.protect(TestSetup.java:21)
	at junit.extensions.TestSetup.run(TestSetup.java:25)

Testcase: test134 took 0 sec
	FAILED
134
junit.framework.AssertionFailedError: 134
	at com.topcoder.umltool.deploy.codegen.test.JavaTests.test134(JavaTests.java:1673)
	at junit.extensions.TestDecorator.basicRun(TestDecorator.java:24)
	at junit.extensions.TestSetup$1.protect(TestSetup.java:21)
	at junit.extensions.TestSetup.run(TestSetup.java:25)
	at junit.extensions.TestDecorator.basicRun(TestDecorator.java:24)
	at junit.extensions.TestSetup$1.protect(TestSetup.java:21)
	at junit.extensions.TestSetup.run(TestSetup.java:25)

Testcase: test35 took 0 sec
	FAILED
Test 34 failed. with signature:protected class EnityClass {
junit.framework.AssertionFailedError: Test 34 failed. with signature:protected class EnityClass {
	at com.topcoder.umltool.deploy.codegen.test.JavaTests.checkSignatureWithBraces(JavaTests.java:1725)
	at com.topcoder.umltool.deploy.codegen.test.JavaTests.test35(JavaTests.java:516)
	at junit.extensions.TestDecorator.basicRun(TestDecorator.java:24)
	at junit.extensions.TestSetup$1.protect(TestSetup.java:21)
	at junit.extensions.TestSetup.run(TestSetup.java:25)
	at junit.extensions.TestDecorator.basicRun(TestDecorator.java:24)
	at junit.extensions.TestSetup$1.protect(TestSetup.java:21)
	at junit.extensions.TestSetup.run(TestSetup.java:25)

Testcase: test119 took 0.002 sec
	Caused an ERROR
\Users\nanda\Documents\TopCoder\workspace-tcuml\UMLToolFrontend\test_files\SwingUnitScript\JavaTest.xml (系统找不到指定的路径。)
java.io.FileNotFoundException: \Users\nanda\Documents\TopCoder\workspace-tcuml\UMLToolFrontend\test_files\SwingUnitScript\JavaTest.xml (系统找不到指定的路径。)
	at java.io.FileInputStream.open(Native Method)
	at java.io.FileInputStream.<init>(FileInputStream.java:120)
	at java.io.FileInputStream.<init>(FileInputStream.java:79)
	at sun.net.www.protocol.file.FileURLConnection.connect(FileURLConnection.java:70)
	at sun.net.www.protocol.file.FileURLConnection.getInputStream(FileURLConnection.java:161)
	at com.sun.org.apache.xerces.internal.impl.XMLEntityManager.setupCurrentEntity(XMLEntityManager.java:652)
	at com.sun.org.apache.xerces.internal.impl.XMLVersionDetector.determineDocVersion(XMLVersionDetector.java:186)
	at com.sun.org.apache.xerces.internal.parsers.XML11Configuration.parse(XML11Configuration.java:772)
	at com.sun.org.apache.xerces.internal.parsers.XML11Configuration.parse(XML11Configuration.java:737)
	at com.sun.org.apache.xerces.internal.parsers.XMLParser.parse(XMLParser.java:119)
	at com.sun.org.apache.xerces.internal.parsers.AbstractSAXParser.parse(AbstractSAXParser.java:1205)
	at com.sun.org.apache.xerces.internal.jaxp.SAXParserImpl$JAXPSAXParser.parse(SAXParserImpl.java:522)
	at javax.xml.parsers.SAXParser.parse(SAXParser.java:395)
	at swingunit.framework.Scenario.read(Scenario.java:352)
	at swingunit.framework.Scenario.read(Scenario.java:310)
	at com.topcoder.umltool.deploy.codegen.test.JavaTests.testNScenario(JavaTests.java:1691)
	at com.topcoder.umltool.deploy.codegen.test.JavaTests.test119(JavaTests.java:1491)
	at junit.extensions.TestDecorator.basicRun(TestDecorator.java:24)
	at junit.extensions.TestSetup$1.protect(TestSetup.java:21)
	at junit.extensions.TestSetup.run(TestSetup.java:25)
	at junit.extensions.TestDecorator.basicRun(TestDecorator.java:24)
	at junit.extensions.TestSetup$1.protect(TestSetup.java:21)
	at junit.extensions.TestSetup.run(TestSetup.java:25)

Testcase: test1 took 0.001 sec
	Caused an ERROR
\Users\nanda\Documents\TopCoder\workspace-tcuml\UMLToolFrontend\test_files\SwingUnitScript\GUITest.xml (系统找不到指定的路径。)
java.io.FileNotFoundException: \Users\nanda\Documents\TopCoder\workspace-tcuml\UMLToolFrontend\test_files\SwingUnitScript\GUITest.xml (系统找不到指定的路径。)
	at java.io.FileInputStream.open(Native Method)
	at java.io.FileInputStream.<init>(FileInputStream.java:120)
	at java.io.FileInputStream.<init>(FileInputStream.java:79)
	at sun.net.www.protocol.file.FileURLConnection.connect(FileURLConnection.java:70)
	at sun.net.www.protocol.file.FileURLConnection.getInputStream(FileURLConnection.java:161)
	at com.sun.org.apache.xerces.internal.impl.XMLEntityManager.setupCurrentEntity(XMLEntityManager.java:652)
	at com.sun.org.apache.xerces.internal.impl.XMLVersionDetector.determineDocVersion(XMLVersionDetector.java:186)
	at com.sun.org.apache.xerces.internal.parsers.XML11Configuration.parse(XML11Configuration.java:772)
	at com.sun.org.apache.xerces.internal.parsers.XML11Configuration.parse(XML11Configuration.java:737)
	at com.sun.org.apache.xerces.internal.parsers.XMLParser.parse(XMLParser.java:119)
	at com.sun.org.apache.xerces.internal.parsers.AbstractSAXParser.parse(AbstractSAXParser.java:1205)
	at com.sun.org.apache.xerces.internal.jaxp.SAXParserImpl$JAXPSAXParser.parse(SAXParserImpl.java:522)
	at javax.xml.parsers.SAXParser.parse(SAXParser.java:395)
	at swingunit.framework.Scenario.read(Scenario.java:352)
	at swingunit.framework.Scenario.read(Scenario.java:310)
	at com.topcoder.umltool.deploy.codegen.test.CodeGenGUITests.testNScenario(CodeGenGUITests.java:89)
	at com.topcoder.umltool.deploy.codegen.test.CodeGenGUITests.test1(CodeGenGUITests.java:38)
	at junit.extensions.TestDecorator.basicRun(TestDecorator.java:24)
	at junit.extensions.TestSetup$1.protect(TestSetup.java:21)
	at junit.extensions.TestSetup.run(TestSetup.java:25)

Testcase: test2 took 0.001 sec
	Caused an ERROR
\Users\nanda\Documents\TopCoder\workspace-tcuml\UMLToolFrontend\test_files\SwingUnitScript\GUITest.xml (系统找不到指定的路径。)
java.io.FileNotFoundException: \Users\nanda\Documents\TopCoder\workspace-tcuml\UMLToolFrontend\test_files\SwingUnitScript\GUITest.xml (系统找不到指定的路径。)
	at java.io.FileInputStream.open(Native Method)
	at java.io.FileInputStream.<init>(FileInputStream.java:120)
	at java.io.FileInputStream.<init>(FileInputStream.java:79)
	at sun.net.www.protocol.file.FileURLConnection.connect(FileURLConnection.java:70)
	at sun.net.www.protocol.file.FileURLConnection.getInputStream(FileURLConnection.java:161)
	at com.sun.org.apache.xerces.internal.impl.XMLEntityManager.setupCurrentEntity(XMLEntityManager.java:652)
	at com.sun.org.apache.xerces.internal.impl.XMLVersionDetector.determineDocVersion(XMLVersionDetector.java:186)
	at com.sun.org.apache.xerces.internal.parsers.XML11Configuration.parse(XML11Configuration.java:772)
	at com.sun.org.apache.xerces.internal.parsers.XML11Configuration.parse(XML11Configuration.java:737)
	at com.sun.org.apache.xerces.internal.parsers.XMLParser.parse(XMLParser.java:119)
	at com.sun.org.apache.xerces.internal.parsers.AbstractSAXParser.parse(AbstractSAXParser.java:1205)
	at com.sun.org.apache.xerces.internal.jaxp.SAXParserImpl$JAXPSAXParser.parse(SAXParserImpl.java:522)
	at javax.xml.parsers.SAXParser.parse(SAXParser.java:395)
	at swingunit.framework.Scenario.read(Scenario.java:352)
	at swingunit.framework.Scenario.read(Scenario.java:310)
	at com.topcoder.umltool.deploy.codegen.test.CodeGenGUITests.testNScenario(CodeGenGUITests.java:89)
	at com.topcoder.umltool.deploy.codegen.test.CodeGenGUITests.test2(CodeGenGUITests.java:49)
	at junit.extensions.TestDecorator.basicRun(TestDecorator.java:24)
	at junit.extensions.TestSetup$1.protect(TestSetup.java:21)
	at junit.extensions.TestSetup.run(TestSetup.java:25)

Testcase: test3 took 0.001 sec
	Caused an ERROR
\Users\nanda\Documents\TopCoder\workspace-tcuml\UMLToolFrontend\test_files\SwingUnitScript\GUITest.xml (系统找不到指定的路径。)
java.io.FileNotFoundException: \Users\nanda\Documents\TopCoder\workspace-tcuml\UMLToolFrontend\test_files\SwingUnitScript\GUITest.xml (系统找不到指定的路径。)
	at java.io.FileInputStream.open(Native Method)
	at java.io.FileInputStream.<init>(FileInputStream.java:120)
	at java.io.FileInputStream.<init>(FileInputStream.java:79)
	at sun.net.www.protocol.file.FileURLConnection.connect(FileURLConnection.java:70)
	at sun.net.www.protocol.file.FileURLConnection.getInputStream(FileURLConnection.java:161)
	at com.sun.org.apache.xerces.internal.impl.XMLEntityManager.setupCurrentEntity(XMLEntityManager.java:652)
	at com.sun.org.apache.xerces.internal.impl.XMLVersionDetector.determineDocVersion(XMLVersionDetector.java:186)
	at com.sun.org.apache.xerces.internal.parsers.XML11Configuration.parse(XML11Configuration.java:772)
	at com.sun.org.apache.xerces.internal.parsers.XML11Configuration.parse(XML11Configuration.java:737)
	at com.sun.org.apache.xerces.internal.parsers.XMLParser.parse(XMLParser.java:119)
	at com.sun.org.apache.xerces.internal.parsers.AbstractSAXParser.parse(AbstractSAXParser.java:1205)
	at com.sun.org.apache.xerces.internal.jaxp.SAXParserImpl$JAXPSAXParser.parse(SAXParserImpl.java:522)
	at javax.xml.parsers.SAXParser.parse(SAXParser.java:395)
	at swingunit.framework.Scenario.read(Scenario.java:352)
	at swingunit.framework.Scenario.read(Scenario.java:310)
	at com.topcoder.umltool.deploy.codegen.test.CodeGenGUITests.testNScenario(CodeGenGUITests.java:89)
	at com.topcoder.umltool.deploy.codegen.test.CodeGenGUITests.test3(CodeGenGUITests.java:60)
	at junit.extensions.TestDecorator.basicRun(TestDecorator.java:24)
	at junit.extensions.TestSetup$1.protect(TestSetup.java:21)
	at junit.extensions.TestSetup.run(TestSetup.java:25)

Testcase: test4 took 0.001 sec
	Caused an ERROR
\Users\nanda\Documents\TopCoder\workspace-tcuml\UMLToolFrontend\test_files\SwingUnitScript\GUITest.xml (系统找不到指定的路径。)
java.io.FileNotFoundException: \Users\nanda\Documents\TopCoder\workspace-tcuml\UMLToolFrontend\test_files\SwingUnitScript\GUITest.xml (系统找不到指定的路径。)
	at java.io.FileInputStream.open(Native Method)
	at java.io.FileInputStream.<init>(FileInputStream.java:120)
	at java.io.FileInputStream.<init>(FileInputStream.java:79)
	at sun.net.www.protocol.file.FileURLConnection.connect(FileURLConnection.java:70)
	at sun.net.www.protocol.file.FileURLConnection.getInputStream(FileURLConnection.java:161)
	at com.sun.org.apache.xerces.internal.impl.XMLEntityManager.setupCurrentEntity(XMLEntityManager.java:652)
	at com.sun.org.apache.xerces.internal.impl.XMLVersionDetector.determineDocVersion(XMLVersionDetector.java:186)
	at com.sun.org.apache.xerces.internal.parsers.XML11Configuration.parse(XML11Configuration.java:772)
	at com.sun.org.apache.xerces.internal.parsers.XML11Configuration.parse(XML11Configuration.java:737)
	at com.sun.org.apache.xerces.internal.parsers.XMLParser.parse(XMLParser.java:119)
	at com.sun.org.apache.xerces.internal.parsers.AbstractSAXParser.parse(AbstractSAXParser.java:1205)
	at com.sun.org.apache.xerces.internal.jaxp.SAXParserImpl$JAXPSAXParser.parse(SAXParserImpl.java:522)
	at javax.xml.parsers.SAXParser.parse(SAXParser.java:395)
	at swingunit.framework.Scenario.read(Scenario.java:352)
	at swingunit.framework.Scenario.read(Scenario.java:310)
	at com.topcoder.umltool.deploy.codegen.test.CodeGenGUITests.testNScenario(CodeGenGUITests.java:89)
	at com.topcoder.umltool.deploy.codegen.test.CodeGenGUITests.test4(CodeGenGUITests.java:72)
	at junit.extensions.TestDecorator.basicRun(TestDecorator.java:24)
	at junit.extensions.TestSetup$1.protect(TestSetup.java:21)
	at junit.extensions.TestSetup.run(TestSetup.java:25)

