<?xml version="1.0" encoding="UTF-8" ?>
<testsuite errors="26" failures="233" hostname="kinfkong" name="com.topcoder.umltool.deploy.AllTests" tests="259" time="3.219" timestamp="2013-10-30T04:34:35">
  <properties>
[...]
</properties>
  <testcase classname="com.topcoder.umltool.deploy.codegen.test.CTests" name="test1" time="0.063">
    <failure message="Test 1 failed.In class:TopCoder.WPF.KeyProviderImpl.Class_1" type="junit.framework.AssertionFailedError">junit.framework.AssertionFailedError: Test 1 failed.In class:TopCoder.WPF.KeyProviderImpl.Class_1
	at com.topcoder.umltool.deploy.codegen.test.CTests.test1(CTests.java:98)
	at junit.extensions.TestDecorator.basicRun(TestDecorator.java:24)
	at junit.extensions.TestSetup$1.protect(TestSetup.java:21)
	at junit.extensions.TestSetup.run(TestSetup.java:25)
	at junit.extensions.TestDecorator.basicRun(TestDecorator.java:24)
	at junit.extensions.TestSetup$1.protect(TestSetup.java:21)
	at junit.extensions.TestSetup.run(TestSetup.java:25)
</failure>
  </testcase>
  <testcase classname="com.topcoder.umltool.deploy.codegen.test.CTests" name="test2" time="0.0020">
    <failure message="Test 2 failed.With conext:/// &lt;p&gt;
/// WindowSizeManager documentation
/// &lt;/p&gt;" type="junit.framework.AssertionFailedError">junit.framework.AssertionFailedError: Test 2 failed.With conext:/// &lt;p&gt;
/// WindowSizeManager documentation
/// &lt;/p&gt;
	at com.topcoder.umltool.deploy.codegen.test.CTests.test2(CTests.java:112)
	at junit.extensions.TestDecorator.basicRun(TestDecorator.java:24)
	at junit.extensions.TestSetup$1.protect(TestSetup.java:21)
	at junit.extensions.TestSetup.run(TestSetup.java:25)
	at junit.extensions.TestDecorator.basicRun(TestDecorator.java:24)
	at junit.extensions.TestSetup$1.protect(TestSetup.java:21)
	at junit.extensions.TestSetup.run(TestSetup.java:25)
</failure>
  </testcase>
  <testcase classname="com.topcoder.umltool.deploy.codegen.test.CTests" name="test3" time="0.0020">
    <failure message="Test 3 failed.With context:public class Class_3{" type="junit.framework.AssertionFailedError">junit.framework.AssertionFailedError: Test 3 failed.With context:public class Class_3{
	at com.topcoder.umltool.deploy.codegen.test.CTests.test3(CTests.java:125)
	at junit.extensions.TestDecorator.basicRun(TestDecorator.java:24)
	at junit.extensions.TestSetup$1.protect(TestSetup.java:21)
	at junit.extensions.TestSetup.run(TestSetup.java:25)
	at junit.extensions.TestDecorator.basicRun(TestDecorator.java:24)
	at junit.extensions.TestSetup$1.protect(TestSetup.java:21)
	at junit.extensions.TestSetup.run(TestSetup.java:25)
</failure>
  </testcase>
  <testcase classname="com.topcoder.umltool.deploy.codegen.test.CTests" name="test4" time="0.0020">
    <failure message="Test 4 failed. with signature:public abstract class WindowSizeManager{" type="junit.framework.AssertionFailedError">junit.framework.AssertionFailedError: Test 4 failed. with signature:public abstract class WindowSizeManager{
	at com.topcoder.umltool.deploy.codegen.test.CTests.checkSignatureWithBraces(CTests.java:67)
	at com.topcoder.umltool.deploy.codegen.test.CTests.test4(CTests.java:153)
	at junit.extensions.TestDecorator.basicRun(TestDecorator.java:24)
	at junit.extensions.TestSetup$1.protect(TestSetup.java:21)
	at junit.extensions.TestSetup.run(TestSetup.java:25)
	at junit.extensions.TestDecorator.basicRun(TestDecorator.java:24)
	at junit.extensions.TestSetup$1.protect(TestSetup.java:21)
	at junit.extensions.TestSetup.run(TestSetup.java:25)
</failure>
  </testcase>
  <testcase classname="com.topcoder.umltool.deploy.codegen.test.CTests" name="test5" time="0.0010">
    <failure message="Test 5 failed. with signature:class WindowSizeManager{" type="junit.framework.AssertionFailedError">junit.framework.AssertionFailedError: Test 5 failed. with signature:class WindowSizeManager{
	at com.topcoder.umltool.deploy.codegen.test.CTests.checkSignatureWithBraces(CTests.java:67)
	at com.topcoder.umltool.deploy.codegen.test.CTests.test5(CTests.java:166)
	at junit.extensions.TestDecorator.basicRun(TestDecorator.java:24)
	at junit.extensions.TestSetup$1.protect(TestSetup.java:21)
	at junit.extensions.TestSetup.run(TestSetup.java:25)
	at junit.extensions.TestDecorator.basicRun(TestDecorator.java:24)
	at junit.extensions.TestSetup$1.protect(TestSetup.java:21)
	at junit.extensions.TestSetup.run(TestSetup.java:25)
</failure>
  </testcase>
  <testcase classname="com.topcoder.umltool.deploy.codegen.test.CTests" name="test6" time="0.0010">
    <failure message="Test 5 failed. with signature:public interface EntityChangeListener{" type="junit.framework.AssertionFailedError">junit.framework.AssertionFailedError: Test 5 failed. with signature:public interface EntityChangeListener{
	at com.topcoder.umltool.deploy.codegen.test.CTests.checkSignatureWithBraces(CTests.java:67)
	at com.topcoder.umltool.deploy.codegen.test.CTests.test6(CTests.java:178)
	at junit.extensions.TestDecorator.basicRun(TestDecorator.java:24)
	at junit.extensions.TestSetup$1.protect(TestSetup.java:21)
	at junit.extensions.TestSetup.run(TestSetup.java:25)
	at junit.extensions.TestDecorator.basicRun(TestDecorator.java:24)
	at junit.extensions.TestSetup$1.protect(TestSetup.java:21)
	at junit.extensions.TestSetup.run(TestSetup.java:25)
</failure>
  </testcase>
  <testcase classname="com.topcoder.umltool.deploy.codegen.test.CTests" name="test7" time="0.0020">
    <failure message="Test 7 failed. with signature:enum EntityChangeListener{" type="junit.framework.AssertionFailedError">junit.framework.AssertionFailedError: Test 7 failed. with signature:enum EntityChangeListener{
	at com.topcoder.umltool.deploy.codegen.test.CTests.checkSignatureWithBraces(CTests.java:67)
	at com.topcoder.umltool.deploy.codegen.test.CTests.test7(CTests.java:190)
	at junit.extensions.TestDecorator.basicRun(TestDecorator.java:24)
	at junit.extensions.TestSetup$1.protect(TestSetup.java:21)
	at junit.extensions.TestSetup.run(TestSetup.java:25)
	at junit.extensions.TestDecorator.basicRun(TestDecorator.java:24)
	at junit.extensions.TestSetup$1.protect(TestSetup.java:21)
	at junit.extensions.TestSetup.run(TestSetup.java:25)
</failure>
  </testcase>
  <testcase classname="com.topcoder.umltool.deploy.codegen.test.CTests" name="test8" time="0.0010">
    <failure message="Test 8 failed. with signature:public class ChildClass : BaseClass{" type="junit.framework.AssertionFailedError">junit.framework.AssertionFailedError: Test 8 failed. with signature:public class ChildClass : BaseClass{
	at com.topcoder.umltool.deploy.codegen.test.CTests.checkSignatureWithBraces(CTests.java:67)
	at com.topcoder.umltool.deploy.codegen.test.CTests.test8(CTests.java:203)
	at junit.extensions.TestDecorator.basicRun(TestDecorator.java:24)
	at junit.extensions.TestSetup$1.protect(TestSetup.java:21)
	at junit.extensions.TestSetup.run(TestSetup.java:25)
	at junit.extensions.TestDecorator.basicRun(TestDecorator.java:24)
	at junit.extensions.TestSetup$1.protect(TestSetup.java:21)
	at junit.extensions.TestSetup.run(TestSetup.java:25)
</failure>
  </testcase>
  <testcase classname="com.topcoder.umltool.deploy.codegen.test.CTests" name="test9" time="0.0010">
    <failure message="Test 9 failed. with signature:public class ChildClass : baseInterface{" type="junit.framework.AssertionFailedError">junit.framework.AssertionFailedError: Test 9 failed. with signature:public class ChildClass : baseInterface{
	at com.topcoder.umltool.deploy.codegen.test.CTests.checkSignatureWithBraces(CTests.java:67)
	at com.topcoder.umltool.deploy.codegen.test.CTests.test9(CTests.java:216)
	at junit.extensions.TestDecorator.basicRun(TestDecorator.java:24)
	at junit.extensions.TestSetup$1.protect(TestSetup.java:21)
	at junit.extensions.TestSetup.run(TestSetup.java:25)
	at junit.extensions.TestDecorator.basicRun(TestDecorator.java:24)
	at junit.extensions.TestSetup$1.protect(TestSetup.java:21)
	at junit.extensions.TestSetup.run(TestSetup.java:25)
</failure>
  </testcase>
  <testcase classname="com.topcoder.umltool.deploy.codegen.test.CTests" name="test10" time="0.0010">
    <failure message="Test 10 failed. with signature:public struct Class_10{" type="junit.framework.AssertionFailedError">junit.framework.AssertionFailedError: Test 10 failed. with signature:public struct Class_10{
	at com.topcoder.umltool.deploy.codegen.test.CTests.checkSignatureWithBraces(CTests.java:67)
	at com.topcoder.umltool.deploy.codegen.test.CTests.test10(CTests.java:228)
	at junit.extensions.TestDecorator.basicRun(TestDecorator.java:24)
	at junit.extensions.TestSetup$1.protect(TestSetup.java:21)
	at junit.extensions.TestSetup.run(TestSetup.java:25)
	at junit.extensions.TestDecorator.basicRun(TestDecorator.java:24)
	at junit.extensions.TestSetup$1.protect(TestSetup.java:21)
	at junit.extensions.TestSetup.run(TestSetup.java:25)
</failure>
  </testcase>
  <testcase classname="com.topcoder.umltool.deploy.codegen.test.CTests" name="test11" time="0.0010">
    <failure message="Test 11 failed: attribute not found " type="junit.framework.AssertionFailedError">junit.framework.AssertionFailedError: Test 11 failed: attribute not found 
	at com.topcoder.umltool.deploy.codegen.test.CTests.test11(CTests.java:241)
	at junit.extensions.TestDecorator.basicRun(TestDecorator.java:24)
	at junit.extensions.TestSetup$1.protect(TestSetup.java:21)
	at junit.extensions.TestSetup.run(TestSetup.java:25)
	at junit.extensions.TestDecorator.basicRun(TestDecorator.java:24)
	at junit.extensions.TestSetup$1.protect(TestSetup.java:21)
	at junit.extensions.TestSetup.run(TestSetup.java:25)
</failure>
  </testcase>
  <testcase classname="com.topcoder.umltool.deploy.codegen.test.CTests" name="test12" time="0.0010">
    <failure message="Test 11 failed. with signature:private string demoAttribute;" type="junit.framework.AssertionFailedError">junit.framework.AssertionFailedError: Test 11 failed. with signature:private string demoAttribute;
	at com.topcoder.umltool.deploy.codegen.test.CTests.checkSignature(CTests.java:86)
	at com.topcoder.umltool.deploy.codegen.test.CTests.test12(CTests.java:257)
	at junit.extensions.TestDecorator.basicRun(TestDecorator.java:24)
	at junit.extensions.TestSetup$1.protect(TestSetup.java:21)
	at junit.extensions.TestSetup.run(TestSetup.java:25)
	at junit.extensions.TestDecorator.basicRun(TestDecorator.java:24)
	at junit.extensions.TestSetup$1.protect(TestSetup.java:21)
	at junit.extensions.TestSetup.run(TestSetup.java:25)
</failure>
  </testcase>
  <testcase classname="com.topcoder.umltool.deploy.codegen.test.CTests" name="test13" time="0.0020">
    <failure message="Test 13 failed. with signature:private const int demoAttribute;" type="junit.framework.AssertionFailedError">junit.framework.AssertionFailedError: Test 13 failed. with signature:private const int demoAttribute;
	at com.topcoder.umltool.deploy.codegen.test.CTests.checkSignature(CTests.java:86)
	at com.topcoder.umltool.deploy.codegen.test.CTests.test13(CTests.java:269)
	at junit.extensions.TestDecorator.basicRun(TestDecorator.java:24)
	at junit.extensions.TestSetup$1.protect(TestSetup.java:21)
	at junit.extensions.TestSetup.run(TestSetup.java:25)
	at junit.extensions.TestDecorator.basicRun(TestDecorator.java:24)
	at junit.extensions.TestSetup$1.protect(TestSetup.java:21)
	at junit.extensions.TestSetup.run(TestSetup.java:25)
</failure>
  </testcase>
  <testcase classname="com.topcoder.umltool.deploy.codegen.test.CTests" name="test14" time="0.0020">
    <failure message="Test 14 failed. with signature:private static const int demoAttribute;" type="junit.framework.AssertionFailedError">junit.framework.AssertionFailedError: Test 14 failed. with signature:private static const int demoAttribute;
	at com.topcoder.umltool.deploy.codegen.test.CTests.checkSignature(CTests.java:86)
	at com.topcoder.umltool.deploy.codegen.test.CTests.test14(CTests.java:282)
	at junit.extensions.TestDecorator.basicRun(TestDecorator.java:24)
	at junit.extensions.TestSetup$1.protect(TestSetup.java:21)
	at junit.extensions.TestSetup.run(TestSetup.java:25)
	at junit.extensions.TestDecorator.basicRun(TestDecorator.java:24)
	at junit.extensions.TestSetup$1.protect(TestSetup.java:21)
	at junit.extensions.TestSetup.run(TestSetup.java:25)
</failure>
  </testcase>
  <testcase classname="com.topcoder.umltool.deploy.codegen.test.CTests" name="test15" time="0.0010">
    <failure message="Test 15 failed. with signature:private int sample = 1000;" type="junit.framework.AssertionFailedError">junit.framework.AssertionFailedError: Test 15 failed. with signature:private int sample = 1000;
	at com.topcoder.umltool.deploy.codegen.test.CTests.checkSignature(CTests.java:86)
	at com.topcoder.umltool.deploy.codegen.test.CTests.test15(CTests.java:295)
	at junit.extensions.TestDecorator.basicRun(TestDecorator.java:24)
	at junit.extensions.TestSetup$1.protect(TestSetup.java:21)
	at junit.extensions.TestSetup.run(TestSetup.java:25)
	at junit.extensions.TestDecorator.basicRun(TestDecorator.java:24)
	at junit.extensions.TestSetup$1.protect(TestSetup.java:21)
	at junit.extensions.TestSetup.run(TestSetup.java:25)
</failure>
  </testcase>
  <testcase classname="com.topcoder.umltool.deploy.codegen.test.CTests" name="test16" time="0.0010">
    <failure message="Test 16 failed. with signature:static string demoAttribute;" type="junit.framework.AssertionFailedError">junit.framework.AssertionFailedError: Test 16 failed. with signature:static string demoAttribute;
	at com.topcoder.umltool.deploy.codegen.test.CTests.checkSignature(CTests.java:86)
	at com.topcoder.umltool.deploy.codegen.test.CTests.test16(CTests.java:308)
	at junit.extensions.TestDecorator.basicRun(TestDecorator.java:24)
	at junit.extensions.TestSetup$1.protect(TestSetup.java:21)
	at junit.extensions.TestSetup.run(TestSetup.java:25)
	at junit.extensions.TestDecorator.basicRun(TestDecorator.java:24)
	at junit.extensions.TestSetup$1.protect(TestSetup.java:21)
	at junit.extensions.TestSetup.run(TestSetup.java:25)
</failure>
  </testcase>
  <testcase classname="com.topcoder.umltool.deploy.codegen.test.CTests" name="test17" time="0.0010">
    <failure message="Test 17 faild.With signature:public void MethodForTest() {" type="junit.framework.AssertionFailedError">junit.framework.AssertionFailedError: Test 17 faild.With signature:public void MethodForTest() {
	at com.topcoder.umltool.deploy.codegen.test.CTests.test17(CTests.java:321)
	at junit.extensions.TestDecorator.basicRun(TestDecorator.java:24)
	at junit.extensions.TestSetup$1.protect(TestSetup.java:21)
	at junit.extensions.TestSetup.run(TestSetup.java:25)
	at junit.extensions.TestDecorator.basicRun(TestDecorator.java:24)
	at junit.extensions.TestSetup$1.protect(TestSetup.java:21)
	at junit.extensions.TestSetup.run(TestSetup.java:25)
</failure>
  </testcase>
  <testcase classname="com.topcoder.umltool.deploy.codegen.test.CTests" name="test18" time="0.0020">
    <failure message="Test 18 faild.With context:/// &lt;exception&gt;" type="junit.framework.AssertionFailedError">junit.framework.AssertionFailedError: Test 18 faild.With context:/// &lt;exception&gt;
	at com.topcoder.umltool.deploy.codegen.test.CTests.test18(CTests.java:338)
	at junit.extensions.TestDecorator.basicRun(TestDecorator.java:24)
	at junit.extensions.TestSetup$1.protect(TestSetup.java:21)
	at junit.extensions.TestSetup.run(TestSetup.java:25)
	at junit.extensions.TestDecorator.basicRun(TestDecorator.java:24)
	at junit.extensions.TestSetup$1.protect(TestSetup.java:21)
	at junit.extensions.TestSetup.run(TestSetup.java:25)
</failure>
  </testcase>
  <testcase classname="com.topcoder.umltool.deploy.codegen.test.CTests" name="test19" time="0.0040">
    <failure message="Test 19 faild.With signature:/// &lt;returns&gt;
/// return documentz
/// &lt;/returns&gt;
" type="junit.framework.AssertionFailedError">junit.framework.AssertionFailedError: Test 19 faild.With signature:/// &lt;returns&gt;
/// return documentz
/// &lt;/returns&gt;

	at com.topcoder.umltool.deploy.codegen.test.CTests.test19(CTests.java:362)
	at junit.extensions.TestDecorator.basicRun(TestDecorator.java:24)
	at junit.extensions.TestSetup$1.protect(TestSetup.java:21)
	at junit.extensions.TestSetup.run(TestSetup.java:25)
	at junit.extensions.TestDecorator.basicRun(TestDecorator.java:24)
	at junit.extensions.TestSetup$1.protect(TestSetup.java:21)
	at junit.extensions.TestSetup.run(TestSetup.java:25)
</failure>
  </testcase>
  <testcase classname="com.topcoder.umltool.deploy.codegen.test.CTests" name="test20" time="0.0010">
    <failure message="Test 20 faild. with signature:public Class_20() {" type="junit.framework.AssertionFailedError">junit.framework.AssertionFailedError: Test 20 faild. with signature:public Class_20() {
	at com.topcoder.umltool.deploy.codegen.test.CTests.checkSignatureWithBraces(CTests.java:67)
	at com.topcoder.umltool.deploy.codegen.test.CTests.test20(CTests.java:374)
	at junit.extensions.TestDecorator.basicRun(TestDecorator.java:24)
	at junit.extensions.TestSetup$1.protect(TestSetup.java:21)
	at junit.extensions.TestSetup.run(TestSetup.java:25)
	at junit.extensions.TestDecorator.basicRun(TestDecorator.java:24)
	at junit.extensions.TestSetup$1.protect(TestSetup.java:21)
	at junit.extensions.TestSetup.run(TestSetup.java:25)
</failure>
  </testcase>
  <testcase classname="com.topcoder.umltool.deploy.codegen.test.CTests" name="test21" time="0.0020">
    <failure message="Test 21 faild. with signature:public void method1() {" type="junit.framework.AssertionFailedError">junit.framework.AssertionFailedError: Test 21 faild. with signature:public void method1() {
	at com.topcoder.umltool.deploy.codegen.test.CTests.checkSignatureWithBraces(CTests.java:67)
	at com.topcoder.umltool.deploy.codegen.test.CTests.test21(CTests.java:386)
	at junit.extensions.TestDecorator.basicRun(TestDecorator.java:24)
	at junit.extensions.TestSetup$1.protect(TestSetup.java:21)
	at junit.extensions.TestSetup.run(TestSetup.java:25)
	at junit.extensions.TestDecorator.basicRun(TestDecorator.java:24)
	at junit.extensions.TestSetup$1.protect(TestSetup.java:21)
	at junit.extensions.TestSetup.run(TestSetup.java:25)
</failure>
  </testcase>
  <testcase classname="com.topcoder.umltool.deploy.codegen.test.CTests" name="test22" time="0.0010">
    <failure message="Test 22 faild. with signature:public string method1() {" type="junit.framework.AssertionFailedError">junit.framework.AssertionFailedError: Test 22 faild. with signature:public string method1() {
	at com.topcoder.umltool.deploy.codegen.test.CTests.checkSignatureWithBraces(CTests.java:67)
	at com.topcoder.umltool.deploy.codegen.test.CTests.test22(CTests.java:398)
	at junit.extensions.TestDecorator.basicRun(TestDecorator.java:24)
	at junit.extensions.TestSetup$1.protect(TestSetup.java:21)
	at junit.extensions.TestSetup.run(TestSetup.java:25)
	at junit.extensions.TestDecorator.basicRun(TestDecorator.java:24)
	at junit.extensions.TestSetup$1.protect(TestSetup.java:21)
	at junit.extensions.TestSetup.run(TestSetup.java:25)
</failure>
  </testcase>
  <testcase classname="com.topcoder.umltool.deploy.codegen.test.CTests" name="test23" time="0.0010">
    <failure message="Test 23 faild. with signature:public static void method1() {" type="junit.framework.AssertionFailedError">junit.framework.AssertionFailedError: Test 23 faild. with signature:public static void method1() {
	at com.topcoder.umltool.deploy.codegen.test.CTests.checkSignatureWithBraces(CTests.java:67)
	at com.topcoder.umltool.deploy.codegen.test.CTests.test23(CTests.java:410)
	at junit.extensions.TestDecorator.basicRun(TestDecorator.java:24)
	at junit.extensions.TestSetup$1.protect(TestSetup.java:21)
	at junit.extensions.TestSetup.run(TestSetup.java:25)
	at junit.extensions.TestDecorator.basicRun(TestDecorator.java:24)
	at junit.extensions.TestSetup$1.protect(TestSetup.java:21)
	at junit.extensions.TestSetup.run(TestSetup.java:25)
</failure>
  </testcase>
  <testcase classname="com.topcoder.umltool.deploy.codegen.test.CTests" name="test24" time="0.0010">
    <failure message="Test 24 faild. with signature:public abstract void method1();" type="junit.framework.AssertionFailedError">junit.framework.AssertionFailedError: Test 24 faild. with signature:public abstract void method1();
	at com.topcoder.umltool.deploy.codegen.test.CTests.checkSignature(CTests.java:86)
	at com.topcoder.umltool.deploy.codegen.test.CTests.test24(CTests.java:422)
	at junit.extensions.TestDecorator.basicRun(TestDecorator.java:24)
	at junit.extensions.TestSetup$1.protect(TestSetup.java:21)
	at junit.extensions.TestSetup.run(TestSetup.java:25)
	at junit.extensions.TestDecorator.basicRun(TestDecorator.java:24)
	at junit.extensions.TestSetup$1.protect(TestSetup.java:21)
	at junit.extensions.TestSetup.run(TestSetup.java:25)
</failure>
  </testcase>
  <testcase classname="com.topcoder.umltool.deploy.codegen.test.CTests" name="test25" time="0.0020">
    <failure message="Test 25 faild. with signature:public void method1(int a, string b, double c) {" type="junit.framework.AssertionFailedError">junit.framework.AssertionFailedError: Test 25 faild. with signature:public void method1(int a, string b, double c) {
	at com.topcoder.umltool.deploy.codegen.test.CTests.checkSignatureWithBraces(CTests.java:67)
	at com.topcoder.umltool.deploy.codegen.test.CTests.test25(CTests.java:435)
	at junit.extensions.TestDecorator.basicRun(TestDecorator.java:24)
	at junit.extensions.TestSetup$1.protect(TestSetup.java:21)
	at junit.extensions.TestSetup.run(TestSetup.java:25)
	at junit.extensions.TestDecorator.basicRun(TestDecorator.java:24)
	at junit.extensions.TestSetup$1.protect(TestSetup.java:21)
	at junit.extensions.TestSetup.run(TestSetup.java:25)
</failure>
  </testcase>
  <testcase classname="com.topcoder.umltool.deploy.codegen.test.CTests" name="test26" time="0.0020">
    <failure message="Test 26 faild. with signature:public override void method1() {" type="junit.framework.AssertionFailedError">junit.framework.AssertionFailedError: Test 26 faild. with signature:public override void method1() {
	at com.topcoder.umltool.deploy.codegen.test.CTests.checkSignatureWithBraces(CTests.java:67)
	at com.topcoder.umltool.deploy.codegen.test.CTests.test26(CTests.java:447)
	at junit.extensions.TestDecorator.basicRun(TestDecorator.java:24)
	at junit.extensions.TestSetup$1.protect(TestSetup.java:21)
	at junit.extensions.TestSetup.run(TestSetup.java:25)
	at junit.extensions.TestDecorator.basicRun(TestDecorator.java:24)
	at junit.extensions.TestSetup$1.protect(TestSetup.java:21)
	at junit.extensions.TestSetup.run(TestSetup.java:25)
</failure>
  </testcase>
  <testcase classname="com.topcoder.umltool.deploy.codegen.test.CTests" name="test27" time="0.0020">
    <failure message="Test 27 faild. with signature:~Class_27() {" type="junit.framework.AssertionFailedError">junit.framework.AssertionFailedError: Test 27 faild. with signature:~Class_27() {
	at com.topcoder.umltool.deploy.codegen.test.CTests.checkSignatureWithBraces(CTests.java:67)
	at com.topcoder.umltool.deploy.codegen.test.CTests.test27(CTests.java:459)
	at junit.extensions.TestDecorator.basicRun(TestDecorator.java:24)
	at junit.extensions.TestSetup$1.protect(TestSetup.java:21)
	at junit.extensions.TestSetup.run(TestSetup.java:25)
	at junit.extensions.TestDecorator.basicRun(TestDecorator.java:24)
	at junit.extensions.TestSetup$1.protect(TestSetup.java:21)
	at junit.extensions.TestSetup.run(TestSetup.java:25)
</failure>
  </testcase>
  <testcase classname="com.topcoder.umltool.deploy.codegen.test.CTests" name="test28" time="0.0010">
    <failure message="Test 28 failed.With context:/// property document" type="junit.framework.AssertionFailedError">junit.framework.AssertionFailedError: Test 28 failed.With context:/// property document
	at com.topcoder.umltool.deploy.codegen.test.CTests.test28(CTests.java:472)
	at junit.extensions.TestDecorator.basicRun(TestDecorator.java:24)
	at junit.extensions.TestSetup$1.protect(TestSetup.java:21)
	at junit.extensions.TestSetup.run(TestSetup.java:25)
	at junit.extensions.TestDecorator.basicRun(TestDecorator.java:24)
	at junit.extensions.TestSetup$1.protect(TestSetup.java:21)
	at junit.extensions.TestSetup.run(TestSetup.java:25)
</failure>
  </testcase>
  <testcase classname="com.topcoder.umltool.deploy.codegen.test.CTests" name="test29" time="0.0010">
    <failure message="Test 29 faild. with signature:private String Name{
set{}
get{
return null;
}
}" type="junit.framework.AssertionFailedError">junit.framework.AssertionFailedError: Test 29 faild. with signature:private String Name{
set{}
get{
return null;
}
}
	at com.topcoder.umltool.deploy.codegen.test.CTests.checkSignatureWithBraces(CTests.java:67)
	at com.topcoder.umltool.deploy.codegen.test.CTests.test29(CTests.java:490)
	at junit.extensions.TestDecorator.basicRun(TestDecorator.java:24)
	at junit.extensions.TestSetup$1.protect(TestSetup.java:21)
	at junit.extensions.TestSetup.run(TestSetup.java:25)
	at junit.extensions.TestDecorator.basicRun(TestDecorator.java:24)
	at junit.extensions.TestSetup$1.protect(TestSetup.java:21)
	at junit.extensions.TestSetup.run(TestSetup.java:25)
</failure>
  </testcase>
  <testcase classname="com.topcoder.umltool.deploy.codegen.test.CTests" name="test30" time="0.0010">
    <failure message="Test 30 faild. with signature:using TopCoder.WPF.KeyProviderImpl;" type="junit.framework.AssertionFailedError">junit.framework.AssertionFailedError: Test 30 faild. with signature:using TopCoder.WPF.KeyProviderImpl;
	at com.topcoder.umltool.deploy.codegen.test.CTests.checkSignature(CTests.java:86)
	at com.topcoder.umltool.deploy.codegen.test.CTests.test30(CTests.java:503)
	at junit.extensions.TestDecorator.basicRun(TestDecorator.java:24)
	at junit.extensions.TestSetup$1.protect(TestSetup.java:21)
	at junit.extensions.TestSetup.run(TestSetup.java:25)
	at junit.extensions.TestDecorator.basicRun(TestDecorator.java:24)
	at junit.extensions.TestSetup$1.protect(TestSetup.java:21)
	at junit.extensions.TestSetup.run(TestSetup.java:25)
</failure>
  </testcase>
  <testcase classname="com.topcoder.umltool.deploy.codegen.test.CTests" name="test31" time="0.0020">
    <failure message="Test 31 faild. with signature:using TopCoder.WPF.KeyProviderImpl;" type="junit.framework.AssertionFailedError">junit.framework.AssertionFailedError: Test 31 faild. with signature:using TopCoder.WPF.KeyProviderImpl;
	at com.topcoder.umltool.deploy.codegen.test.CTests.checkSignature(CTests.java:86)
	at com.topcoder.umltool.deploy.codegen.test.CTests.test31(CTests.java:515)
	at junit.extensions.TestDecorator.basicRun(TestDecorator.java:24)
	at junit.extensions.TestSetup$1.protect(TestSetup.java:21)
	at junit.extensions.TestSetup.run(TestSetup.java:25)
	at junit.extensions.TestDecorator.basicRun(TestDecorator.java:24)
	at junit.extensions.TestSetup$1.protect(TestSetup.java:21)
	at junit.extensions.TestSetup.run(TestSetup.java:25)
</failure>
  </testcase>
  <testcase classname="com.topcoder.umltool.deploy.codegen.test.CTests" name="test32" time="0.0010">
    <failure message="Test 32 faild. with signature:using TopCoder.WPF.KeyProviderImpl;" type="junit.framework.AssertionFailedError">junit.framework.AssertionFailedError: Test 32 faild. with signature:using TopCoder.WPF.KeyProviderImpl;
	at com.topcoder.umltool.deploy.codegen.test.CTests.checkSignature(CTests.java:86)
	at com.topcoder.umltool.deploy.codegen.test.CTests.test32(CTests.java:527)
	at junit.extensions.TestDecorator.basicRun(TestDecorator.java:24)
	at junit.extensions.TestSetup$1.protect(TestSetup.java:21)
	at junit.extensions.TestSetup.run(TestSetup.java:25)
	at junit.extensions.TestDecorator.basicRun(TestDecorator.java:24)
	at junit.extensions.TestSetup$1.protect(TestSetup.java:21)
	at junit.extensions.TestSetup.run(TestSetup.java:25)
</failure>
  </testcase>
  <testcase classname="com.topcoder.umltool.deploy.codegen.test.CTests" name="test33" time="0.0020">
    <failure message="Test 33 faild. with signature:public ExceptionForTest(string message) {" type="junit.framework.AssertionFailedError">junit.framework.AssertionFailedError: Test 33 faild. with signature:public ExceptionForTest(string message) {
	at com.topcoder.umltool.deploy.codegen.test.CTests.checkSignatureWithBraces(CTests.java:67)
	at com.topcoder.umltool.deploy.codegen.test.CTests.test33(CTests.java:539)
	at junit.extensions.TestDecorator.basicRun(TestDecorator.java:24)
	at junit.extensions.TestSetup$1.protect(TestSetup.java:21)
	at junit.extensions.TestSetup.run(TestSetup.java:25)
	at junit.extensions.TestDecorator.basicRun(TestDecorator.java:24)
	at junit.extensions.TestSetup$1.protect(TestSetup.java:21)
	at junit.extensions.TestSetup.run(TestSetup.java:25)
</failure>
  </testcase>
  <testcase classname="com.topcoder.umltool.deploy.codegen.test.CTests" name="test34" time="0.0010">
    <failure message="Test 34 faild. with signature:enum Day {SUNDAY, MONDAY, TUESDAY, WEDNESDAY, THURSDAY, FRIDAY, SATURDAY};" type="junit.framework.AssertionFailedError">junit.framework.AssertionFailedError: Test 34 faild. with signature:enum Day {SUNDAY, MONDAY, TUESDAY, WEDNESDAY, THURSDAY, FRIDAY, SATURDAY};
	at com.topcoder.umltool.deploy.codegen.test.CTests.checkSignature(CTests.java:86)
	at com.topcoder.umltool.deploy.codegen.test.CTests.test34(CTests.java:558)
	at junit.extensions.TestDecorator.basicRun(TestDecorator.java:24)
	at junit.extensions.TestSetup$1.protect(TestSetup.java:21)
	at junit.extensions.TestSetup.run(TestSetup.java:25)
	at junit.extensions.TestDecorator.basicRun(TestDecorator.java:24)
	at junit.extensions.TestSetup$1.protect(TestSetup.java:21)
	at junit.extensions.TestSetup.run(TestSetup.java:25)
</failure>
  </testcase>
  <testcase classname="com.topcoder.umltool.deploy.codegen.test.CTests" name="test36" time="0.0010">
    <failure message="Test 36 faild. with signature:private event SampleEventHandler SampleEvent;" type="junit.framework.AssertionFailedError">junit.framework.AssertionFailedError: Test 36 faild. with signature:private event SampleEventHandler SampleEvent;
	at com.topcoder.umltool.deploy.codegen.test.CTests.checkSignature(CTests.java:86)
	at com.topcoder.umltool.deploy.codegen.test.CTests.test36(CTests.java:570)
	at junit.extensions.TestDecorator.basicRun(TestDecorator.java:24)
	at junit.extensions.TestSetup$1.protect(TestSetup.java:21)
	at junit.extensions.TestSetup.run(TestSetup.java:25)
	at junit.extensions.TestDecorator.basicRun(TestDecorator.java:24)
	at junit.extensions.TestSetup$1.protect(TestSetup.java:21)
	at junit.extensions.TestSetup.run(TestSetup.java:25)
</failure>
  </testcase>
  <testcase classname="com.topcoder.umltool.deploy.codegen.test.CTests" name="test37" time="0.0010">
    <failure message="Test 37 faild. with signature:public T this[int i]" type="junit.framework.AssertionFailedError">junit.framework.AssertionFailedError: Test 37 faild. with signature:public T this[int i]
	at com.topcoder.umltool.deploy.codegen.test.CTests.checkSignatureWithBraces(CTests.java:67)
	at com.topcoder.umltool.deploy.codegen.test.CTests.test37(CTests.java:582)
	at junit.extensions.TestDecorator.basicRun(TestDecorator.java:24)
	at junit.extensions.TestSetup$1.protect(TestSetup.java:21)
	at junit.extensions.TestSetup.run(TestSetup.java:25)
	at junit.extensions.TestDecorator.basicRun(TestDecorator.java:24)
	at junit.extensions.TestSetup$1.protect(TestSetup.java:21)
	at junit.extensions.TestSetup.run(TestSetup.java:25)
</failure>
  </testcase>
  <testcase classname="com.topcoder.umltool.deploy.codegen.test.CTests" name="test38" time="0.0010">
    <failure message="Test 38 faild. with signature:public delegate void SampleDelegate" type="junit.framework.AssertionFailedError">junit.framework.AssertionFailedError: Test 38 faild. with signature:public delegate void SampleDelegate
	at com.topcoder.umltool.deploy.codegen.test.CTests.checkSignature(CTests.java:86)
	at com.topcoder.umltool.deploy.codegen.test.CTests.test38(CTests.java:600)
	at junit.extensions.TestDecorator.basicRun(TestDecorator.java:24)
	at junit.extensions.TestSetup$1.protect(TestSetup.java:21)
	at junit.extensions.TestSetup.run(TestSetup.java:25)
	at junit.extensions.TestDecorator.basicRun(TestDecorator.java:24)
	at junit.extensions.TestSetup$1.protect(TestSetup.java:21)
	at junit.extensions.TestSetup.run(TestSetup.java:25)
</failure>
  </testcase>
  <testcase classname="com.topcoder.umltool.deploy.codegen.test.CTests" name="test39" time="0.0020">
    <failure message="Test 39 faild. with signature:public class EnityClass{" type="junit.framework.AssertionFailedError">junit.framework.AssertionFailedError: Test 39 faild. with signature:public class EnityClass{
	at com.topcoder.umltool.deploy.codegen.test.CTests.checkSignatureWithBraces(CTests.java:67)
	at com.topcoder.umltool.deploy.codegen.test.CTests.test39(CTests.java:614)
	at junit.extensions.TestDecorator.basicRun(TestDecorator.java:24)
	at junit.extensions.TestSetup$1.protect(TestSetup.java:21)
	at junit.extensions.TestSetup.run(TestSetup.java:25)
	at junit.extensions.TestDecorator.basicRun(TestDecorator.java:24)
	at junit.extensions.TestSetup$1.protect(TestSetup.java:21)
	at junit.extensions.TestSetup.run(TestSetup.java:25)
</failure>
  </testcase>
  <testcase classname="com.topcoder.umltool.deploy.codegen.test.CTests" name="test40" time="0.0">
    <failure message="Test 40 faild. with signature:protected class EnityClass{" type="junit.framework.AssertionFailedError">junit.framework.AssertionFailedError: Test 40 faild. with signature:protected class EnityClass{
	at com.topcoder.umltool.deploy.codegen.test.CTests.checkSignatureWithBraces(CTests.java:67)
	at com.topcoder.umltool.deploy.codegen.test.CTests.test40(CTests.java:628)
	at junit.extensions.TestDecorator.basicRun(TestDecorator.java:24)
	at junit.extensions.TestSetup$1.protect(TestSetup.java:21)
	at junit.extensions.TestSetup.run(TestSetup.java:25)
	at junit.extensions.TestDecorator.basicRun(TestDecorator.java:24)
	at junit.extensions.TestSetup$1.protect(TestSetup.java:21)
	at junit.extensions.TestSetup.run(TestSetup.java:25)
</failure>
  </testcase>
  <testcase classname="com.topcoder.umltool.deploy.codegen.test.CTests" name="test41" time="0.0020">
    <failure message="Test 41 faild. with signature:class EnityClass{" type="junit.framework.AssertionFailedError">junit.framework.AssertionFailedError: Test 41 faild. with signature:class EnityClass{
	at com.topcoder.umltool.deploy.codegen.test.CTests.checkSignatureWithBraces(CTests.java:67)
	at com.topcoder.umltool.deploy.codegen.test.CTests.test41(CTests.java:642)
	at junit.extensions.TestDecorator.basicRun(TestDecorator.java:24)
	at junit.extensions.TestSetup$1.protect(TestSetup.java:21)
	at junit.extensions.TestSetup.run(TestSetup.java:25)
	at junit.extensions.TestDecorator.basicRun(TestDecorator.java:24)
	at junit.extensions.TestSetup$1.protect(TestSetup.java:21)
	at junit.extensions.TestSetup.run(TestSetup.java:25)
</failure>
  </testcase>
  <testcase classname="com.topcoder.umltool.deploy.codegen.test.CTests" name="test42" time="0.0010">
    <failure message="Test 42 faild. with signature:private class EnityClass{" type="junit.framework.AssertionFailedError">junit.framework.AssertionFailedError: Test 42 faild. with signature:private class EnityClass{
	at com.topcoder.umltool.deploy.codegen.test.CTests.checkSignatureWithBraces(CTests.java:67)
	at com.topcoder.umltool.deploy.codegen.test.CTests.test42(CTests.java:656)
	at junit.extensions.TestDecorator.basicRun(TestDecorator.java:24)
	at junit.extensions.TestSetup$1.protect(TestSetup.java:21)
	at junit.extensions.TestSetup.run(TestSetup.java:25)
	at junit.extensions.TestDecorator.basicRun(TestDecorator.java:24)
	at junit.extensions.TestSetup$1.protect(TestSetup.java:21)
	at junit.extensions.TestSetup.run(TestSetup.java:25)
</failure>
  </testcase>
  <testcase classname="com.topcoder.umltool.deploy.codegen.test.CTests" name="test43" time="0.0010">
    <failure message="Test 43 faild. with signature:public abstract class EnityClass{" type="junit.framework.AssertionFailedError">junit.framework.AssertionFailedError: Test 43 faild. with signature:public abstract class EnityClass{
	at com.topcoder.umltool.deploy.codegen.test.CTests.checkSignatureWithBraces(CTests.java:67)
	at com.topcoder.umltool.deploy.codegen.test.CTests.test43(CTests.java:669)
	at junit.extensions.TestDecorator.basicRun(TestDecorator.java:24)
	at junit.extensions.TestSetup$1.protect(TestSetup.java:21)
	at junit.extensions.TestSetup.run(TestSetup.java:25)
	at junit.extensions.TestDecorator.basicRun(TestDecorator.java:24)
	at junit.extensions.TestSetup$1.protect(TestSetup.java:21)
	at junit.extensions.TestSetup.run(TestSetup.java:25)
</failure>
  </testcase>
  <testcase classname="com.topcoder.umltool.deploy.codegen.test.CTests" name="test44" time="0.0010">
    <failure message="Test 44 faild. with signature:public sealed class EnityClass{" type="junit.framework.AssertionFailedError">junit.framework.AssertionFailedError: Test 44 faild. with signature:public sealed class EnityClass{
	at com.topcoder.umltool.deploy.codegen.test.CTests.checkSignatureWithBraces(CTests.java:67)
	at com.topcoder.umltool.deploy.codegen.test.CTests.test44(CTests.java:682)
	at junit.extensions.TestDecorator.basicRun(TestDecorator.java:24)
	at junit.extensions.TestSetup$1.protect(TestSetup.java:21)
	at junit.extensions.TestSetup.run(TestSetup.java:25)
	at junit.extensions.TestDecorator.basicRun(TestDecorator.java:24)
	at junit.extensions.TestSetup$1.protect(TestSetup.java:21)
	at junit.extensions.TestSetup.run(TestSetup.java:25)
</failure>
  </testcase>
  <testcase classname="com.topcoder.umltool.deploy.codegen.test.CTests" name="test45" time="0.0010">
    <failure message="Test 45 faild. with signature:public static class EnityClass{" type="junit.framework.AssertionFailedError">junit.framework.AssertionFailedError: Test 45 faild. with signature:public static class EnityClass{
	at com.topcoder.umltool.deploy.codegen.test.CTests.checkSignatureWithBraces(CTests.java:67)
	at com.topcoder.umltool.deploy.codegen.test.CTests.test45(CTests.java:695)
	at junit.extensions.TestDecorator.basicRun(TestDecorator.java:24)
	at junit.extensions.TestSetup$1.protect(TestSetup.java:21)
	at junit.extensions.TestSetup.run(TestSetup.java:25)
	at junit.extensions.TestDecorator.basicRun(TestDecorator.java:24)
	at junit.extensions.TestSetup$1.protect(TestSetup.java:21)
	at junit.extensions.TestSetup.run(TestSetup.java:25)
</failure>
  </testcase>
  <testcase classname="com.topcoder.umltool.deploy.codegen.test.CTests" name="test46" time="0.0010">
    <failure message="Test 46 faild. with signature:public static sealed class EnityClass{" type="junit.framework.AssertionFailedError">junit.framework.AssertionFailedError: Test 46 faild. with signature:public static sealed class EnityClass{
	at com.topcoder.umltool.deploy.codegen.test.CTests.checkSignatureWithBraces(CTests.java:67)
	at com.topcoder.umltool.deploy.codegen.test.CTests.test46(CTests.java:708)
	at junit.extensions.TestDecorator.basicRun(TestDecorator.java:24)
	at junit.extensions.TestSetup$1.protect(TestSetup.java:21)
	at junit.extensions.TestSetup.run(TestSetup.java:25)
	at junit.extensions.TestDecorator.basicRun(TestDecorator.java:24)
	at junit.extensions.TestSetup$1.protect(TestSetup.java:21)
	at junit.extensions.TestSetup.run(TestSetup.java:25)
</failure>
  </testcase>
  <testcase classname="com.topcoder.umltool.deploy.codegen.test.CTests" name="test47" time="0.0010">
    <failure message="Test 47 faild. with signature:protected abstract class EnityClass{" type="junit.framework.AssertionFailedError">junit.framework.AssertionFailedError: Test 47 faild. with signature:protected abstract class EnityClass{
	at com.topcoder.umltool.deploy.codegen.test.CTests.checkSignatureWithBraces(CTests.java:67)
	at com.topcoder.umltool.deploy.codegen.test.CTests.test47(CTests.java:721)
	at junit.extensions.TestDecorator.basicRun(TestDecorator.java:24)
	at junit.extensions.TestSetup$1.protect(TestSetup.java:21)
	at junit.extensions.TestSetup.run(TestSetup.java:25)
	at junit.extensions.TestDecorator.basicRun(TestDecorator.java:24)
	at junit.extensions.TestSetup$1.protect(TestSetup.java:21)
	at junit.extensions.TestSetup.run(TestSetup.java:25)
</failure>
  </testcase>
  <testcase classname="com.topcoder.umltool.deploy.codegen.test.CTests" name="test48" time="0.0020">
    <failure message="Test 48 faild. with signature:protected sealed class EnityClass{" type="junit.framework.AssertionFailedError">junit.framework.AssertionFailedError: Test 48 faild. with signature:protected sealed class EnityClass{
	at com.topcoder.umltool.deploy.codegen.test.CTests.checkSignatureWithBraces(CTests.java:67)
	at com.topcoder.umltool.deploy.codegen.test.CTests.test48(CTests.java:734)
	at junit.extensions.TestDecorator.basicRun(TestDecorator.java:24)
	at junit.extensions.TestSetup$1.protect(TestSetup.java:21)
	at junit.extensions.TestSetup.run(TestSetup.java:25)
	at junit.extensions.TestDecorator.basicRun(TestDecorator.java:24)
	at junit.extensions.TestSetup$1.protect(TestSetup.java:21)
	at junit.extensions.TestSetup.run(TestSetup.java:25)
</failure>
  </testcase>
  <testcase classname="com.topcoder.umltool.deploy.codegen.test.CTests" name="test49" time="0.0020">
    <failure message="Test 49 faild. with signature:protected class EnityClass{" type="junit.framework.AssertionFailedError">junit.framework.AssertionFailedError: Test 49 faild. with signature:protected class EnityClass{
	at com.topcoder.umltool.deploy.codegen.test.CTests.checkSignatureWithBraces(CTests.java:67)
	at com.topcoder.umltool.deploy.codegen.test.CTests.test49(CTests.java:747)
	at junit.extensions.TestDecorator.basicRun(TestDecorator.java:24)
	at junit.extensions.TestSetup$1.protect(TestSetup.java:21)
	at junit.extensions.TestSetup.run(TestSetup.java:25)
	at junit.extensions.TestDecorator.basicRun(TestDecorator.java:24)
	at junit.extensions.TestSetup$1.protect(TestSetup.java:21)
	at junit.extensions.TestSetup.run(TestSetup.java:25)
</failure>
  </testcase>
  <testcase classname="com.topcoder.umltool.deploy.codegen.test.CTests" name="test50" time="0.0020">
    <failure message="Test 50 faild. with signature:protected sealed class EnityClass{" type="junit.framework.AssertionFailedError">junit.framework.AssertionFailedError: Test 50 faild. with signature:protected sealed class EnityClass{
	at com.topcoder.umltool.deploy.codegen.test.CTests.checkSignatureWithBraces(CTests.java:67)
	at com.topcoder.umltool.deploy.codegen.test.CTests.test50(CTests.java:760)
	at junit.extensions.TestDecorator.basicRun(TestDecorator.java:24)
	at junit.extensions.TestSetup$1.protect(TestSetup.java:21)
	at junit.extensions.TestSetup.run(TestSetup.java:25)
	at junit.extensions.TestDecorator.basicRun(TestDecorator.java:24)
	at junit.extensions.TestSetup$1.protect(TestSetup.java:21)
	at junit.extensions.TestSetup.run(TestSetup.java:25)
</failure>
  </testcase>
  <testcase classname="com.topcoder.umltool.deploy.codegen.test.CTests" name="test51" time="0.0">
    <failure message="Test 51 faild. with signature:abstract class EnityClass{" type="junit.framework.AssertionFailedError">junit.framework.AssertionFailedError: Test 51 faild. with signature:abstract class EnityClass{
	at com.topcoder.umltool.deploy.codegen.test.CTests.checkSignatureWithBraces(CTests.java:67)
	at com.topcoder.umltool.deploy.codegen.test.CTests.test51(CTests.java:773)
	at junit.extensions.TestDecorator.basicRun(TestDecorator.java:24)
	at junit.extensions.TestSetup$1.protect(TestSetup.java:21)
	at junit.extensions.TestSetup.run(TestSetup.java:25)
	at junit.extensions.TestDecorator.basicRun(TestDecorator.java:24)
	at junit.extensions.TestSetup$1.protect(TestSetup.java:21)
	at junit.extensions.TestSetup.run(TestSetup.java:25)
</failure>
  </testcase>
  <testcase classname="com.topcoder.umltool.deploy.codegen.test.CTests" name="test52" time="0.0020">
    <failure message="Test 52 faild. with signature:sealed class EnityClass{" type="junit.framework.AssertionFailedError">junit.framework.AssertionFailedError: Test 52 faild. with signature:sealed class EnityClass{
	at com.topcoder.umltool.deploy.codegen.test.CTests.checkSignatureWithBraces(CTests.java:67)
	at com.topcoder.umltool.deploy.codegen.test.CTests.test52(CTests.java:786)
	at junit.extensions.TestDecorator.basicRun(TestDecorator.java:24)
	at junit.extensions.TestSetup$1.protect(TestSetup.java:21)
	at junit.extensions.TestSetup.run(TestSetup.java:25)
	at junit.extensions.TestDecorator.basicRun(TestDecorator.java:24)
	at junit.extensions.TestSetup$1.protect(TestSetup.java:21)
	at junit.extensions.TestSetup.run(TestSetup.java:25)
</failure>
  </testcase>
  <testcase classname="com.topcoder.umltool.deploy.codegen.test.CTests" name="test53" time="0.0020">
    <failure message="Test 53 faild. with signature:private abstract class EnityClass{" type="junit.framework.AssertionFailedError">junit.framework.AssertionFailedError: Test 53 faild. with signature:private abstract class EnityClass{
	at com.topcoder.umltool.deploy.codegen.test.CTests.checkSignatureWithBraces(CTests.java:67)
	at com.topcoder.umltool.deploy.codegen.test.CTests.test53(CTests.java:799)
	at junit.extensions.TestDecorator.basicRun(TestDecorator.java:24)
	at junit.extensions.TestSetup$1.protect(TestSetup.java:21)
	at junit.extensions.TestSetup.run(TestSetup.java:25)
	at junit.extensions.TestDecorator.basicRun(TestDecorator.java:24)
	at junit.extensions.TestSetup$1.protect(TestSetup.java:21)
	at junit.extensions.TestSetup.run(TestSetup.java:25)
</failure>
  </testcase>
  <testcase classname="com.topcoder.umltool.deploy.codegen.test.CTests" name="test54" time="0.0020">
    <failure message="Test 54 faild. with signature:private sealed class EnityClass{" type="junit.framework.AssertionFailedError">junit.framework.AssertionFailedError: Test 54 faild. with signature:private sealed class EnityClass{
	at com.topcoder.umltool.deploy.codegen.test.CTests.checkSignatureWithBraces(CTests.java:67)
	at com.topcoder.umltool.deploy.codegen.test.CTests.test54(CTests.java:812)
	at junit.extensions.TestDecorator.basicRun(TestDecorator.java:24)
	at junit.extensions.TestSetup$1.protect(TestSetup.java:21)
	at junit.extensions.TestSetup.run(TestSetup.java:25)
	at junit.extensions.TestDecorator.basicRun(TestDecorator.java:24)
	at junit.extensions.TestSetup$1.protect(TestSetup.java:21)
	at junit.extensions.TestSetup.run(TestSetup.java:25)
</failure>
  </testcase>
  <testcase classname="com.topcoder.umltool.deploy.codegen.test.CTests" name="test55" time="0.0010">
    <failure message="Test 55 faild. with signature:public int AttributeForTest;" type="junit.framework.AssertionFailedError">junit.framework.AssertionFailedError: Test 55 faild. with signature:public int AttributeForTest;
	at com.topcoder.umltool.deploy.codegen.test.CTests.checkSignature(CTests.java:86)
	at com.topcoder.umltool.deploy.codegen.test.CTests.test55(CTests.java:825)
	at junit.extensions.TestDecorator.basicRun(TestDecorator.java:24)
	at junit.extensions.TestSetup$1.protect(TestSetup.java:21)
	at junit.extensions.TestSetup.run(TestSetup.java:25)
	at junit.extensions.TestDecorator.basicRun(TestDecorator.java:24)
	at junit.extensions.TestSetup$1.protect(TestSetup.java:21)
	at junit.extensions.TestSetup.run(TestSetup.java:25)
</failure>
  </testcase>
  <testcase classname="com.topcoder.umltool.deploy.codegen.test.CTests" name="test56" time="0.0010">
    <failure message="Test 56 faild. with signature:public const int AttributeForTest;" type="junit.framework.AssertionFailedError">junit.framework.AssertionFailedError: Test 56 faild. with signature:public const int AttributeForTest;
	at com.topcoder.umltool.deploy.codegen.test.CTests.checkSignature(CTests.java:86)
	at com.topcoder.umltool.deploy.codegen.test.CTests.test56(CTests.java:838)
	at junit.extensions.TestDecorator.basicRun(TestDecorator.java:24)
	at junit.extensions.TestSetup$1.protect(TestSetup.java:21)
	at junit.extensions.TestSetup.run(TestSetup.java:25)
	at junit.extensions.TestDecorator.basicRun(TestDecorator.java:24)
	at junit.extensions.TestSetup$1.protect(TestSetup.java:21)
	at junit.extensions.TestSetup.run(TestSetup.java:25)
</failure>
  </testcase>
  <testcase classname="com.topcoder.umltool.deploy.codegen.test.CTests" name="test57" time="0.0010">
    <failure message="Test 57 faild. with signature:protected int AttributeForTest;" type="junit.framework.AssertionFailedError">junit.framework.AssertionFailedError: Test 57 faild. with signature:protected int AttributeForTest;
	at com.topcoder.umltool.deploy.codegen.test.CTests.checkSignature(CTests.java:86)
	at com.topcoder.umltool.deploy.codegen.test.CTests.test57(CTests.java:852)
	at junit.extensions.TestDecorator.basicRun(TestDecorator.java:24)
	at junit.extensions.TestSetup$1.protect(TestSetup.java:21)
	at junit.extensions.TestSetup.run(TestSetup.java:25)
	at junit.extensions.TestDecorator.basicRun(TestDecorator.java:24)
	at junit.extensions.TestSetup$1.protect(TestSetup.java:21)
	at junit.extensions.TestSetup.run(TestSetup.java:25)
</failure>
  </testcase>
  <testcase classname="com.topcoder.umltool.deploy.codegen.test.CTests" name="test58" time="0.0010">
    <failure message="Test 58 faild. with signature:protected const int AttributeForTest;" type="junit.framework.AssertionFailedError">junit.framework.AssertionFailedError: Test 58 faild. with signature:protected const int AttributeForTest;
	at com.topcoder.umltool.deploy.codegen.test.CTests.checkSignature(CTests.java:86)
	at com.topcoder.umltool.deploy.codegen.test.CTests.test58(CTests.java:865)
	at junit.extensions.TestDecorator.basicRun(TestDecorator.java:24)
	at junit.extensions.TestSetup$1.protect(TestSetup.java:21)
	at junit.extensions.TestSetup.run(TestSetup.java:25)
	at junit.extensions.TestDecorator.basicRun(TestDecorator.java:24)
	at junit.extensions.TestSetup$1.protect(TestSetup.java:21)
	at junit.extensions.TestSetup.run(TestSetup.java:25)
</failure>
  </testcase>
  <testcase classname="com.topcoder.umltool.deploy.codegen.test.CTests" name="test59" time="0.0010">
    <failure message="Test 59 faild. with signature:int AttributeForTest;" type="junit.framework.AssertionFailedError">junit.framework.AssertionFailedError: Test 59 faild. with signature:int AttributeForTest;
	at com.topcoder.umltool.deploy.codegen.test.CTests.checkSignature(CTests.java:86)
	at com.topcoder.umltool.deploy.codegen.test.CTests.test59(CTests.java:878)
	at junit.extensions.TestDecorator.basicRun(TestDecorator.java:24)
	at junit.extensions.TestSetup$1.protect(TestSetup.java:21)
	at junit.extensions.TestSetup.run(TestSetup.java:25)
	at junit.extensions.TestDecorator.basicRun(TestDecorator.java:24)
	at junit.extensions.TestSetup$1.protect(TestSetup.java:21)
	at junit.extensions.TestSetup.run(TestSetup.java:25)
</failure>
  </testcase>
  <testcase classname="com.topcoder.umltool.deploy.codegen.test.CTests" name="test60" time="0.0010">
    <failure message="Test 60 faild. with signature:const int AttributeForTest;" type="junit.framework.AssertionFailedError">junit.framework.AssertionFailedError: Test 60 faild. with signature:const int AttributeForTest;
	at com.topcoder.umltool.deploy.codegen.test.CTests.checkSignature(CTests.java:86)
	at com.topcoder.umltool.deploy.codegen.test.CTests.test60(CTests.java:891)
	at junit.extensions.TestDecorator.basicRun(TestDecorator.java:24)
	at junit.extensions.TestSetup$1.protect(TestSetup.java:21)
	at junit.extensions.TestSetup.run(TestSetup.java:25)
	at junit.extensions.TestDecorator.basicRun(TestDecorator.java:24)
	at junit.extensions.TestSetup$1.protect(TestSetup.java:21)
	at junit.extensions.TestSetup.run(TestSetup.java:25)
</failure>
  </testcase>
  <testcase classname="com.topcoder.umltool.deploy.codegen.test.CTests" name="test61" time="0.0010">
    <failure message="Test 61 faild. with signature:private int AttributeForTest;" type="junit.framework.AssertionFailedError">junit.framework.AssertionFailedError: Test 61 faild. with signature:private int AttributeForTest;
	at com.topcoder.umltool.deploy.codegen.test.CTests.checkSignature(CTests.java:86)
	at com.topcoder.umltool.deploy.codegen.test.CTests.test61(CTests.java:904)
	at junit.extensions.TestDecorator.basicRun(TestDecorator.java:24)
	at junit.extensions.TestSetup$1.protect(TestSetup.java:21)
	at junit.extensions.TestSetup.run(TestSetup.java:25)
	at junit.extensions.TestDecorator.basicRun(TestDecorator.java:24)
	at junit.extensions.TestSetup$1.protect(TestSetup.java:21)
	at junit.extensions.TestSetup.run(TestSetup.java:25)
</failure>
  </testcase>
  <testcase classname="com.topcoder.umltool.deploy.codegen.test.CTests" name="test62" time="0.0020">
    <failure message="Test 62 faild. with signature:private const int AttributeForTest;" type="junit.framework.AssertionFailedError">junit.framework.AssertionFailedError: Test 62 faild. with signature:private const int AttributeForTest;
	at com.topcoder.umltool.deploy.codegen.test.CTests.checkSignature(CTests.java:86)
	at com.topcoder.umltool.deploy.codegen.test.CTests.test62(CTests.java:917)
	at junit.extensions.TestDecorator.basicRun(TestDecorator.java:24)
	at junit.extensions.TestSetup$1.protect(TestSetup.java:21)
	at junit.extensions.TestSetup.run(TestSetup.java:25)
	at junit.extensions.TestDecorator.basicRun(TestDecorator.java:24)
	at junit.extensions.TestSetup$1.protect(TestSetup.java:21)
	at junit.extensions.TestSetup.run(TestSetup.java:25)
</failure>
  </testcase>
  <testcase classname="com.topcoder.umltool.deploy.codegen.test.CTests" name="test63" time="0.0010">
    <failure message="Test 63 faild. with signature:public static int AttributeForTest;" type="junit.framework.AssertionFailedError">junit.framework.AssertionFailedError: Test 63 faild. with signature:public static int AttributeForTest;
	at com.topcoder.umltool.deploy.codegen.test.CTests.checkSignature(CTests.java:86)
	at com.topcoder.umltool.deploy.codegen.test.CTests.test63(CTests.java:930)
	at junit.extensions.TestDecorator.basicRun(TestDecorator.java:24)
	at junit.extensions.TestSetup$1.protect(TestSetup.java:21)
	at junit.extensions.TestSetup.run(TestSetup.java:25)
	at junit.extensions.TestDecorator.basicRun(TestDecorator.java:24)
	at junit.extensions.TestSetup$1.protect(TestSetup.java:21)
	at junit.extensions.TestSetup.run(TestSetup.java:25)
</failure>
  </testcase>
  <testcase classname="com.topcoder.umltool.deploy.codegen.test.CTests" name="test64" time="0.0010">
    <failure message="Test 64 faild. with signature:public int AttributeForTest;" type="junit.framework.AssertionFailedError">junit.framework.AssertionFailedError: Test 64 faild. with signature:public int AttributeForTest;
	at com.topcoder.umltool.deploy.codegen.test.CTests.checkSignature(CTests.java:86)
	at com.topcoder.umltool.deploy.codegen.test.CTests.test64(CTests.java:944)
	at junit.extensions.TestDecorator.basicRun(TestDecorator.java:24)
	at junit.extensions.TestSetup$1.protect(TestSetup.java:21)
	at junit.extensions.TestSetup.run(TestSetup.java:25)
	at junit.extensions.TestDecorator.basicRun(TestDecorator.java:24)
	at junit.extensions.TestSetup$1.protect(TestSetup.java:21)
	at junit.extensions.TestSetup.run(TestSetup.java:25)
</failure>
  </testcase>
  <testcase classname="com.topcoder.umltool.deploy.codegen.test.CTests" name="test65" time="0.0020">
    <failure message="Test 65 faild. with signature:public static const int AttributeForTest;" type="junit.framework.AssertionFailedError">junit.framework.AssertionFailedError: Test 65 faild. with signature:public static const int AttributeForTest;
	at com.topcoder.umltool.deploy.codegen.test.CTests.checkSignature(CTests.java:86)
	at com.topcoder.umltool.deploy.codegen.test.CTests.test65(CTests.java:957)
	at junit.extensions.TestDecorator.basicRun(TestDecorator.java:24)
	at junit.extensions.TestSetup$1.protect(TestSetup.java:21)
	at junit.extensions.TestSetup.run(TestSetup.java:25)
	at junit.extensions.TestDecorator.basicRun(TestDecorator.java:24)
	at junit.extensions.TestSetup$1.protect(TestSetup.java:21)
	at junit.extensions.TestSetup.run(TestSetup.java:25)
</failure>
  </testcase>
  <testcase classname="com.topcoder.umltool.deploy.codegen.test.CTests" name="test66" time="0.0020">
    <failure message="Test 66 faild. with signature:public const int AttributeForTest;" type="junit.framework.AssertionFailedError">junit.framework.AssertionFailedError: Test 66 faild. with signature:public const int AttributeForTest;
	at com.topcoder.umltool.deploy.codegen.test.CTests.checkSignature(CTests.java:86)
	at com.topcoder.umltool.deploy.codegen.test.CTests.test66(CTests.java:970)
	at junit.extensions.TestDecorator.basicRun(TestDecorator.java:24)
	at junit.extensions.TestSetup$1.protect(TestSetup.java:21)
	at junit.extensions.TestSetup.run(TestSetup.java:25)
	at junit.extensions.TestDecorator.basicRun(TestDecorator.java:24)
	at junit.extensions.TestSetup$1.protect(TestSetup.java:21)
	at junit.extensions.TestSetup.run(TestSetup.java:25)
</failure>
  </testcase>
  <testcase classname="com.topcoder.umltool.deploy.codegen.test.CTests" name="test67" time="0.0020">
    <failure message="Test 67 faild. with signature:protected static int AttributeForTest;" type="junit.framework.AssertionFailedError">junit.framework.AssertionFailedError: Test 67 faild. with signature:protected static int AttributeForTest;
	at com.topcoder.umltool.deploy.codegen.test.CTests.checkSignature(CTests.java:86)
	at com.topcoder.umltool.deploy.codegen.test.CTests.test67(CTests.java:984)
	at junit.extensions.TestDecorator.basicRun(TestDecorator.java:24)
	at junit.extensions.TestSetup$1.protect(TestSetup.java:21)
	at junit.extensions.TestSetup.run(TestSetup.java:25)
	at junit.extensions.TestDecorator.basicRun(TestDecorator.java:24)
	at junit.extensions.TestSetup$1.protect(TestSetup.java:21)
	at junit.extensions.TestSetup.run(TestSetup.java:25)
</failure>
  </testcase>
  <testcase classname="com.topcoder.umltool.deploy.codegen.test.CTests" name="test68" time="0.0010">
    <failure message="Test 68 faild. with signature:protected int AttributeForTest;" type="junit.framework.AssertionFailedError">junit.framework.AssertionFailedError: Test 68 faild. with signature:protected int AttributeForTest;
	at com.topcoder.umltool.deploy.codegen.test.CTests.checkSignature(CTests.java:86)
	at com.topcoder.umltool.deploy.codegen.test.CTests.test68(CTests.java:998)
	at junit.extensions.TestDecorator.basicRun(TestDecorator.java:24)
	at junit.extensions.TestSetup$1.protect(TestSetup.java:21)
	at junit.extensions.TestSetup.run(TestSetup.java:25)
	at junit.extensions.TestDecorator.basicRun(TestDecorator.java:24)
	at junit.extensions.TestSetup$1.protect(TestSetup.java:21)
	at junit.extensions.TestSetup.run(TestSetup.java:25)
</failure>
  </testcase>
  <testcase classname="com.topcoder.umltool.deploy.codegen.test.CTests" name="test69" time="0.0010">
    <failure message="Test 69 faild. with signature:protected static const int AttributeForTest;" type="junit.framework.AssertionFailedError">junit.framework.AssertionFailedError: Test 69 faild. with signature:protected static const int AttributeForTest;
	at com.topcoder.umltool.deploy.codegen.test.CTests.checkSignature(CTests.java:86)
	at com.topcoder.umltool.deploy.codegen.test.CTests.test69(CTests.java:1011)
	at junit.extensions.TestDecorator.basicRun(TestDecorator.java:24)
	at junit.extensions.TestSetup$1.protect(TestSetup.java:21)
	at junit.extensions.TestSetup.run(TestSetup.java:25)
	at junit.extensions.TestDecorator.basicRun(TestDecorator.java:24)
	at junit.extensions.TestSetup$1.protect(TestSetup.java:21)
	at junit.extensions.TestSetup.run(TestSetup.java:25)
</failure>
  </testcase>
  <testcase classname="com.topcoder.umltool.deploy.codegen.test.CTests" name="test70" time="0.0010">
    <failure message="Test 70 faild. with signature:protected const int AttributeForTest;" type="junit.framework.AssertionFailedError">junit.framework.AssertionFailedError: Test 70 faild. with signature:protected const int AttributeForTest;
	at com.topcoder.umltool.deploy.codegen.test.CTests.checkSignature(CTests.java:86)
	at com.topcoder.umltool.deploy.codegen.test.CTests.test70(CTests.java:1025)
	at junit.extensions.TestDecorator.basicRun(TestDecorator.java:24)
	at junit.extensions.TestSetup$1.protect(TestSetup.java:21)
	at junit.extensions.TestSetup.run(TestSetup.java:25)
	at junit.extensions.TestDecorator.basicRun(TestDecorator.java:24)
	at junit.extensions.TestSetup$1.protect(TestSetup.java:21)
	at junit.extensions.TestSetup.run(TestSetup.java:25)
</failure>
  </testcase>
  <testcase classname="com.topcoder.umltool.deploy.codegen.test.CTests" name="test71" time="0.0010">
    <failure message="Test 71 faild. with signature:static int AttributeForTest;" type="junit.framework.AssertionFailedError">junit.framework.AssertionFailedError: Test 71 faild. with signature:static int AttributeForTest;
	at com.topcoder.umltool.deploy.codegen.test.CTests.checkSignature(CTests.java:86)
	at com.topcoder.umltool.deploy.codegen.test.CTests.test71(CTests.java:1039)
	at junit.extensions.TestDecorator.basicRun(TestDecorator.java:24)
	at junit.extensions.TestSetup$1.protect(TestSetup.java:21)
	at junit.extensions.TestSetup.run(TestSetup.java:25)
	at junit.extensions.TestDecorator.basicRun(TestDecorator.java:24)
	at junit.extensions.TestSetup$1.protect(TestSetup.java:21)
	at junit.extensions.TestSetup.run(TestSetup.java:25)
</failure>
  </testcase>
  <testcase classname="com.topcoder.umltool.deploy.codegen.test.CTests" name="test72" time="0.0010">
    <failure message="Test 72 faild. with signature:int AttributeForTest;" type="junit.framework.AssertionFailedError">junit.framework.AssertionFailedError: Test 72 faild. with signature:int AttributeForTest;
	at com.topcoder.umltool.deploy.codegen.test.CTests.checkSignature(CTests.java:86)
	at com.topcoder.umltool.deploy.codegen.test.CTests.test72(CTests.java:1053)
	at junit.extensions.TestDecorator.basicRun(TestDecorator.java:24)
	at junit.extensions.TestSetup$1.protect(TestSetup.java:21)
	at junit.extensions.TestSetup.run(TestSetup.java:25)
	at junit.extensions.TestDecorator.basicRun(TestDecorator.java:24)
	at junit.extensions.TestSetup$1.protect(TestSetup.java:21)
	at junit.extensions.TestSetup.run(TestSetup.java:25)
</failure>
  </testcase>
  <testcase classname="com.topcoder.umltool.deploy.codegen.test.CTests" name="test73" time="0.0">
    <failure message="Test 73 faild. with signature:static const int AttributeForTest;" type="junit.framework.AssertionFailedError">junit.framework.AssertionFailedError: Test 73 faild. with signature:static const int AttributeForTest;
	at com.topcoder.umltool.deploy.codegen.test.CTests.checkSignature(CTests.java:86)
	at com.topcoder.umltool.deploy.codegen.test.CTests.test73(CTests.java:1066)
	at junit.extensions.TestDecorator.basicRun(TestDecorator.java:24)
	at junit.extensions.TestSetup$1.protect(TestSetup.java:21)
	at junit.extensions.TestSetup.run(TestSetup.java:25)
	at junit.extensions.TestDecorator.basicRun(TestDecorator.java:24)
	at junit.extensions.TestSetup$1.protect(TestSetup.java:21)
	at junit.extensions.TestSetup.run(TestSetup.java:25)
</failure>
  </testcase>
  <testcase classname="com.topcoder.umltool.deploy.codegen.test.CTests" name="test74" time="0.0020">
    <failure message="Test 74 faild. with signature:const int AttributeForTest;" type="junit.framework.AssertionFailedError">junit.framework.AssertionFailedError: Test 74 faild. with signature:const int AttributeForTest;
	at com.topcoder.umltool.deploy.codegen.test.CTests.checkSignature(CTests.java:86)
	at com.topcoder.umltool.deploy.codegen.test.CTests.test74(CTests.java:1079)
	at junit.extensions.TestDecorator.basicRun(TestDecorator.java:24)
	at junit.extensions.TestSetup$1.protect(TestSetup.java:21)
	at junit.extensions.TestSetup.run(TestSetup.java:25)
	at junit.extensions.TestDecorator.basicRun(TestDecorator.java:24)
	at junit.extensions.TestSetup$1.protect(TestSetup.java:21)
	at junit.extensions.TestSetup.run(TestSetup.java:25)
</failure>
  </testcase>
  <testcase classname="com.topcoder.umltool.deploy.codegen.test.CTests" name="test75" time="0.0010">
    <failure message="Test 75 faild. with signature:private static int AttributeForTest;" type="junit.framework.AssertionFailedError">junit.framework.AssertionFailedError: Test 75 faild. with signature:private static int AttributeForTest;
	at com.topcoder.umltool.deploy.codegen.test.CTests.checkSignature(CTests.java:86)
	at com.topcoder.umltool.deploy.codegen.test.CTests.test75(CTests.java:1093)
	at junit.extensions.TestDecorator.basicRun(TestDecorator.java:24)
	at junit.extensions.TestSetup$1.protect(TestSetup.java:21)
	at junit.extensions.TestSetup.run(TestSetup.java:25)
	at junit.extensions.TestDecorator.basicRun(TestDecorator.java:24)
	at junit.extensions.TestSetup$1.protect(TestSetup.java:21)
	at junit.extensions.TestSetup.run(TestSetup.java:25)
</failure>
  </testcase>
  <testcase classname="com.topcoder.umltool.deploy.codegen.test.CTests" name="test76" time="0.0010">
    <failure message="Test 76 faild. with signature:private int AttributeForTest;" type="junit.framework.AssertionFailedError">junit.framework.AssertionFailedError: Test 76 faild. with signature:private int AttributeForTest;
	at com.topcoder.umltool.deploy.codegen.test.CTests.checkSignature(CTests.java:86)
	at com.topcoder.umltool.deploy.codegen.test.CTests.test76(CTests.java:1107)
	at junit.extensions.TestDecorator.basicRun(TestDecorator.java:24)
	at junit.extensions.TestSetup$1.protect(TestSetup.java:21)
	at junit.extensions.TestSetup.run(TestSetup.java:25)
	at junit.extensions.TestDecorator.basicRun(TestDecorator.java:24)
	at junit.extensions.TestSetup$1.protect(TestSetup.java:21)
	at junit.extensions.TestSetup.run(TestSetup.java:25)
</failure>
  </testcase>
  <testcase classname="com.topcoder.umltool.deploy.codegen.test.CTests" name="test77" time="0.0010">
    <failure message="Test 77 faild. with signature:private static const int AttributeForTest;" type="junit.framework.AssertionFailedError">junit.framework.AssertionFailedError: Test 77 faild. with signature:private static const int AttributeForTest;
	at com.topcoder.umltool.deploy.codegen.test.CTests.checkSignature(CTests.java:86)
	at com.topcoder.umltool.deploy.codegen.test.CTests.test77(CTests.java:1120)
	at junit.extensions.TestDecorator.basicRun(TestDecorator.java:24)
	at junit.extensions.TestSetup$1.protect(TestSetup.java:21)
	at junit.extensions.TestSetup.run(TestSetup.java:25)
	at junit.extensions.TestDecorator.basicRun(TestDecorator.java:24)
	at junit.extensions.TestSetup$1.protect(TestSetup.java:21)
	at junit.extensions.TestSetup.run(TestSetup.java:25)
</failure>
  </testcase>
  <testcase classname="com.topcoder.umltool.deploy.codegen.test.CTests" name="test78" time="0.0010">
    <failure message="Test 78 faild. with signature:private const int AttributeForTest;" type="junit.framework.AssertionFailedError">junit.framework.AssertionFailedError: Test 78 faild. with signature:private const int AttributeForTest;
	at com.topcoder.umltool.deploy.codegen.test.CTests.checkSignature(CTests.java:86)
	at com.topcoder.umltool.deploy.codegen.test.CTests.test78(CTests.java:1133)
	at junit.extensions.TestDecorator.basicRun(TestDecorator.java:24)
	at junit.extensions.TestSetup$1.protect(TestSetup.java:21)
	at junit.extensions.TestSetup.run(TestSetup.java:25)
	at junit.extensions.TestDecorator.basicRun(TestDecorator.java:24)
	at junit.extensions.TestSetup$1.protect(TestSetup.java:21)
	at junit.extensions.TestSetup.run(TestSetup.java:25)
</failure>
  </testcase>
  <testcase classname="com.topcoder.umltool.deploy.codegen.test.CTests" name="test79" time="0.0010">
    <failure message="Test 79 faild. with signature:public int MethodForTest() {" type="junit.framework.AssertionFailedError">junit.framework.AssertionFailedError: Test 79 faild. with signature:public int MethodForTest() {
	at com.topcoder.umltool.deploy.codegen.test.CTests.checkSignatureWithBraces(CTests.java:67)
	at com.topcoder.umltool.deploy.codegen.test.CTests.test79(CTests.java:1146)
	at junit.extensions.TestDecorator.basicRun(TestDecorator.java:24)
	at junit.extensions.TestSetup$1.protect(TestSetup.java:21)
	at junit.extensions.TestSetup.run(TestSetup.java:25)
	at junit.extensions.TestDecorator.basicRun(TestDecorator.java:24)
	at junit.extensions.TestSetup$1.protect(TestSetup.java:21)
	at junit.extensions.TestSetup.run(TestSetup.java:25)
</failure>
  </testcase>
  <testcase classname="com.topcoder.umltool.deploy.codegen.test.CTests" name="test80" time="0.0010">
    <failure message="Test 80 faild. with signature:protected int MethodForTest() {" type="junit.framework.AssertionFailedError">junit.framework.AssertionFailedError: Test 80 faild. with signature:protected int MethodForTest() {
	at com.topcoder.umltool.deploy.codegen.test.CTests.checkSignatureWithBraces(CTests.java:67)
	at com.topcoder.umltool.deploy.codegen.test.CTests.test80(CTests.java:1159)
	at junit.extensions.TestDecorator.basicRun(TestDecorator.java:24)
	at junit.extensions.TestSetup$1.protect(TestSetup.java:21)
	at junit.extensions.TestSetup.run(TestSetup.java:25)
	at junit.extensions.TestDecorator.basicRun(TestDecorator.java:24)
	at junit.extensions.TestSetup$1.protect(TestSetup.java:21)
	at junit.extensions.TestSetup.run(TestSetup.java:25)
</failure>
  </testcase>
  <testcase classname="com.topcoder.umltool.deploy.codegen.test.CTests" name="test81" time="0.0010">
    <failure message="Test 81 faild. with signature:int MethodForTest() {" type="junit.framework.AssertionFailedError">junit.framework.AssertionFailedError: Test 81 faild. with signature:int MethodForTest() {
	at com.topcoder.umltool.deploy.codegen.test.CTests.checkSignatureWithBraces(CTests.java:67)
	at com.topcoder.umltool.deploy.codegen.test.CTests.test81(CTests.java:1172)
	at junit.extensions.TestDecorator.basicRun(TestDecorator.java:24)
	at junit.extensions.TestSetup$1.protect(TestSetup.java:21)
	at junit.extensions.TestSetup.run(TestSetup.java:25)
	at junit.extensions.TestDecorator.basicRun(TestDecorator.java:24)
	at junit.extensions.TestSetup$1.protect(TestSetup.java:21)
	at junit.extensions.TestSetup.run(TestSetup.java:25)
</failure>
  </testcase>
  <testcase classname="com.topcoder.umltool.deploy.codegen.test.CTests" name="test82" time="0.0010">
    <failure message="Test 82 faild. with signature:private int MethodForTest() {" type="junit.framework.AssertionFailedError">junit.framework.AssertionFailedError: Test 82 faild. with signature:private int MethodForTest() {
	at com.topcoder.umltool.deploy.codegen.test.CTests.checkSignatureWithBraces(CTests.java:67)
	at com.topcoder.umltool.deploy.codegen.test.CTests.test82(CTests.java:1185)
	at junit.extensions.TestDecorator.basicRun(TestDecorator.java:24)
	at junit.extensions.TestSetup$1.protect(TestSetup.java:21)
	at junit.extensions.TestSetup.run(TestSetup.java:25)
	at junit.extensions.TestDecorator.basicRun(TestDecorator.java:24)
	at junit.extensions.TestSetup$1.protect(TestSetup.java:21)
	at junit.extensions.TestSetup.run(TestSetup.java:25)
</failure>
  </testcase>
  <testcase classname="com.topcoder.umltool.deploy.codegen.test.CTests" name="test83" time="0.0">
    <failure message="Test 83 faild. with signature:public abstract int MethodForTest();" type="junit.framework.AssertionFailedError">junit.framework.AssertionFailedError: Test 83 faild. with signature:public abstract int MethodForTest();
	at com.topcoder.umltool.deploy.codegen.test.CTests.checkSignatureWithBraces(CTests.java:67)
	at com.topcoder.umltool.deploy.codegen.test.CTests.test83(CTests.java:1198)
	at junit.extensions.TestDecorator.basicRun(TestDecorator.java:24)
	at junit.extensions.TestSetup$1.protect(TestSetup.java:21)
	at junit.extensions.TestSetup.run(TestSetup.java:25)
	at junit.extensions.TestDecorator.basicRun(TestDecorator.java:24)
	at junit.extensions.TestSetup$1.protect(TestSetup.java:21)
	at junit.extensions.TestSetup.run(TestSetup.java:25)
</failure>
  </testcase>
  <testcase classname="com.topcoder.umltool.deploy.codegen.test.CTests" name="test84" time="0.0010">
    <failure message="Test 84 faild. with signature:protected abstract int MethodForTest();" type="junit.framework.AssertionFailedError">junit.framework.AssertionFailedError: Test 84 faild. with signature:protected abstract int MethodForTest();
	at com.topcoder.umltool.deploy.codegen.test.CTests.checkSignatureWithBraces(CTests.java:67)
	at com.topcoder.umltool.deploy.codegen.test.CTests.test84(CTests.java:1211)
	at junit.extensions.TestDecorator.basicRun(TestDecorator.java:24)
	at junit.extensions.TestSetup$1.protect(TestSetup.java:21)
	at junit.extensions.TestSetup.run(TestSetup.java:25)
	at junit.extensions.TestDecorator.basicRun(TestDecorator.java:24)
	at junit.extensions.TestSetup$1.protect(TestSetup.java:21)
	at junit.extensions.TestSetup.run(TestSetup.java:25)
</failure>
  </testcase>
  <testcase classname="com.topcoder.umltool.deploy.codegen.test.CTests" name="test85" time="0.0020">
    <failure message="Test 85 faild. with signature:abstract int MethodForTest();" type="junit.framework.AssertionFailedError">junit.framework.AssertionFailedError: Test 85 faild. with signature:abstract int MethodForTest();
	at com.topcoder.umltool.deploy.codegen.test.CTests.checkSignatureWithBraces(CTests.java:67)
	at com.topcoder.umltool.deploy.codegen.test.CTests.test85(CTests.java:1224)
	at junit.extensions.TestDecorator.basicRun(TestDecorator.java:24)
	at junit.extensions.TestSetup$1.protect(TestSetup.java:21)
	at junit.extensions.TestSetup.run(TestSetup.java:25)
	at junit.extensions.TestDecorator.basicRun(TestDecorator.java:24)
	at junit.extensions.TestSetup$1.protect(TestSetup.java:21)
	at junit.extensions.TestSetup.run(TestSetup.java:25)
</failure>
  </testcase>
  <testcase classname="com.topcoder.umltool.deploy.codegen.test.CTests" name="test86" time="0.0010">
    <failure message="Test 86 faild. with signature:private abstract int MethodForTest();" type="junit.framework.AssertionFailedError">junit.framework.AssertionFailedError: Test 86 faild. with signature:private abstract int MethodForTest();
	at com.topcoder.umltool.deploy.codegen.test.CTests.checkSignatureWithBraces(CTests.java:67)
	at com.topcoder.umltool.deploy.codegen.test.CTests.test86(CTests.java:1237)
	at junit.extensions.TestDecorator.basicRun(TestDecorator.java:24)
	at junit.extensions.TestSetup$1.protect(TestSetup.java:21)
	at junit.extensions.TestSetup.run(TestSetup.java:25)
	at junit.extensions.TestDecorator.basicRun(TestDecorator.java:24)
	at junit.extensions.TestSetup$1.protect(TestSetup.java:21)
	at junit.extensions.TestSetup.run(TestSetup.java:25)
</failure>
  </testcase>
  <testcase classname="com.topcoder.umltool.deploy.codegen.test.CTests" name="test87" time="0.0020">
    <failure message="Test 87 faild. with signature:public sealed int MethodForTest() {" type="junit.framework.AssertionFailedError">junit.framework.AssertionFailedError: Test 87 faild. with signature:public sealed int MethodForTest() {
	at com.topcoder.umltool.deploy.codegen.test.CTests.checkSignatureWithBraces(CTests.java:67)
	at com.topcoder.umltool.deploy.codegen.test.CTests.test87(CTests.java:1250)
	at junit.extensions.TestDecorator.basicRun(TestDecorator.java:24)
	at junit.extensions.TestSetup$1.protect(TestSetup.java:21)
	at junit.extensions.TestSetup.run(TestSetup.java:25)
	at junit.extensions.TestDecorator.basicRun(TestDecorator.java:24)
	at junit.extensions.TestSetup$1.protect(TestSetup.java:21)
	at junit.extensions.TestSetup.run(TestSetup.java:25)
</failure>
  </testcase>
  <testcase classname="com.topcoder.umltool.deploy.codegen.test.CTests" name="test88" time="0.0">
    <failure message="Test 88 faild. with signature:protected sealed int MethodForTest() {" type="junit.framework.AssertionFailedError">junit.framework.AssertionFailedError: Test 88 faild. with signature:protected sealed int MethodForTest() {
	at com.topcoder.umltool.deploy.codegen.test.CTests.checkSignatureWithBraces(CTests.java:67)
	at com.topcoder.umltool.deploy.codegen.test.CTests.test88(CTests.java:1263)
	at junit.extensions.TestDecorator.basicRun(TestDecorator.java:24)
	at junit.extensions.TestSetup$1.protect(TestSetup.java:21)
	at junit.extensions.TestSetup.run(TestSetup.java:25)
	at junit.extensions.TestDecorator.basicRun(TestDecorator.java:24)
	at junit.extensions.TestSetup$1.protect(TestSetup.java:21)
	at junit.extensions.TestSetup.run(TestSetup.java:25)
</failure>
  </testcase>
  <testcase classname="com.topcoder.umltool.deploy.codegen.test.CTests" name="test89" time="0.0020">
    <failure message="Test 89 faild. with signature:sealed int MethodForTest() {" type="junit.framework.AssertionFailedError">junit.framework.AssertionFailedError: Test 89 faild. with signature:sealed int MethodForTest() {
	at com.topcoder.umltool.deploy.codegen.test.CTests.checkSignatureWithBraces(CTests.java:67)
	at com.topcoder.umltool.deploy.codegen.test.CTests.test89(CTests.java:1276)
	at junit.extensions.TestDecorator.basicRun(TestDecorator.java:24)
	at junit.extensions.TestSetup$1.protect(TestSetup.java:21)
	at junit.extensions.TestSetup.run(TestSetup.java:25)
	at junit.extensions.TestDecorator.basicRun(TestDecorator.java:24)
	at junit.extensions.TestSetup$1.protect(TestSetup.java:21)
	at junit.extensions.TestSetup.run(TestSetup.java:25)
</failure>
  </testcase>
  <testcase classname="com.topcoder.umltool.deploy.codegen.test.CTests" name="test90" time="0.0010">
    <failure message="Test 90 faild. with signature:private sealed int MethodForTest() {" type="junit.framework.AssertionFailedError">junit.framework.AssertionFailedError: Test 90 faild. with signature:private sealed int MethodForTest() {
	at com.topcoder.umltool.deploy.codegen.test.CTests.checkSignatureWithBraces(CTests.java:67)
	at com.topcoder.umltool.deploy.codegen.test.CTests.test90(CTests.java:1289)
	at junit.extensions.TestDecorator.basicRun(TestDecorator.java:24)
	at junit.extensions.TestSetup$1.protect(TestSetup.java:21)
	at junit.extensions.TestSetup.run(TestSetup.java:25)
	at junit.extensions.TestDecorator.basicRun(TestDecorator.java:24)
	at junit.extensions.TestSetup$1.protect(TestSetup.java:21)
	at junit.extensions.TestSetup.run(TestSetup.java:25)
</failure>
  </testcase>
  <testcase classname="com.topcoder.umltool.deploy.codegen.test.CTests" name="test91" time="0.0010">
    <failure message="Test 91 faild. with signature:public static int MethodForTest() {" type="junit.framework.AssertionFailedError">junit.framework.AssertionFailedError: Test 91 faild. with signature:public static int MethodForTest() {
	at com.topcoder.umltool.deploy.codegen.test.CTests.checkSignatureWithBraces(CTests.java:67)
	at com.topcoder.umltool.deploy.codegen.test.CTests.test91(CTests.java:1302)
	at junit.extensions.TestDecorator.basicRun(TestDecorator.java:24)
	at junit.extensions.TestSetup$1.protect(TestSetup.java:21)
	at junit.extensions.TestSetup.run(TestSetup.java:25)
	at junit.extensions.TestDecorator.basicRun(TestDecorator.java:24)
	at junit.extensions.TestSetup$1.protect(TestSetup.java:21)
	at junit.extensions.TestSetup.run(TestSetup.java:25)
</failure>
  </testcase>
  <testcase classname="com.topcoder.umltool.deploy.codegen.test.CTests" name="test92" time="0.0010">
    <failure message="Test 92 faild. with signature:protected static int MethodForTest() {" type="junit.framework.AssertionFailedError">junit.framework.AssertionFailedError: Test 92 faild. with signature:protected static int MethodForTest() {
	at com.topcoder.umltool.deploy.codegen.test.CTests.checkSignatureWithBraces(CTests.java:67)
	at com.topcoder.umltool.deploy.codegen.test.CTests.test92(CTests.java:1315)
	at junit.extensions.TestDecorator.basicRun(TestDecorator.java:24)
	at junit.extensions.TestSetup$1.protect(TestSetup.java:21)
	at junit.extensions.TestSetup.run(TestSetup.java:25)
	at junit.extensions.TestDecorator.basicRun(TestDecorator.java:24)
	at junit.extensions.TestSetup$1.protect(TestSetup.java:21)
	at junit.extensions.TestSetup.run(TestSetup.java:25)
</failure>
  </testcase>
[...]
	at com.sun.org.apache.xerces.internal.parsers.XML11Configuration.parse(XML11Configuration.java:737)
	at com.sun.org.apache.xerces.internal.parsers.XMLParser.parse(XMLParser.java:119)
	at com.sun.org.apache.xerces.internal.parsers.AbstractSAXParser.parse(AbstractSAXParser.java:1205)
	at com.sun.org.apache.xerces.internal.jaxp.SAXParserImpl$JAXPSAXParser.parse(SAXParserImpl.java:522)
	at javax.xml.parsers.SAXParser.parse(SAXParser.java:395)
	at swingunit.framework.Scenario.read(Scenario.java:352)
	at swingunit.framework.Scenario.read(Scenario.java:310)
	at com.topcoder.umltool.deploy.codegen.test.JavaTests.testNScenario(JavaTests.java:1691)
	at com.topcoder.umltool.deploy.codegen.test.JavaTests.test128(JavaTests.java:1601)
	at junit.extensions.TestDecorator.basicRun(TestDecorator.java:24)
	at junit.extensions.TestSetup$1.protect(TestSetup.java:21)
	at junit.extensions.TestSetup.run(TestSetup.java:25)
	at junit.extensions.TestDecorator.basicRun(TestDecorator.java:24)
	at junit.extensions.TestSetup$1.protect(TestSetup.java:21)
	at junit.extensions.TestSetup.run(TestSetup.java:25)
</error>
  </testcase>
  <testcase classname="com.topcoder.umltool.deploy.codegen.test.JavaTests" name="test129" time="0.0020">
    <error message="\Users\nanda\Documents\TopCoder\workspace-tcuml\UMLToolFrontend\test_files\SwingUnitScript\JavaTest.xml (系统找不到指定的路径。)" type="java.io.FileNotFoundException">java.io.FileNotFoundException: \Users\nanda\Documents\TopCoder\workspace-tcuml\UMLToolFrontend\test_files\SwingUnitScript\JavaTest.xml (系统找不到指定的路径。)
	at java.io.FileInputStream.open(Native Method)
	at java.io.FileInputStream.&lt;init&gt;(FileInputStream.java:120)
	at java.io.FileInputStream.&lt;init&gt;(FileInputStream.java:79)
	at sun.net.www.protocol.file.FileURLConnection.connect(FileURLConnection.java:70)
	at sun.net.www.protocol.file.FileURLConnection.getInputStream(FileURLConnection.java:161)
	at com.sun.org.apache.xerces.internal.impl.XMLEntityManager.setupCurrentEntity(XMLEntityManager.java:652)
	at com.sun.org.apache.xerces.internal.impl.XMLVersionDetector.determineDocVersion(XMLVersionDetector.java:186)
	at com.sun.org.apache.xerces.internal.parsers.XML11Configuration.parse(XML11Configuration.java:772)
	at com.sun.org.apache.xerces.internal.parsers.XML11Configuration.parse(XML11Configuration.java:737)
	at com.sun.org.apache.xerces.internal.parsers.XMLParser.parse(XMLParser.java:119)
	at com.sun.org.apache.xerces.internal.parsers.AbstractSAXParser.parse(AbstractSAXParser.java:1205)
	at com.sun.org.apache.xerces.internal.jaxp.SAXParserImpl$JAXPSAXParser.parse(SAXParserImpl.java:522)
	at javax.xml.parsers.SAXParser.parse(SAXParser.java:395)
	at swingunit.framework.Scenario.read(Scenario.java:352)
	at swingunit.framework.Scenario.read(Scenario.java:310)
	at com.topcoder.umltool.deploy.codegen.test.JavaTests.testNScenario(JavaTests.java:1691)
	at com.topcoder.umltool.deploy.codegen.test.JavaTests.test129(JavaTests.java:1613)
	at junit.extensions.TestDecorator.basicRun(TestDecorator.java:24)
	at junit.extensions.TestSetup$1.protect(TestSetup.java:21)
	at junit.extensions.TestSetup.run(TestSetup.java:25)
	at junit.extensions.TestDecorator.basicRun(TestDecorator.java:24)
	at junit.extensions.TestSetup$1.protect(TestSetup.java:21)
	at junit.extensions.TestSetup.run(TestSetup.java:25)
</error>
  </testcase>
  <testcase classname="com.topcoder.umltool.deploy.codegen.test.JavaTests" name="test130" time="0.0010">
    <failure message="130" type="junit.framework.AssertionFailedError">junit.framework.AssertionFailedError: 130
	at com.topcoder.umltool.deploy.codegen.test.JavaTests.test130(JavaTests.java:1628)
	at junit.extensions.TestDecorator.basicRun(TestDecorator.java:24)
	at junit.extensions.TestSetup$1.protect(TestSetup.java:21)
	at junit.extensions.TestSetup.run(TestSetup.java:25)
	at junit.extensions.TestDecorator.basicRun(TestDecorator.java:24)
	at junit.extensions.TestSetup$1.protect(TestSetup.java:21)
	at junit.extensions.TestSetup.run(TestSetup.java:25)
</failure>
  </testcase>
  <testcase classname="com.topcoder.umltool.deploy.codegen.test.JavaTests" name="test132" time="0.0">
    <failure message="132" type="junit.framework.AssertionFailedError">junit.framework.AssertionFailedError: 132
	at com.topcoder.umltool.deploy.codegen.test.JavaTests.test132(JavaTests.java:1643)
	at junit.extensions.TestDecorator.basicRun(TestDecorator.java:24)
	at junit.extensions.TestSetup$1.protect(TestSetup.java:21)
	at junit.extensions.TestSetup.run(TestSetup.java:25)
	at junit.extensions.TestDecorator.basicRun(TestDecorator.java:24)
	at junit.extensions.TestSetup$1.protect(TestSetup.java:21)
	at junit.extensions.TestSetup.run(TestSetup.java:25)
</failure>
  </testcase>
  <testcase classname="com.topcoder.umltool.deploy.codegen.test.JavaTests" name="test133" time="0.0010">
    <failure message="133" type="junit.framework.AssertionFailedError">junit.framework.AssertionFailedError: 133
	at com.topcoder.umltool.deploy.codegen.test.JavaTests.test133(JavaTests.java:1658)
	at junit.extensions.TestDecorator.basicRun(TestDecorator.java:24)
	at junit.extensions.TestSetup$1.protect(TestSetup.java:21)
	at junit.extensions.TestSetup.run(TestSetup.java:25)
	at junit.extensions.TestDecorator.basicRun(TestDecorator.java:24)
	at junit.extensions.TestSetup$1.protect(TestSetup.java:21)
	at junit.extensions.TestSetup.run(TestSetup.java:25)
</failure>
  </testcase>
  <testcase classname="com.topcoder.umltool.deploy.codegen.test.JavaTests" name="test134" time="0.0010">
    <failure message="134" type="junit.framework.AssertionFailedError">junit.framework.AssertionFailedError: 134
	at com.topcoder.umltool.deploy.codegen.test.JavaTests.test134(JavaTests.java:1673)
	at junit.extensions.TestDecorator.basicRun(TestDecorator.java:24)
	at junit.extensions.TestSetup$1.protect(TestSetup.java:21)
	at junit.extensions.TestSetup.run(TestSetup.java:25)
	at junit.extensions.TestDecorator.basicRun(TestDecorator.java:24)
	at junit.extensions.TestSetup$1.protect(TestSetup.java:21)
	at junit.extensions.TestSetup.run(TestSetup.java:25)
</failure>
  </testcase>
  <testcase classname="com.topcoder.umltool.deploy.codegen.test.JavaTests" name="test35" time="0.0">
    <failure message="Test 34 failed. with signature:protected class EnityClass {" type="junit.framework.AssertionFailedError">junit.framework.AssertionFailedError: Test 34 failed. with signature:protected class EnityClass {
	at com.topcoder.umltool.deploy.codegen.test.JavaTests.checkSignatureWithBraces(JavaTests.java:1725)
	at com.topcoder.umltool.deploy.codegen.test.JavaTests.test35(JavaTests.java:516)
	at junit.extensions.TestDecorator.basicRun(TestDecorator.java:24)
	at junit.extensions.TestSetup$1.protect(TestSetup.java:21)
	at junit.extensions.TestSetup.run(TestSetup.java:25)
	at junit.extensions.TestDecorator.basicRun(TestDecorator.java:24)
	at junit.extensions.TestSetup$1.protect(TestSetup.java:21)
	at junit.extensions.TestSetup.run(TestSetup.java:25)
</failure>
  </testcase>
  <testcase classname="com.topcoder.umltool.deploy.codegen.test.JavaTests" name="test119" time="0.0030">
    <error message="\Users\nanda\Documents\TopCoder\workspace-tcuml\UMLToolFrontend\test_files\SwingUnitScript\JavaTest.xml (系统找不到指定的路径。)" type="java.io.FileNotFoundException">java.io.FileNotFoundException: \Users\nanda\Documents\TopCoder\workspace-tcuml\UMLToolFrontend\test_files\SwingUnitScript\JavaTest.xml (系统找不到指定的路径。)
	at java.io.FileInputStream.open(Native Method)
	at java.io.FileInputStream.&lt;init&gt;(FileInputStream.java:120)
	at java.io.FileInputStream.&lt;init&gt;(FileInputStream.java:79)
	at sun.net.www.protocol.file.FileURLConnection.connect(FileURLConnection.java:70)
	at sun.net.www.protocol.file.FileURLConnection.getInputStream(FileURLConnection.java:161)
	at com.sun.org.apache.xerces.internal.impl.XMLEntityManager.setupCurrentEntity(XMLEntityManager.java:652)
	at com.sun.org.apache.xerces.internal.impl.XMLVersionDetector.determineDocVersion(XMLVersionDetector.java:186)
	at com.sun.org.apache.xerces.internal.parsers.XML11Configuration.parse(XML11Configuration.java:772)
	at com.sun.org.apache.xerces.internal.parsers.XML11Configuration.parse(XML11Configuration.java:737)
	at com.sun.org.apache.xerces.internal.parsers.XMLParser.parse(XMLParser.java:119)
	at com.sun.org.apache.xerces.internal.parsers.AbstractSAXParser.parse(AbstractSAXParser.java:1205)
	at com.sun.org.apache.xerces.internal.jaxp.SAXParserImpl$JAXPSAXParser.parse(SAXParserImpl.java:522)
	at javax.xml.parsers.SAXParser.parse(SAXParser.java:395)
	at swingunit.framework.Scenario.read(Scenario.java:352)
	at swingunit.framework.Scenario.read(Scenario.java:310)
	at com.topcoder.umltool.deploy.codegen.test.JavaTests.testNScenario(JavaTests.java:1691)
	at com.topcoder.umltool.deploy.codegen.test.JavaTests.test119(JavaTests.java:1491)
	at junit.extensions.TestDecorator.basicRun(TestDecorator.java:24)
	at junit.extensions.TestSetup$1.protect(TestSetup.java:21)
	at junit.extensions.TestSetup.run(TestSetup.java:25)
	at junit.extensions.TestDecorator.basicRun(TestDecorator.java:24)
	at junit.extensions.TestSetup$1.protect(TestSetup.java:21)
	at junit.extensions.TestSetup.run(TestSetup.java:25)
</error>
  </testcase>
  <testcase classname="com.topcoder.umltool.deploy.codegen.test.CodeGenGUITests" name="test1" time="0.0020">
    <error message="\Users\nanda\Documents\TopCoder\workspace-tcuml\UMLToolFrontend\test_files\SwingUnitScript\GUITest.xml (系统找不到指定的路径。)" type="java.io.FileNotFoundException">java.io.FileNotFoundException: \Users\nanda\Documents\TopCoder\workspace-tcuml\UMLToolFrontend\test_files\SwingUnitScript\GUITest.xml (系统找不到指定的路径。)
	at java.io.FileInputStream.open(Native Method)
	at java.io.FileInputStream.&lt;init&gt;(FileInputStream.java:120)
	at java.io.FileInputStream.&lt;init&gt;(FileInputStream.java:79)
	at sun.net.www.protocol.file.FileURLConnection.connect(FileURLConnection.java:70)
	at sun.net.www.protocol.file.FileURLConnection.getInputStream(FileURLConnection.java:161)
	at com.sun.org.apache.xerces.internal.impl.XMLEntityManager.setupCurrentEntity(XMLEntityManager.java:652)
	at com.sun.org.apache.xerces.internal.impl.XMLVersionDetector.determineDocVersion(XMLVersionDetector.java:186)
	at com.sun.org.apache.xerces.internal.parsers.XML11Configuration.parse(XML11Configuration.java:772)
	at com.sun.org.apache.xerces.internal.parsers.XML11Configuration.parse(XML11Configuration.java:737)
	at com.sun.org.apache.xerces.internal.parsers.XMLParser.parse(XMLParser.java:119)
	at com.sun.org.apache.xerces.internal.parsers.AbstractSAXParser.parse(AbstractSAXParser.java:1205)
	at com.sun.org.apache.xerces.internal.jaxp.SAXParserImpl$JAXPSAXParser.parse(SAXParserImpl.java:522)
	at javax.xml.parsers.SAXParser.parse(SAXParser.java:395)
	at swingunit.framework.Scenario.read(Scenario.java:352)
	at swingunit.framework.Scenario.read(Scenario.java:310)
	at com.topcoder.umltool.deploy.codegen.test.CodeGenGUITests.testNScenario(CodeGenGUITests.java:89)
	at com.topcoder.umltool.deploy.codegen.test.CodeGenGUITests.test1(CodeGenGUITests.java:38)
	at junit.extensions.TestDecorator.basicRun(TestDecorator.java:24)
	at junit.extensions.TestSetup$1.protect(TestSetup.java:21)
	at junit.extensions.TestSetup.run(TestSetup.java:25)
</error>
  </testcase>
  <testcase classname="com.topcoder.umltool.deploy.codegen.test.CodeGenGUITests" name="test2" time="0.0020">
    <error message="\Users\nanda\Documents\TopCoder\workspace-tcuml\UMLToolFrontend\test_files\SwingUnitScript\GUITest.xml (系统找不到指定的路径。)" type="java.io.FileNotFoundException">java.io.FileNotFoundException: \Users\nanda\Documents\TopCoder\workspace-tcuml\UMLToolFrontend\test_files\SwingUnitScript\GUITest.xml (系统找不到指定的路径。)
	at java.io.FileInputStream.open(Native Method)
	at java.io.FileInputStream.&lt;init&gt;(FileInputStream.java:120)
	at java.io.FileInputStream.&lt;init&gt;(FileInputStream.java:79)
	at sun.net.www.protocol.file.FileURLConnection.connect(FileURLConnection.java:70)
	at sun.net.www.protocol.file.FileURLConnection.getInputStream(FileURLConnection.java:161)
	at com.sun.org.apache.xerces.internal.impl.XMLEntityManager.setupCurrentEntity(XMLEntityManager.java:652)
	at com.sun.org.apache.xerces.internal.impl.XMLVersionDetector.determineDocVersion(XMLVersionDetector.java:186)
	at com.sun.org.apache.xerces.internal.parsers.XML11Configuration.parse(XML11Configuration.java:772)
	at com.sun.org.apache.xerces.internal.parsers.XML11Configuration.parse(XML11Configuration.java:737)
	at com.sun.org.apache.xerces.internal.parsers.XMLParser.parse(XMLParser.java:119)
	at com.sun.org.apache.xerces.internal.parsers.AbstractSAXParser.parse(AbstractSAXParser.java:1205)
	at com.sun.org.apache.xerces.internal.jaxp.SAXParserImpl$JAXPSAXParser.parse(SAXParserImpl.java:522)
	at javax.xml.parsers.SAXParser.parse(SAXParser.java:395)
	at swingunit.framework.Scenario.read(Scenario.java:352)
	at swingunit.framework.Scenario.read(Scenario.java:310)
	at com.topcoder.umltool.deploy.codegen.test.CodeGenGUITests.testNScenario(CodeGenGUITests.java:89)
	at com.topcoder.umltool.deploy.codegen.test.CodeGenGUITests.test2(CodeGenGUITests.java:49)
	at junit.extensions.TestDecorator.basicRun(TestDecorator.java:24)
	at junit.extensions.TestSetup$1.protect(TestSetup.java:21)
	at junit.extensions.TestSetup.run(TestSetup.java:25)
</error>
  </testcase>
  <testcase classname="com.topcoder.umltool.deploy.codegen.test.CodeGenGUITests" name="test3" time="0.0020">
    <error message="\Users\nanda\Documents\TopCoder\workspace-tcuml\UMLToolFrontend\test_files\SwingUnitScript\GUITest.xml (系统找不到指定的路径。)" type="java.io.FileNotFoundException">java.io.FileNotFoundException: \Users\nanda\Documents\TopCoder\workspace-tcuml\UMLToolFrontend\test_files\SwingUnitScript\GUITest.xml (系统找不到指定的路径。)
	at java.io.FileInputStream.open(Native Method)
	at java.io.FileInputStream.&lt;init&gt;(FileInputStream.java:120)
	at java.io.FileInputStream.&lt;init&gt;(FileInputStream.java:79)
	at sun.net.www.protocol.file.FileURLConnection.connect(FileURLConnection.java:70)
	at sun.net.www.protocol.file.FileURLConnection.getInputStream(FileURLConnection.java:161)
	at com.sun.org.apache.xerces.internal.impl.XMLEntityManager.setupCurrentEntity(XMLEntityManager.java:652)
	at com.sun.org.apache.xerces.internal.impl.XMLVersionDetector.determineDocVersion(XMLVersionDetector.java:186)
	at com.sun.org.apache.xerces.internal.parsers.XML11Configuration.parse(XML11Configuration.java:772)
	at com.sun.org.apache.xerces.internal.parsers.XML11Configuration.parse(XML11Configuration.java:737)
	at com.sun.org.apache.xerces.internal.parsers.XMLParser.parse(XMLParser.java:119)
	at com.sun.org.apache.xerces.internal.parsers.AbstractSAXParser.parse(AbstractSAXParser.java:1205)
	at com.sun.org.apache.xerces.internal.jaxp.SAXParserImpl$JAXPSAXParser.parse(SAXParserImpl.java:522)
	at javax.xml.parsers.SAXParser.parse(SAXParser.java:395)
	at swingunit.framework.Scenario.read(Scenario.java:352)
	at swingunit.framework.Scenario.read(Scenario.java:310)
	at com.topcoder.umltool.deploy.codegen.test.CodeGenGUITests.testNScenario(CodeGenGUITests.java:89)
	at com.topcoder.umltool.deploy.codegen.test.CodeGenGUITests.test3(CodeGenGUITests.java:60)
	at junit.extensions.TestDecorator.basicRun(TestDecorator.java:24)
	at junit.extensions.TestSetup$1.protect(TestSetup.java:21)
	at junit.extensions.TestSetup.run(TestSetup.java:25)
</error>
  </testcase>
  <testcase classname="com.topcoder.umltool.deploy.codegen.test.CodeGenGUITests" name="test4" time="0.0020">
    <error message="\Users\nanda\Documents\TopCoder\workspace-tcuml\UMLToolFrontend\test_files\SwingUnitScript\GUITest.xml (系统找不到指定的路径。)" type="java.io.FileNotFoundException">java.io.FileNotFoundException: \Users\nanda\Documents\TopCoder\workspace-tcuml\UMLToolFrontend\test_files\SwingUnitScript\GUITest.xml (系统找不到指定的路径。)
	at java.io.FileInputStream.open(Native Method)
	at java.io.FileInputStream.&lt;init&gt;(FileInputStream.java:120)
	at java.io.FileInputStream.&lt;init&gt;(FileInputStream.java:79)
	at sun.net.www.protocol.file.FileURLConnection.connect(FileURLConnection.java:70)
	at sun.net.www.protocol.file.FileURLConnection.getInputStream(FileURLConnection.java:161)
	at com.sun.org.apache.xerces.internal.impl.XMLEntityManager.setupCurrentEntity(XMLEntityManager.java:652)
	at com.sun.org.apache.xerces.internal.impl.XMLVersionDetector.determineDocVersion(XMLVersionDetector.java:186)
	at com.sun.org.apache.xerces.internal.parsers.XML11Configuration.parse(XML11Configuration.java:772)
	at com.sun.org.apache.xerces.internal.parsers.XML11Configuration.parse(XML11Configuration.java:737)
	at com.sun.org.apache.xerces.internal.parsers.XMLParser.parse(XMLParser.java:119)
	at com.sun.org.apache.xerces.internal.parsers.AbstractSAXParser.parse(AbstractSAXParser.java:1205)
	at com.sun.org.apache.xerces.internal.jaxp.SAXParserImpl$JAXPSAXParser.parse(SAXParserImpl.java:522)
	at javax.xml.parsers.SAXParser.parse(SAXParser.java:395)
	at swingunit.framework.Scenario.read(Scenario.java:352)
	at swingunit.framework.Scenario.read(Scenario.java:310)
	at com.topcoder.umltool.deploy.codegen.test.CodeGenGUITests.testNScenario(CodeGenGUITests.java:89)
	at com.topcoder.umltool.deploy.codegen.test.CodeGenGUITests.test4(CodeGenGUITests.java:72)
	at junit.extensions.TestDecorator.basicRun(TestDecorator.java:24)
	at junit.extensions.TestSetup$1.protect(TestSetup.java:21)
	at junit.extensions.TestSetup.run(TestSetup.java:25)
</error>
  </testcase>
  <system-out><![CDATA[]]></system-out>
  <system-err><![CDATA[java.io.FileNotFoundException: \Users\nanda\Documents\TopCoder\workspace-tcuml\UMLToolFrontend\test_files\SwingUnitScript\GenerateCode.xml (系统找不到指定的路径。)
	at java.io.FileInputStream.open(Native Method)
	at java.io.FileInputStream.<init>(FileInputStream.java:120)
	at java.io.FileInputStream.<init>(FileInputStream.java:79)
	at sun.net.www.protocol.file.FileURLConnection.connect(FileURLConnection.java:70)
	at sun.net.www.protocol.file.FileURLConnection.getInputStream(FileURLConnection.java:161)
	at com.sun.org.apache.xerces.internal.impl.XMLEntityManager.setupCurrentEntity(XMLEntityManager.java:652)
	at com.sun.org.apache.xerces.internal.impl.XMLVersionDetector.determineDocVersion(XMLVersionDetector.java:186)
	at com.sun.org.apache.xerces.internal.parsers.XML11Configuration.parse(XML11Configuration.java:772)
	at com.sun.org.apache.xerces.internal.parsers.XML11Configuration.parse(XML11Configuration.java:737)
	at com.sun.org.apache.xerces.internal.parsers.XMLParser.parse(XMLParser.java:119)
	at com.sun.org.apache.xerces.internal.parsers.AbstractSAXParser.parse(AbstractSAXParser.java:1205)
	at com.sun.org.apache.xerces.internal.jaxp.SAXParserImpl$JAXPSAXParser.parse(SAXParserImpl.java:522)
	at javax.xml.parsers.SAXParser.parse(SAXParser.java:395)
	at swingunit.framework.Scenario.read(Scenario.java:352)
	at swingunit.framework.Scenario.read(Scenario.java:310)
	at com.topcoder.umltool.deploy.codegen.test.FunctionalTests$1.setUp(FunctionalTests.java:42)
	at junit.extensions.TestSetup$1.protect(TestSetup.java:20)
	at junit.framework.TestResult.runProtected(TestResult.java:124)
	at junit.extensions.TestSetup.run(TestSetup.java:25)
	at junit.framework.TestSuite.runTest(TestSuite.java:230)
	at junit.framework.TestSuite.run(TestSuite.java:225)
	at junit.extensions.TestDecorator.basicRun(TestDecorator.java:24)
	at junit.extensions.TestSetup$1.protect(TestSetup.java:21)
	at junit.framework.TestResult.runProtected(TestResult.java:124)
	at junit.extensions.TestSetup.run(TestSetup.java:25)
	at junit.framework.TestSuite.runTest(TestSuite.java:230)
	at junit.framework.TestSuite.run(TestSuite.java:225)
	at org.apache.tools.ant.taskdefs.optional.junit.JUnitTestRunner.run(JUnitTestRunner.java:420)
	at org.apache.tools.ant.taskdefs.optional.junit.JUnitTestRunner.launch(JUnitTestRunner.java:911)
	at org.apache.tools.ant.taskdefs.optional.junit.JUnitTestRunner.main(JUnitTestRunner.java:768)
]]></system-err>
</testsuite>
